2022-12-02 12:18:21.8198 Info Message Template Auto Format enabled
2022-12-02 12:18:21.9117 Info Registered target FileTarget(Name=logfile)
2022-12-02 12:18:21.9117 Info Registered target ConsoleTarget(Name=logconsole)
2022-12-02 12:18:21.9352 Info Validating config: TargetNames=logfile, logconsole, ConfigItems=27, FilePath=C:\Users\fdkir\OneDrive\Рабочий стол\Диплом\Project\ChatbotConstructorTelegram\ChatbotConstructorTelegram\bin\Debug\net6.0-windows\NLog.config
2022-12-02 12:18:21.9479 Info Configuration initialized.
2022-12-02 12:18:21.9589 Info NLog, Version=5.0.0.0, Culture=neutral, PublicKeyToken=5120e14c03d0593c. File version: 5.1.0.1480. Product version: 5.1.0+5e6708d4d288e03b3ddf321838ec14907016f1b8. GlobalAssemblyCache: False
2022-12-02 12:18:24.1309 Info AppDomain Shutting down. LogFactory closing...
2022-12-02 12:18:24.1570 Info LogFactory has been closed.
2022-12-02 12:21:09.0052 Info Message Template Auto Format enabled
2022-12-02 12:21:09.0801 Info Registered target FileTarget(Name=logfile)
2022-12-02 12:21:09.0801 Info Registered target ConsoleTarget(Name=logconsole)
2022-12-02 12:21:09.0997 Info Validating config: TargetNames=logfile, logconsole, ConfigItems=29, FilePath=C:\Users\fdkir\OneDrive\Рабочий стол\Диплом\Project\ChatbotConstructorTelegram\ChatbotConstructorTelegram\bin\Debug\net6.0-windows\NLog.config
2022-12-02 12:21:09.1092 Info Configuration initialized.
2022-12-02 12:21:09.1092 Info NLog, Version=5.0.0.0, Culture=neutral, PublicKeyToken=5120e14c03d0593c. File version: 5.1.0.1480. Product version: 5.1.0+5e6708d4d288e03b3ddf321838ec14907016f1b8. GlobalAssemblyCache: False
2022-12-02 12:21:11.5775 Info AppDomain Shutting down. LogFactory closing...
2022-12-02 12:21:11.5988 Info LogFactory has been closed.
2022-12-02 12:21:31.7298 Info Message Template Auto Format enabled
2022-12-02 12:21:31.8062 Info Registered target FileTarget(Name=logfile)
2022-12-02 12:21:31.8062 Info Registered target ConsoleTarget(Name=logconsole)
2022-12-02 12:21:31.8238 Info Validating config: TargetNames=logfile, logconsole, ConfigItems=29, FilePath=C:\Users\fdkir\OneDrive\Рабочий стол\Диплом\Project\ChatbotConstructorTelegram\ChatbotConstructorTelegram\bin\Debug\net6.0-windows\NLog.config
2022-12-02 12:21:31.8330 Info Configuration initialized.
2022-12-02 12:21:31.8330 Info NLog, Version=5.0.0.0, Culture=neutral, PublicKeyToken=5120e14c03d0593c. File version: 5.1.0.1480. Product version: 5.1.0+5e6708d4d288e03b3ddf321838ec14907016f1b8. GlobalAssemblyCache: False
2022-12-02 12:21:33.5382 Info AppDomain Shutting down. LogFactory closing...
2022-12-02 12:21:33.5600 Info LogFactory has been closed.
2022-12-02 12:24:18.8739 Info Message Template Auto Format enabled
2022-12-02 12:24:18.9498 Info Registered target FileTarget(Name=logfile)
2022-12-02 12:24:18.9498 Info Registered target ConsoleTarget(Name=logconsole)
2022-12-02 12:24:18.9669 Info Validating config: TargetNames=logfile, logconsole, ConfigItems=31, FilePath=C:\Users\fdkir\OneDrive\Рабочий стол\Диплом\Project\ChatbotConstructorTelegram\ChatbotConstructorTelegram\bin\Debug\net6.0-windows\NLog.config
2022-12-02 12:24:18.9768 Info Configuration initialized.
2022-12-02 12:24:19.0404 Info NLog, Version=5.0.0.0, Culture=neutral, PublicKeyToken=5120e14c03d0593c. File version: 5.1.0.1480. Product version: 5.1.0+5e6708d4d288e03b3ddf321838ec14907016f1b8. GlobalAssemblyCache: False
2022-12-02 12:24:20.4377 Info AppDomain Shutting down. LogFactory closing...
2022-12-02 12:24:20.4587 Info LogFactory has been closed.
2022-12-02 12:26:33.2943 Info Message Template Auto Format enabled
2022-12-02 12:26:33.4141 Info Registered target FileTarget(Name=logfile)
2022-12-02 12:26:33.4141 Info Registered target ConsoleTarget(Name=logconsole)
2022-12-02 12:26:33.4446 Info Validating config: TargetNames=logfile, logconsole, ConfigItems=31, FilePath=C:\Users\fdkir\OneDrive\Рабочий стол\Диплом\Project\ChatbotConstructorTelegram\ChatbotConstructorTelegram\bin\Debug\net6.0-windows\NLog.config
2022-12-02 12:26:33.4619 Info Configuration initialized.
2022-12-02 12:26:33.4755 Info NLog, Version=5.0.0.0, Culture=neutral, PublicKeyToken=5120e14c03d0593c. File version: 5.1.0.1480. Product version: 5.1.0+5e6708d4d288e03b3ddf321838ec14907016f1b8. GlobalAssemblyCache: False
2022-12-02 12:26:53.3692 Info AppDomain Shutting down. LogFactory closing...
2022-12-02 12:26:53.3960 Info LogFactory has been closed.
2022-12-02 12:39:11.9328 Info Message Template Auto Format enabled
2022-12-02 12:39:12.0297 Info Registered target FileTarget(Name=logfile)
2022-12-02 12:39:12.0306 Info Registered target ConsoleTarget(Name=logconsole)
2022-12-02 12:39:12.0513 Info Validating config: TargetNames=logfile, logconsole, ConfigItems=31, FilePath=C:\Users\fdkir\OneDrive\Рабочий стол\Диплом\Project\ChatbotConstructorTelegram\ChatbotConstructorTelegram\bin\Debug\net6.0-windows\NLog.config
2022-12-02 12:39:12.0513 Info Configuration initialized.
2022-12-02 12:39:12.0693 Info NLog, Version=5.0.0.0, Culture=neutral, PublicKeyToken=5120e14c03d0593c. File version: 5.1.0.1480. Product version: 5.1.0+5e6708d4d288e03b3ddf321838ec14907016f1b8. GlobalAssemblyCache: False
2022-12-02 12:39:13.9934 Info AppDomain Shutting down. LogFactory closing...
2022-12-02 12:39:14.0196 Info LogFactory has been closed.
2022-12-02 12:40:51.2722 Info Message Template Auto Format enabled
2022-12-02 12:40:51.3593 Info Registered target FileTarget(Name=logfile)
2022-12-02 12:40:51.3593 Info Registered target ConsoleTarget(Name=logconsole)
2022-12-02 12:40:51.3791 Info Validating config: TargetNames=logfile, logconsole, ConfigItems=31, FilePath=C:\Users\fdkir\OneDrive\Рабочий стол\Диплом\Project\ChatbotConstructorTelegram\ChatbotConstructorTelegram\bin\Debug\net6.0-windows\NLog.config
2022-12-02 12:40:51.3917 Info Configuration initialized.
2022-12-02 12:40:51.4470 Info NLog, Version=5.0.0.0, Culture=neutral, PublicKeyToken=5120e14c03d0593c. File version: 5.1.0.1480. Product version: 5.1.0+5e6708d4d288e03b3ddf321838ec14907016f1b8. GlobalAssemblyCache: False
2022-12-02 12:41:10.8906 Info AppDomain Shutting down. LogFactory closing...
2022-12-02 12:41:10.9219 Info LogFactory has been closed.
2022-12-02 15:44:21.0792 Info Message Template Auto Format enabled
2022-12-02 15:44:21.1419 Info Registered target FileTarget(Name=logfile)
2022-12-02 15:44:21.1558 Info Registered target ConsoleTarget(Name=logconsole)
2022-12-02 15:44:21.1745 Info Validating config: TargetNames=logfile, logconsole, ConfigItems=31, FilePath=C:\Users\fdkir\OneDrive\Рабочий стол\Диплом\Project\ChatbotConstructorTelegram\ChatbotConstructorTelegram\bin\Debug\net6.0-windows\NLog.config
2022-12-02 15:44:21.1884 Info Configuration initialized.
2022-12-02 15:44:21.1884 Info NLog, Version=5.0.0.0, Culture=neutral, PublicKeyToken=5120e14c03d0593c. File version: 5.1.0.1480. Product version: 5.1.0+5e6708d4d288e03b3ddf321838ec14907016f1b8. GlobalAssemblyCache: False
2022-12-02 15:44:54.2871 Info AppDomain Shutting down. LogFactory closing...
2022-12-02 15:44:54.3146 Info LogFactory has been closed.
2022-12-02 15:45:28.9793 Info Message Template Auto Format enabled
2022-12-02 15:45:29.0535 Info Registered target FileTarget(Name=logfile)
2022-12-02 15:45:29.0535 Info Registered target ConsoleTarget(Name=logconsole)
2022-12-02 15:45:29.0708 Info Validating config: TargetNames=logfile, logconsole, ConfigItems=31, FilePath=C:\Users\fdkir\OneDrive\Рабочий стол\Диплом\Project\ChatbotConstructorTelegram\ChatbotConstructorTelegram\bin\Debug\net6.0-windows\NLog.config
2022-12-02 15:45:29.0799 Info Configuration initialized.
2022-12-02 15:45:29.0799 Info NLog, Version=5.0.0.0, Culture=neutral, PublicKeyToken=5120e14c03d0593c. File version: 5.1.0.1480. Product version: 5.1.0+5e6708d4d288e03b3ddf321838ec14907016f1b8. GlobalAssemblyCache: False
2022-12-02 15:45:43.5641 Info AppDomain Shutting down. LogFactory closing...
2022-12-02 15:45:43.5835 Info LogFactory has been closed.
2022-12-02 15:50:19.0994 Info Message Template Auto Format enabled
2022-12-02 15:50:19.1822 Info Registered target FileTarget(Name=logfile)
2022-12-02 15:50:19.1822 Info Registered target ConsoleTarget(Name=logconsole)
2022-12-02 15:50:19.2027 Info Validating config: TargetNames=logfile, logconsole, ConfigItems=31, FilePath=C:\Users\fdkir\OneDrive\Рабочий стол\Диплом\Project\ChatbotConstructorTelegram\ChatbotConstructorTelegram\bin\Debug\net6.0-windows\NLog.config
2022-12-02 15:50:19.2027 Info Configuration initialized.
2022-12-02 15:50:19.2231 Info NLog, Version=5.0.0.0, Culture=neutral, PublicKeyToken=5120e14c03d0593c. File version: 5.1.0.1480. Product version: 5.1.0+5e6708d4d288e03b3ddf321838ec14907016f1b8. GlobalAssemblyCache: False
2022-12-02 15:50:35.6961 Info AppDomain Shutting down. LogFactory closing...
2022-12-02 15:50:35.7182 Info LogFactory has been closed.
2022-12-02 15:51:39.7652 Info Message Template Auto Format enabled
2022-12-02 15:51:39.8564 Info Registered target FileTarget(Name=logfile)
2022-12-02 15:51:39.8564 Info Registered target ConsoleTarget(Name=logconsole)
2022-12-02 15:51:39.8792 Info Validating config: TargetNames=logfile, logconsole, ConfigItems=31, FilePath=C:\Users\fdkir\OneDrive\Рабочий стол\Диплом\Project\ChatbotConstructorTelegram\ChatbotConstructorTelegram\bin\Debug\net6.0-windows\NLog.config
2022-12-02 15:51:39.8914 Info Configuration initialized.
2022-12-02 15:51:39.8914 Info NLog, Version=5.0.0.0, Culture=neutral, PublicKeyToken=5120e14c03d0593c. File version: 5.1.0.1480. Product version: 5.1.0+5e6708d4d288e03b3ddf321838ec14907016f1b8. GlobalAssemblyCache: False
2022-12-02 15:51:49.3514 Info AppDomain Shutting down. LogFactory closing...
2022-12-02 15:51:49.3719 Info LogFactory has been closed.
2022-12-02 15:52:27.5442 Info Message Template Auto Format enabled
2022-12-02 15:52:27.6271 Info Registered target FileTarget(Name=logfile)
2022-12-02 15:52:27.6271 Info Registered target ConsoleTarget(Name=logconsole)
2022-12-02 15:52:27.6486 Info Validating config: TargetNames=logfile, logconsole, ConfigItems=31, FilePath=C:\Users\fdkir\OneDrive\Рабочий стол\Диплом\Project\ChatbotConstructorTelegram\ChatbotConstructorTelegram\bin\Debug\net6.0-windows\NLog.config
2022-12-02 15:52:27.6594 Info Configuration initialized.
2022-12-02 15:52:27.6594 Info NLog, Version=5.0.0.0, Culture=neutral, PublicKeyToken=5120e14c03d0593c. File version: 5.1.0.1480. Product version: 5.1.0+5e6708d4d288e03b3ddf321838ec14907016f1b8. GlobalAssemblyCache: False
2022-12-02 15:52:35.6054 Info AppDomain Shutting down. LogFactory closing...
2022-12-02 15:52:35.6235 Info LogFactory has been closed.
2022-12-02 15:54:42.7602 Info Message Template Auto Format enabled
2022-12-02 15:54:42.8413 Info Registered target FileTarget(Name=logfile)
2022-12-02 15:54:42.8413 Info Registered target ConsoleTarget(Name=logconsole)
2022-12-02 15:54:42.8601 Info Validating config: TargetNames=logfile, logconsole, ConfigItems=31, FilePath=C:\Users\fdkir\OneDrive\Рабочий стол\Диплом\Project\ChatbotConstructorTelegram\ChatbotConstructorTelegram\bin\Debug\net6.0-windows\NLog.config
2022-12-02 15:54:42.8601 Info Configuration initialized.
2022-12-02 15:54:42.8805 Info NLog, Version=5.0.0.0, Culture=neutral, PublicKeyToken=5120e14c03d0593c. File version: 5.1.0.1480. Product version: 5.1.0+5e6708d4d288e03b3ddf321838ec14907016f1b8. GlobalAssemblyCache: False
2022-12-02 15:54:51.4264 Info AppDomain Shutting down. LogFactory closing...
2022-12-02 15:54:51.4467 Info LogFactory has been closed.
2022-12-02 15:55:05.4195 Info Message Template Auto Format enabled
2022-12-02 15:55:05.4947 Info Registered target FileTarget(Name=logfile)
2022-12-02 15:55:05.4947 Info Registered target ConsoleTarget(Name=logconsole)
2022-12-02 15:55:05.5126 Info Validating config: TargetNames=logfile, logconsole, ConfigItems=31, FilePath=C:\Users\fdkir\OneDrive\Рабочий стол\Диплом\Project\ChatbotConstructorTelegram\ChatbotConstructorTelegram\bin\Debug\net6.0-windows\NLog.config
2022-12-02 15:55:05.5225 Info Configuration initialized.
2022-12-02 15:55:05.5225 Info NLog, Version=5.0.0.0, Culture=neutral, PublicKeyToken=5120e14c03d0593c. File version: 5.1.0.1480. Product version: 5.1.0+5e6708d4d288e03b3ddf321838ec14907016f1b8. GlobalAssemblyCache: False
2022-12-02 15:55:13.2174 Info AppDomain Shutting down. LogFactory closing...
2022-12-02 15:55:13.2382 Info LogFactory has been closed.
2022-12-02 15:57:45.0476 Info Message Template Auto Format enabled
2022-12-02 15:57:45.1202 Info Registered target FileTarget(Name=logfile)
2022-12-02 15:57:45.1202 Info Registered target ConsoleTarget(Name=logconsole)
2022-12-02 15:57:45.1375 Info Validating config: TargetNames=logfile, logconsole, ConfigItems=31, FilePath=C:\Users\fdkir\OneDrive\Рабочий стол\Диплом\Project\ChatbotConstructorTelegram\ChatbotConstructorTelegram\bin\Debug\net6.0-windows\NLog.config
2022-12-02 15:57:45.1468 Info Configuration initialized.
2022-12-02 15:57:45.1468 Info NLog, Version=5.0.0.0, Culture=neutral, PublicKeyToken=5120e14c03d0593c. File version: 5.1.0.1480. Product version: 5.1.0+5e6708d4d288e03b3ddf321838ec14907016f1b8. GlobalAssemblyCache: False
2022-12-02 15:58:16.8842 Info AppDomain Shutting down. LogFactory closing...
2022-12-02 15:58:16.9100 Info LogFactory has been closed.
2022-12-02 15:58:34.5370 Info Message Template Auto Format enabled
2022-12-02 15:58:34.6166 Info Registered target FileTarget(Name=logfile)
2022-12-02 15:58:34.6166 Info Registered target ConsoleTarget(Name=logconsole)
2022-12-02 15:58:34.6365 Info Validating config: TargetNames=logfile, logconsole, ConfigItems=31, FilePath=C:\Users\fdkir\OneDrive\Рабочий стол\Диплом\Project\ChatbotConstructorTelegram\ChatbotConstructorTelegram\bin\Debug\net6.0-windows\NLog.config
2022-12-02 15:58:34.6466 Info Configuration initialized.
2022-12-02 15:58:34.6466 Info NLog, Version=5.0.0.0, Culture=neutral, PublicKeyToken=5120e14c03d0593c. File version: 5.1.0.1480. Product version: 5.1.0+5e6708d4d288e03b3ddf321838ec14907016f1b8. GlobalAssemblyCache: False
2022-12-02 15:58:43.3807 Info AppDomain Shutting down. LogFactory closing...
2022-12-02 15:58:43.7322 Info LogFactory has been closed.
2022-12-02 15:59:04.1548 Info Message Template Auto Format enabled
2022-12-02 15:59:04.2304 Info Registered target FileTarget(Name=logfile)
2022-12-02 15:59:04.2304 Info Registered target ConsoleTarget(Name=logconsole)
2022-12-02 15:59:04.2482 Info Validating config: TargetNames=logfile, logconsole, ConfigItems=31, FilePath=C:\Users\fdkir\OneDrive\Рабочий стол\Диплом\Project\ChatbotConstructorTelegram\ChatbotConstructorTelegram\bin\Debug\net6.0-windows\NLog.config
2022-12-02 15:59:04.2576 Info Configuration initialized.
2022-12-02 15:59:04.2668 Info NLog, Version=5.0.0.0, Culture=neutral, PublicKeyToken=5120e14c03d0593c. File version: 5.1.0.1480. Product version: 5.1.0+5e6708d4d288e03b3ddf321838ec14907016f1b8. GlobalAssemblyCache: False
2022-12-02 15:59:09.9376 Info AppDomain Shutting down. LogFactory closing...
2022-12-02 15:59:09.9585 Info LogFactory has been closed.
2022-12-02 16:00:31.2406 Info Message Template Auto Format enabled
2022-12-02 16:00:31.3351 Info Registered target FileTarget(Name=logfile)
2022-12-02 16:00:31.3351 Info Registered target ConsoleTarget(Name=logconsole)
2022-12-02 16:00:31.3550 Info Validating config: TargetNames=logfile, logconsole, ConfigItems=31, FilePath=C:\Users\fdkir\OneDrive\Рабочий стол\Диплом\Project\ChatbotConstructorTelegram\ChatbotConstructorTelegram\bin\Debug\net6.0-windows\NLog.config
2022-12-02 16:00:31.3648 Info Configuration initialized.
2022-12-02 16:00:31.3648 Info NLog, Version=5.0.0.0, Culture=neutral, PublicKeyToken=5120e14c03d0593c. File version: 5.1.0.1480. Product version: 5.1.0+5e6708d4d288e03b3ddf321838ec14907016f1b8. GlobalAssemblyCache: False
2022-12-02 16:01:10.1187 Info AppDomain Shutting down. LogFactory closing...
2022-12-02 16:01:10.1474 Info LogFactory has been closed.
2022-12-02 16:09:51.7465 Info Message Template Auto Format enabled
2022-12-02 16:09:51.8319 Info Registered target FileTarget(Name=logfile)
2022-12-02 16:09:51.8319 Info Registered target ConsoleTarget(Name=logconsole)
2022-12-02 16:09:51.8547 Info Validating config: TargetNames=logfile, logconsole, ConfigItems=31, FilePath=C:\Users\fdkir\OneDrive\Рабочий стол\Диплом\Project\ChatbotConstructorTelegram\ChatbotConstructorTelegram\bin\Debug\net6.0-windows\NLog.config
2022-12-02 16:09:51.8653 Info Configuration initialized.
2022-12-02 16:09:51.8742 Info NLog, Version=5.0.0.0, Culture=neutral, PublicKeyToken=5120e14c03d0593c. File version: 5.1.0.1480. Product version: 5.1.0+5e6708d4d288e03b3ddf321838ec14907016f1b8. GlobalAssemblyCache: False
2022-12-02 16:09:55.9667 Info AppDomain Shutting down. LogFactory closing...
2022-12-02 16:09:55.9866 Info LogFactory has been closed.
2022-12-02 16:12:46.9867 Info Message Template Auto Format enabled
2022-12-02 16:12:47.0462 Info Registered target FileTarget(Name=logfile)
2022-12-02 16:12:47.0462 Info Registered target ConsoleTarget(Name=logconsole)
2022-12-02 16:12:47.0785 Info Validating config: TargetNames=logfile, logconsole, ConfigItems=31, FilePath=C:\Users\fdkir\OneDrive\Рабочий стол\Диплом\Project\ChatbotConstructorTelegram\ChatbotConstructorTelegram\bin\Debug\net6.0-windows\NLog.config
2022-12-02 16:12:47.0785 Info Configuration initialized.
2022-12-02 16:12:47.0968 Info NLog, Version=5.0.0.0, Culture=neutral, PublicKeyToken=5120e14c03d0593c. File version: 5.1.0.1480. Product version: 5.1.0+5e6708d4d288e03b3ddf321838ec14907016f1b8. GlobalAssemblyCache: False
2022-12-02 16:12:54.8307 Info AppDomain Shutting down. LogFactory closing...
2022-12-02 16:12:54.8520 Info LogFactory has been closed.
2022-12-02 16:13:28.0796 Info Message Template Auto Format enabled
2022-12-02 16:13:28.1534 Info Registered target FileTarget(Name=logfile)
2022-12-02 16:13:28.1534 Info Registered target ConsoleTarget(Name=logconsole)
2022-12-02 16:13:28.1711 Info Validating config: TargetNames=logfile, logconsole, ConfigItems=31, FilePath=C:\Users\fdkir\OneDrive\Рабочий стол\Диплом\Project\ChatbotConstructorTelegram\ChatbotConstructorTelegram\bin\Debug\net6.0-windows\NLog.config
2022-12-02 16:13:28.1711 Info Configuration initialized.
2022-12-02 16:13:28.1908 Info NLog, Version=5.0.0.0, Culture=neutral, PublicKeyToken=5120e14c03d0593c. File version: 5.1.0.1480. Product version: 5.1.0+5e6708d4d288e03b3ddf321838ec14907016f1b8. GlobalAssemblyCache: False
2022-12-02 16:13:31.1363 Info AppDomain Shutting down. LogFactory closing...
2022-12-02 16:13:31.1583 Info LogFactory has been closed.
2022-12-02 16:13:45.2944 Info Message Template Auto Format enabled
2022-12-02 16:13:45.3727 Info Registered target FileTarget(Name=logfile)
2022-12-02 16:13:45.3727 Info Registered target ConsoleTarget(Name=logconsole)
2022-12-02 16:13:45.3920 Info Validating config: TargetNames=logfile, logconsole, ConfigItems=31, FilePath=C:\Users\fdkir\OneDrive\Рабочий стол\Диплом\Project\ChatbotConstructorTelegram\ChatbotConstructorTelegram\bin\Debug\net6.0-windows\NLog.config
2022-12-02 16:13:45.3920 Info Configuration initialized.
2022-12-02 16:13:45.4799 Info NLog, Version=5.0.0.0, Culture=neutral, PublicKeyToken=5120e14c03d0593c. File version: 5.1.0.1480. Product version: 5.1.0+5e6708d4d288e03b3ddf321838ec14907016f1b8. GlobalAssemblyCache: False
2022-12-02 16:14:01.3962 Info AppDomain Shutting down. LogFactory closing...
2022-12-02 16:14:01.4189 Info LogFactory has been closed.
2022-12-02 16:17:54.1373 Info Message Template Auto Format enabled
2022-12-02 16:17:54.2227 Info Registered target FileTarget(Name=logfile)
2022-12-02 16:17:54.2227 Info Registered target ConsoleTarget(Name=logconsole)
2022-12-02 16:17:54.2443 Info Validating config: TargetNames=logfile, logconsole, ConfigItems=31, FilePath=C:\Users\fdkir\OneDrive\Рабочий стол\Диплом\Project\ChatbotConstructorTelegram\ChatbotConstructorTelegram\bin\Debug\net6.0-windows\NLog.config
2022-12-02 16:17:54.2567 Info Configuration initialized.
2022-12-02 16:17:54.2675 Info NLog, Version=5.0.0.0, Culture=neutral, PublicKeyToken=5120e14c03d0593c. File version: 5.1.0.1480. Product version: 5.1.0+5e6708d4d288e03b3ddf321838ec14907016f1b8. GlobalAssemblyCache: False
2022-12-02 16:17:56.8896 Info AppDomain Shutting down. LogFactory closing...
2022-12-02 16:17:56.8896 Info LogFactory has been closed.
2022-12-02 16:29:52.8538 Info Message Template Auto Format enabled
2022-12-02 16:29:52.9369 Info Registered target FileTarget(Name=logfile)
2022-12-02 16:29:52.9369 Info Registered target ConsoleTarget(Name=logconsole)
2022-12-02 16:29:52.9563 Info Validating config: TargetNames=logfile, logconsole, ConfigItems=31, FilePath=C:\Users\fdkir\OneDrive\Рабочий стол\Диплом\Project\ChatbotConstructorTelegram\ChatbotConstructorTelegram\bin\Debug\net6.0-windows\NLog.config
2022-12-02 16:29:52.9563 Info Configuration initialized.
2022-12-02 16:29:52.9739 Info NLog, Version=5.0.0.0, Culture=neutral, PublicKeyToken=5120e14c03d0593c. File version: 5.1.0.1480. Product version: 5.1.0+5e6708d4d288e03b3ddf321838ec14907016f1b8. GlobalAssemblyCache: False
2022-12-02 16:30:11.0883 Info AppDomain Shutting down. LogFactory closing...
2022-12-02 16:30:11.1114 Info LogFactory has been closed.
2022-12-02 16:30:38.5943 Info Message Template Auto Format enabled
2022-12-02 16:30:38.6864 Info Registered target FileTarget(Name=logfile)
2022-12-02 16:30:38.6864 Info Registered target ConsoleTarget(Name=logconsole)
2022-12-02 16:30:38.7078 Info Validating config: TargetNames=logfile, logconsole, ConfigItems=31, FilePath=C:\Users\fdkir\OneDrive\Рабочий стол\Диплом\Project\ChatbotConstructorTelegram\ChatbotConstructorTelegram\bin\Debug\net6.0-windows\NLog.config
2022-12-02 16:30:38.7189 Info Configuration initialized.
2022-12-02 16:30:38.7189 Info NLog, Version=5.0.0.0, Culture=neutral, PublicKeyToken=5120e14c03d0593c. File version: 5.1.0.1480. Product version: 5.1.0+5e6708d4d288e03b3ddf321838ec14907016f1b8. GlobalAssemblyCache: False
2022-12-02 16:30:41.4988 Info AppDomain Shutting down. LogFactory closing...
2022-12-02 16:30:41.5175 Info LogFactory has been closed.
2022-12-02 16:30:49.8650 Info Message Template Auto Format enabled
2022-12-02 16:30:49.9910 Info Registered target FileTarget(Name=logfile)
2022-12-02 16:30:49.9910 Info Registered target ConsoleTarget(Name=logconsole)
2022-12-02 16:30:50.0096 Info Validating config: TargetNames=logfile, logconsole, ConfigItems=31, FilePath=C:\Users\fdkir\OneDrive\Рабочий стол\Диплом\Project\ChatbotConstructorTelegram\ChatbotConstructorTelegram\bin\Debug\net6.0-windows\NLog.config
2022-12-02 16:30:50.0186 Info Configuration initialized.
2022-12-02 16:30:50.0186 Info NLog, Version=5.0.0.0, Culture=neutral, PublicKeyToken=5120e14c03d0593c. File version: 5.1.0.1480. Product version: 5.1.0+5e6708d4d288e03b3ddf321838ec14907016f1b8. GlobalAssemblyCache: False
2022-12-02 16:31:06.2869 Info AppDomain Shutting down. LogFactory closing...
2022-12-02 16:31:06.3052 Info LogFactory has been closed.
2022-12-02 16:37:20.4693 Info Message Template Auto Format enabled
2022-12-02 16:37:20.5785 Info Registered target FileTarget(Name=logfile)
2022-12-02 16:37:20.5785 Info Registered target ConsoleTarget(Name=logconsole)
2022-12-02 16:37:20.5989 Info Validating config: TargetNames=logfile, logconsole, ConfigItems=31, FilePath=C:\Users\fdkir\OneDrive\Рабочий стол\Диплом\Project\ChatbotConstructorTelegram\ChatbotConstructorTelegram\bin\Debug\net6.0-windows\NLog.config
2022-12-02 16:37:20.6095 Info Configuration initialized.
2022-12-02 16:37:20.6095 Info NLog, Version=5.0.0.0, Culture=neutral, PublicKeyToken=5120e14c03d0593c. File version: 5.1.0.1480. Product version: 5.1.0+5e6708d4d288e03b3ddf321838ec14907016f1b8. GlobalAssemblyCache: False
2022-12-02 16:37:28.0314 Info AppDomain Shutting down. LogFactory closing...
2022-12-02 16:37:28.0517 Info LogFactory has been closed.
2022-12-02 16:41:00.4604 Info Message Template Auto Format enabled
2022-12-02 16:41:00.5338 Info Registered target FileTarget(Name=logfile)
2022-12-02 16:41:00.5338 Info Registered target ConsoleTarget(Name=logconsole)
2022-12-02 16:41:00.5533 Info Validating config: TargetNames=logfile, logconsole, ConfigItems=31, FilePath=C:\Users\fdkir\OneDrive\Рабочий стол\Диплом\Project\ChatbotConstructorTelegram\ChatbotConstructorTelegram\bin\Debug\net6.0-windows\NLog.config
2022-12-02 16:41:00.5633 Info Configuration initialized.
2022-12-02 16:41:00.5633 Info NLog, Version=5.0.0.0, Culture=neutral, PublicKeyToken=5120e14c03d0593c. File version: 5.1.0.1480. Product version: 5.1.0+5e6708d4d288e03b3ddf321838ec14907016f1b8. GlobalAssemblyCache: False
2022-12-02 16:41:11.0007 Info AppDomain Shutting down. LogFactory closing...
2022-12-02 16:41:11.0240 Info LogFactory has been closed.
2022-12-02 16:41:27.4057 Info Message Template Auto Format enabled
2022-12-02 16:41:27.4886 Info Registered target FileTarget(Name=logfile)
2022-12-02 16:41:27.4886 Info Registered target ConsoleTarget(Name=logconsole)
2022-12-02 16:41:27.5077 Info Validating config: TargetNames=logfile, logconsole, ConfigItems=31, FilePath=C:\Users\fdkir\OneDrive\Рабочий стол\Диплом\Project\ChatbotConstructorTelegram\ChatbotConstructorTelegram\bin\Debug\net6.0-windows\NLog.config
2022-12-02 16:41:27.5170 Info Configuration initialized.
2022-12-02 16:41:27.5170 Info NLog, Version=5.0.0.0, Culture=neutral, PublicKeyToken=5120e14c03d0593c. File version: 5.1.0.1480. Product version: 5.1.0+5e6708d4d288e03b3ddf321838ec14907016f1b8. GlobalAssemblyCache: False
2022-12-02 16:41:35.2360 Info AppDomain Shutting down. LogFactory closing...
2022-12-02 16:41:35.2615 Info LogFactory has been closed.
2022-12-02 16:41:47.0446 Info Message Template Auto Format enabled
2022-12-02 16:41:47.1250 Info Registered target FileTarget(Name=logfile)
2022-12-02 16:41:47.1250 Info Registered target ConsoleTarget(Name=logconsole)
2022-12-02 16:41:47.1424 Info Validating config: TargetNames=logfile, logconsole, ConfigItems=31, FilePath=C:\Users\fdkir\OneDrive\Рабочий стол\Диплом\Project\ChatbotConstructorTelegram\ChatbotConstructorTelegram\bin\Debug\net6.0-windows\NLog.config
2022-12-02 16:41:47.1424 Info Configuration initialized.
2022-12-02 16:41:47.1604 Info NLog, Version=5.0.0.0, Culture=neutral, PublicKeyToken=5120e14c03d0593c. File version: 5.1.0.1480. Product version: 5.1.0+5e6708d4d288e03b3ddf321838ec14907016f1b8. GlobalAssemblyCache: False
2022-12-02 16:41:56.7548 Info AppDomain Shutting down. LogFactory closing...
2022-12-02 16:41:56.7730 Info LogFactory has been closed.
2022-12-02 16:42:16.8917 Info Message Template Auto Format enabled
2022-12-02 16:42:16.9771 Info Registered target FileTarget(Name=logfile)
2022-12-02 16:42:16.9771 Info Registered target ConsoleTarget(Name=logconsole)
2022-12-02 16:42:16.9984 Info Validating config: TargetNames=logfile, logconsole, ConfigItems=31, FilePath=C:\Users\fdkir\OneDrive\Рабочий стол\Диплом\Project\ChatbotConstructorTelegram\ChatbotConstructorTelegram\bin\Debug\net6.0-windows\NLog.config
2022-12-02 16:42:17.0143 Info Configuration initialized.
2022-12-02 16:42:17.0278 Info NLog, Version=5.0.0.0, Culture=neutral, PublicKeyToken=5120e14c03d0593c. File version: 5.1.0.1480. Product version: 5.1.0+5e6708d4d288e03b3ddf321838ec14907016f1b8. GlobalAssemblyCache: False
2022-12-02 16:42:23.4938 Info AppDomain Shutting down. LogFactory closing...
2022-12-02 16:42:23.5108 Info LogFactory has been closed.
2022-12-02 16:43:28.6936 Info Message Template Auto Format enabled
2022-12-02 16:43:28.7722 Info Registered target FileTarget(Name=logfile)
2022-12-02 16:43:28.7722 Info Registered target ConsoleTarget(Name=logconsole)
2022-12-02 16:43:28.7899 Info Validating config: TargetNames=logfile, logconsole, ConfigItems=31, FilePath=C:\Users\fdkir\OneDrive\Рабочий стол\Диплом\Project\ChatbotConstructorTelegram\ChatbotConstructorTelegram\bin\Debug\net6.0-windows\NLog.config
2022-12-02 16:43:28.8000 Info Configuration initialized.
2022-12-02 16:43:28.8000 Info NLog, Version=5.0.0.0, Culture=neutral, PublicKeyToken=5120e14c03d0593c. File version: 5.1.0.1480. Product version: 5.1.0+5e6708d4d288e03b3ddf321838ec14907016f1b8. GlobalAssemblyCache: False
2022-12-02 16:43:56.4333 Info AppDomain Shutting down. LogFactory closing...
2022-12-02 16:43:56.4613 Info LogFactory has been closed.
2022-12-02 16:44:12.0001 Info Message Template Auto Format enabled
2022-12-02 16:44:12.0855 Info Registered target FileTarget(Name=logfile)
2022-12-02 16:44:12.0855 Info Registered target ConsoleTarget(Name=logconsole)
2022-12-02 16:44:12.1043 Info Validating config: TargetNames=logfile, logconsole, ConfigItems=31, FilePath=C:\Users\fdkir\OneDrive\Рабочий стол\Диплом\Project\ChatbotConstructorTelegram\ChatbotConstructorTelegram\bin\Debug\net6.0-windows\NLog.config
2022-12-02 16:44:12.1143 Info Configuration initialized.
2022-12-02 16:44:12.1143 Info NLog, Version=5.0.0.0, Culture=neutral, PublicKeyToken=5120e14c03d0593c. File version: 5.1.0.1480. Product version: 5.1.0+5e6708d4d288e03b3ddf321838ec14907016f1b8. GlobalAssemblyCache: False
2022-12-02 16:44:19.8777 Info AppDomain Shutting down. LogFactory closing...
2022-12-02 16:44:19.8981 Info LogFactory has been closed.
2022-12-02 16:44:28.0022 Info Message Template Auto Format enabled
2022-12-02 16:44:28.0784 Info Registered target FileTarget(Name=logfile)
2022-12-02 16:44:28.0784 Info Registered target ConsoleTarget(Name=logconsole)
2022-12-02 16:44:28.1008 Info Validating config: TargetNames=logfile, logconsole, ConfigItems=31, FilePath=C:\Users\fdkir\OneDrive\Рабочий стол\Диплом\Project\ChatbotConstructorTelegram\ChatbotConstructorTelegram\bin\Debug\net6.0-windows\NLog.config
2022-12-02 16:44:28.1108 Info Configuration initialized.
2022-12-02 16:44:28.1108 Info NLog, Version=5.0.0.0, Culture=neutral, PublicKeyToken=5120e14c03d0593c. File version: 5.1.0.1480. Product version: 5.1.0+5e6708d4d288e03b3ddf321838ec14907016f1b8. GlobalAssemblyCache: False
2022-12-02 16:44:35.1692 Info AppDomain Shutting down. LogFactory closing...
2022-12-02 16:44:35.1857 Info LogFactory has been closed.
2022-12-02 16:44:42.8180 Info Message Template Auto Format enabled
2022-12-02 16:44:42.8900 Info Registered target FileTarget(Name=logfile)
2022-12-02 16:44:42.8900 Info Registered target ConsoleTarget(Name=logconsole)
2022-12-02 16:44:42.9075 Info Validating config: TargetNames=logfile, logconsole, ConfigItems=31, FilePath=C:\Users\fdkir\OneDrive\Рабочий стол\Диплом\Project\ChatbotConstructorTelegram\ChatbotConstructorTelegram\bin\Debug\net6.0-windows\NLog.config
2022-12-02 16:44:42.9075 Info Configuration initialized.
2022-12-02 16:44:42.9273 Info NLog, Version=5.0.0.0, Culture=neutral, PublicKeyToken=5120e14c03d0593c. File version: 5.1.0.1480. Product version: 5.1.0+5e6708d4d288e03b3ddf321838ec14907016f1b8. GlobalAssemblyCache: False
2022-12-02 16:45:00.1460 Info AppDomain Shutting down. LogFactory closing...
2022-12-02 16:45:00.1707 Info LogFactory has been closed.
2022-12-02 16:45:30.0364 Info Message Template Auto Format enabled
2022-12-02 16:45:30.1125 Info Registered target FileTarget(Name=logfile)
2022-12-02 16:45:30.1125 Info Registered target ConsoleTarget(Name=logconsole)
2022-12-02 16:45:30.1321 Info Validating config: TargetNames=logfile, logconsole, ConfigItems=31, FilePath=C:\Users\fdkir\OneDrive\Рабочий стол\Диплом\Project\ChatbotConstructorTelegram\ChatbotConstructorTelegram\bin\Debug\net6.0-windows\NLog.config
2022-12-02 16:45:30.1415 Info Configuration initialized.
2022-12-02 16:45:30.1415 Info NLog, Version=5.0.0.0, Culture=neutral, PublicKeyToken=5120e14c03d0593c. File version: 5.1.0.1480. Product version: 5.1.0+5e6708d4d288e03b3ddf321838ec14907016f1b8. GlobalAssemblyCache: False
2022-12-02 16:45:37.3911 Info AppDomain Shutting down. LogFactory closing...
2022-12-02 16:45:37.4071 Info LogFactory has been closed.
2022-12-02 16:47:34.1079 Info Message Template Auto Format enabled
2022-12-02 16:47:34.1875 Info Registered target FileTarget(Name=logfile)
2022-12-02 16:47:34.1875 Info Registered target ConsoleTarget(Name=logconsole)
2022-12-02 16:47:34.2063 Info Validating config: TargetNames=logfile, logconsole, ConfigItems=31, FilePath=C:\Users\fdkir\OneDrive\Рабочий стол\Диплом\Project\ChatbotConstructorTelegram\ChatbotConstructorTelegram\bin\Debug\net6.0-windows\NLog.config
2022-12-02 16:47:34.2063 Info Configuration initialized.
2022-12-02 16:47:34.2250 Info NLog, Version=5.0.0.0, Culture=neutral, PublicKeyToken=5120e14c03d0593c. File version: 5.1.0.1480. Product version: 5.1.0+5e6708d4d288e03b3ddf321838ec14907016f1b8. GlobalAssemblyCache: False
2022-12-02 16:47:47.9454 Info AppDomain Shutting down. LogFactory closing...
2022-12-02 16:47:47.9659 Info LogFactory has been closed.
2022-12-02 16:49:41.2725 Info Message Template Auto Format enabled
2022-12-02 16:49:41.3553 Info Registered target FileTarget(Name=logfile)
2022-12-02 16:49:41.3553 Info Registered target ConsoleTarget(Name=logconsole)
2022-12-02 16:49:41.3767 Info Validating config: TargetNames=logfile, logconsole, ConfigItems=31, FilePath=C:\Users\fdkir\OneDrive\Рабочий стол\Диплом\Project\ChatbotConstructorTelegram\ChatbotConstructorTelegram\bin\Debug\net6.0-windows\NLog.config
2022-12-02 16:49:41.3767 Info Configuration initialized.
2022-12-02 16:49:41.3966 Info NLog, Version=5.0.0.0, Culture=neutral, PublicKeyToken=5120e14c03d0593c. File version: 5.1.0.1480. Product version: 5.1.0+5e6708d4d288e03b3ddf321838ec14907016f1b8. GlobalAssemblyCache: False
2022-12-02 16:49:49.6733 Info AppDomain Shutting down. LogFactory closing...
2022-12-02 16:49:49.6897 Info LogFactory has been closed.
2022-12-02 16:50:18.7124 Info Message Template Auto Format enabled
2022-12-02 16:50:18.7818 Info Registered target FileTarget(Name=logfile)
2022-12-02 16:50:18.7818 Info Registered target ConsoleTarget(Name=logconsole)
2022-12-02 16:50:18.7989 Info Validating config: TargetNames=logfile, logconsole, ConfigItems=31, FilePath=C:\Users\fdkir\OneDrive\Рабочий стол\Диплом\Project\ChatbotConstructorTelegram\ChatbotConstructorTelegram\bin\Debug\net6.0-windows\NLog.config
2022-12-02 16:50:18.7989 Info Configuration initialized.
2022-12-02 16:50:18.8155 Info NLog, Version=5.0.0.0, Culture=neutral, PublicKeyToken=5120e14c03d0593c. File version: 5.1.0.1480. Product version: 5.1.0+5e6708d4d288e03b3ddf321838ec14907016f1b8. GlobalAssemblyCache: False
2022-12-02 16:50:32.1119 Info AppDomain Shutting down. LogFactory closing...
2022-12-02 16:50:32.1329 Info LogFactory has been closed.
2022-12-02 16:50:56.5963 Info Message Template Auto Format enabled
2022-12-02 16:50:56.6809 Info Registered target FileTarget(Name=logfile)
2022-12-02 16:50:56.6809 Info Registered target ConsoleTarget(Name=logconsole)
2022-12-02 16:50:56.6999 Info Validating config: TargetNames=logfile, logconsole, ConfigItems=31, FilePath=C:\Users\fdkir\OneDrive\Рабочий стол\Диплом\Project\ChatbotConstructorTelegram\ChatbotConstructorTelegram\bin\Debug\net6.0-windows\NLog.config
2022-12-02 16:50:56.7138 Info Configuration initialized.
2022-12-02 16:50:56.7233 Info NLog, Version=5.0.0.0, Culture=neutral, PublicKeyToken=5120e14c03d0593c. File version: 5.1.0.1480. Product version: 5.1.0+5e6708d4d288e03b3ddf321838ec14907016f1b8. GlobalAssemblyCache: False
2022-12-02 16:51:20.9949 Info AppDomain Shutting down. LogFactory closing...
2022-12-02 16:51:21.0235 Info LogFactory has been closed.
2022-12-02 17:17:40.6744 Info Message Template Auto Format enabled
2022-12-02 17:17:40.7817 Info Registered target FileTarget(Name=logfile)
2022-12-02 17:17:40.7817 Info Registered target ConsoleTarget(Name=logconsole)
2022-12-02 17:17:40.8123 Info Validating config: TargetNames=logfile, logconsole, ConfigItems=31, FilePath=C:\Users\fdkir\OneDrive\Рабочий стол\Диплом\Project\ChatbotConstructorTelegram\ChatbotConstructorTelegram\bin\Debug\net6.0-windows\NLog.config
2022-12-02 17:17:40.8272 Info Configuration initialized.
2022-12-02 17:17:40.8272 Info NLog, Version=5.0.0.0, Culture=neutral, PublicKeyToken=5120e14c03d0593c. File version: 5.1.0.1480. Product version: 5.1.0+5e6708d4d288e03b3ddf321838ec14907016f1b8. GlobalAssemblyCache: False
2022-12-02 17:18:08.5541 Info AppDomain Shutting down. LogFactory closing...
2022-12-02 17:18:08.5816 Info LogFactory has been closed.
