2022-12-02 12:21:09.1092|INFO| INICIALIZATION | 
2022-12-02 12:21:09.1417|TRACE| TRACE | 
2022-12-02 12:21:09.1417|WARN| WARN | 
2022-12-02 12:21:09.1417|ERROR| ERORR | 
2022-12-02 12:21:09.1417|FATAL| FATAL | 
2022-12-02 12:21:09.1417|DEBUG| DEBUG | 
2022-12-02 12:21:31.8442|INFO| INICIALIZATION | 
2022-12-02 12:21:31.8627|TRACE| TRACE | 
2022-12-02 12:21:31.8627|WARN| WARN | 
2022-12-02 12:21:31.8627|ERROR| ERORR | 
2022-12-02 12:21:31.8627|FATAL| FATAL | 
2022-12-02 12:21:31.8627|DEBUG| DEBUG | 
2022-12-02 12:24:19.0404|INFO|CHATBOTCONSTRUCTORTELEGRAM.VIEWMODELS.PROJECTWINDOWVIEWMODEL|INICIALIZATION| 
2022-12-02 12:24:19.0718|TRACE|CHATBOTCONSTRUCTORTELEGRAM.VIEWMODELS.PROJECTWINDOWVIEWMODEL|TRACE| 
2022-12-02 12:24:19.0718|WARN|CHATBOTCONSTRUCTORTELEGRAM.VIEWMODELS.PROJECTWINDOWVIEWMODEL|WARN| 
2022-12-02 12:24:19.0718|ERROR|CHATBOTCONSTRUCTORTELEGRAM.VIEWMODELS.PROJECTWINDOWVIEWMODEL|ERORR| 
2022-12-02 12:24:19.0718|FATAL|CHATBOTCONSTRUCTORTELEGRAM.VIEWMODELS.PROJECTWINDOWVIEWMODEL|FATAL| 
2022-12-02 12:24:19.0718|DEBUG|CHATBOTCONSTRUCTORTELEGRAM.VIEWMODELS.PROJECTWINDOWVIEWMODEL|DEBUG| 
2022-12-02 12:26:33.4755|INFO|ChatbotConstructorTelegram.ViewModels.ProjectWindowViewModel|Inicialization| 
2022-12-02 12:26:33.5033|TRACE|ChatbotConstructorTelegram.ViewModels.ProjectWindowViewModel|Trace| 
2022-12-02 12:26:33.5033|WARN|ChatbotConstructorTelegram.ViewModels.ProjectWindowViewModel|Warn| 
2022-12-02 12:26:33.5033|ERROR|ChatbotConstructorTelegram.ViewModels.ProjectWindowViewModel|Erorr| 
2022-12-02 12:26:33.5033|FATAL|ChatbotConstructorTelegram.ViewModels.ProjectWindowViewModel|Fatal| 
2022-12-02 12:26:33.5033|DEBUG|ChatbotConstructorTelegram.ViewModels.ProjectWindowViewModel|Debug| 
2022-12-02 12:39:12.0693|INFO|ChatbotConstructorTelegram.ViewModels.ProjectWindowViewModel|Inicialization| 
2022-12-02 12:39:12.0890|TRACE|ChatbotConstructorTelegram.ViewModels.ProjectWindowViewModel|Trace| 
2022-12-02 12:39:12.0890|WARN|ChatbotConstructorTelegram.ViewModels.ProjectWindowViewModel|Warn| 
2022-12-02 12:39:12.0890|ERROR|ChatbotConstructorTelegram.ViewModels.ProjectWindowViewModel|Erorr| 
2022-12-02 12:39:12.0890|FATAL|ChatbotConstructorTelegram.ViewModels.ProjectWindowViewModel|Fatal| 
2022-12-02 12:39:12.0890|DEBUG|ChatbotConstructorTelegram.ViewModels.ProjectWindowViewModel|Debug| 
2022-12-02 12:40:51.4470|INFO|ChatbotConstructorTelegram.ViewModels.ProjectWindowViewModel|Inicialization| 
2022-12-02 12:40:51.4699|TRACE|ChatbotConstructorTelegram.ViewModels.ProjectWindowViewModel|Trace| 
2022-12-02 12:40:51.4699|WARN|ChatbotConstructorTelegram.ViewModels.ProjectWindowViewModel|Warn| 
2022-12-02 12:40:51.4699|ERROR|ChatbotConstructorTelegram.ViewModels.ProjectWindowViewModel|Erorr| 
2022-12-02 12:40:51.4699|FATAL|ChatbotConstructorTelegram.ViewModels.ProjectWindowViewModel|Fatal| 
2022-12-02 12:40:51.4699|DEBUG|ChatbotConstructorTelegram.ViewModels.ProjectWindowViewModel|Debug| 
2022-12-02 15:44:21.2038|INFO|ChatbotConstructorTelegram.ViewModels.ProjectWindowViewModel|Inicialization| 
2022-12-02 15:44:21.2244|TRACE|ChatbotConstructorTelegram.ViewModels.ProjectWindowViewModel|Trace| 
2022-12-02 15:44:21.2244|WARN|ChatbotConstructorTelegram.ViewModels.ProjectWindowViewModel|Warn| 
2022-12-02 15:44:21.2244|ERROR|ChatbotConstructorTelegram.ViewModels.ProjectWindowViewModel|Erorr| 
2022-12-02 15:44:21.2244|FATAL|ChatbotConstructorTelegram.ViewModels.ProjectWindowViewModel|Fatal| 
2022-12-02 15:44:21.2244|DEBUG|ChatbotConstructorTelegram.ViewModels.ProjectWindowViewModel|Debug| 
2022-12-02 15:45:29.0799|INFO|ChatbotConstructorTelegram.ViewModels.ProjectWindowViewModel|Inicialization| 
2022-12-02 15:45:29.1085|TRACE|ChatbotConstructorTelegram.ViewModels.ProjectWindowViewModel|Trace| 
2022-12-02 15:45:29.1090|WARN|ChatbotConstructorTelegram.ViewModels.ProjectWindowViewModel|Warn| 
2022-12-02 15:45:29.1090|ERROR|ChatbotConstructorTelegram.ViewModels.ProjectWindowViewModel|Erorr| 
2022-12-02 15:45:29.1090|FATAL|ChatbotConstructorTelegram.ViewModels.ProjectWindowViewModel|Fatal| 
2022-12-02 15:45:29.1090|DEBUG|ChatbotConstructorTelegram.ViewModels.ProjectWindowViewModel|Debug| 
2022-12-02 15:50:19.2231|INFO|ChatbotConstructorTelegram.ViewModels.ProjectWindowViewModel|Inicialization| 
2022-12-02 15:50:19.2493|TRACE|ChatbotConstructorTelegram.ViewModels.ProjectWindowViewModel|Trace| 
2022-12-02 15:50:19.2493|WARN|ChatbotConstructorTelegram.ViewModels.ProjectWindowViewModel|Warn| 
2022-12-02 15:50:19.2493|ERROR|ChatbotConstructorTelegram.ViewModels.ProjectWindowViewModel|Erorr| 
2022-12-02 15:50:19.2493|FATAL|ChatbotConstructorTelegram.ViewModels.ProjectWindowViewModel|Fatal| 
2022-12-02 15:50:19.2493|DEBUG|ChatbotConstructorTelegram.ViewModels.ProjectWindowViewModel|Debug| 
2022-12-02 15:51:39.9054|INFO|ChatbotConstructorTelegram.ViewModels.ProjectWindowViewModel|Inicialization| 
2022-12-02 15:51:39.9258|TRACE|ChatbotConstructorTelegram.ViewModels.ProjectWindowViewModel|Trace| 
2022-12-02 15:51:39.9258|WARN|ChatbotConstructorTelegram.ViewModels.ProjectWindowViewModel|Warn| 
2022-12-02 15:51:39.9258|ERROR|ChatbotConstructorTelegram.ViewModels.ProjectWindowViewModel|Erorr| 
2022-12-02 15:51:39.9258|FATAL|ChatbotConstructorTelegram.ViewModels.ProjectWindowViewModel|Fatal| 
2022-12-02 15:51:39.9258|DEBUG|ChatbotConstructorTelegram.ViewModels.ProjectWindowViewModel|Debug| 
2022-12-02 15:52:27.6594|INFO|ChatbotConstructorTelegram.ViewModels.ProjectWindowViewModel|Inicialization| 
2022-12-02 15:52:27.6887|TRACE|ChatbotConstructorTelegram.ViewModels.ProjectWindowViewModel|Trace| 
2022-12-02 15:52:27.6887|WARN|ChatbotConstructorTelegram.ViewModels.ProjectWindowViewModel|Warn| 
2022-12-02 15:52:27.6887|ERROR|ChatbotConstructorTelegram.ViewModels.ProjectWindowViewModel|Erorr| 
2022-12-02 15:52:27.6887|FATAL|ChatbotConstructorTelegram.ViewModels.ProjectWindowViewModel|Fatal| 
2022-12-02 15:52:27.6887|DEBUG|ChatbotConstructorTelegram.ViewModels.ProjectWindowViewModel|Debug| 
2022-12-02 15:54:42.8805|INFO|ChatbotConstructorTelegram.ViewModels.ProjectWindowViewModel|Inicialization| 
2022-12-02 15:54:42.9038|TRACE|ChatbotConstructorTelegram.ViewModels.ProjectWindowViewModel|Trace| 
2022-12-02 15:54:42.9038|WARN|ChatbotConstructorTelegram.ViewModels.ProjectWindowViewModel|Warn| 
2022-12-02 15:54:42.9038|ERROR|ChatbotConstructorTelegram.ViewModels.ProjectWindowViewModel|Erorr| 
2022-12-02 15:54:42.9038|FATAL|ChatbotConstructorTelegram.ViewModels.ProjectWindowViewModel|Fatal| 
2022-12-02 15:54:42.9038|DEBUG|ChatbotConstructorTelegram.ViewModels.ProjectWindowViewModel|Debug| 
2022-12-02 15:55:05.5338|INFO|ChatbotConstructorTelegram.ViewModels.ProjectWindowViewModel|Inicialization| 
2022-12-02 15:55:05.5506|TRACE|ChatbotConstructorTelegram.ViewModels.ProjectWindowViewModel|Trace| 
2022-12-02 15:55:05.5506|WARN|ChatbotConstructorTelegram.ViewModels.ProjectWindowViewModel|Warn| 
2022-12-02 15:55:05.5506|ERROR|ChatbotConstructorTelegram.ViewModels.ProjectWindowViewModel|Erorr| 
2022-12-02 15:55:05.5506|FATAL|ChatbotConstructorTelegram.ViewModels.ProjectWindowViewModel|Fatal| 
2022-12-02 15:55:05.5506|DEBUG|ChatbotConstructorTelegram.ViewModels.ProjectWindowViewModel|Debug| 
2022-12-02 15:57:45.1586|INFO|ChatbotConstructorTelegram.ViewModels.ProjectWindowViewModel|Inicialization| 
2022-12-02 15:57:45.1752|TRACE|ChatbotConstructorTelegram.ViewModels.ProjectWindowViewModel|Trace| 
2022-12-02 15:57:45.1752|WARN|ChatbotConstructorTelegram.ViewModels.ProjectWindowViewModel|Warn| 
2022-12-02 15:57:45.1752|ERROR|ChatbotConstructorTelegram.ViewModels.ProjectWindowViewModel|Erorr| 
2022-12-02 15:57:45.1752|FATAL|ChatbotConstructorTelegram.ViewModels.ProjectWindowViewModel|Fatal| 
2022-12-02 15:57:45.1752|DEBUG|ChatbotConstructorTelegram.ViewModels.ProjectWindowViewModel|Debug| 
2022-12-02 15:58:34.6599|INFO|ChatbotConstructorTelegram.ViewModels.ProjectWindowViewModel|Inicialization| 
2022-12-02 15:58:34.6753|TRACE|ChatbotConstructorTelegram.ViewModels.ProjectWindowViewModel|Trace| 
2022-12-02 15:58:34.6753|WARN|ChatbotConstructorTelegram.ViewModels.ProjectWindowViewModel|Warn| 
2022-12-02 15:58:34.6753|ERROR|ChatbotConstructorTelegram.ViewModels.ProjectWindowViewModel|Erorr| 
2022-12-02 15:58:34.6753|FATAL|ChatbotConstructorTelegram.ViewModels.ProjectWindowViewModel|Fatal| 
2022-12-02 15:58:34.6753|DEBUG|ChatbotConstructorTelegram.ViewModels.ProjectWindowViewModel|Debug| 
2022-12-02 15:59:04.2668|INFO|ChatbotConstructorTelegram.ViewModels.ProjectWindowViewModel|Inicialization| 
2022-12-02 15:59:04.2906|TRACE|ChatbotConstructorTelegram.ViewModels.ProjectWindowViewModel|Trace| 
2022-12-02 15:59:04.2906|WARN|ChatbotConstructorTelegram.ViewModels.ProjectWindowViewModel|Warn| 
2022-12-02 15:59:04.2906|ERROR|ChatbotConstructorTelegram.ViewModels.ProjectWindowViewModel|Erorr| 
2022-12-02 15:59:04.2906|FATAL|ChatbotConstructorTelegram.ViewModels.ProjectWindowViewModel|Fatal| 
2022-12-02 15:59:04.2906|DEBUG|ChatbotConstructorTelegram.ViewModels.ProjectWindowViewModel|Debug| 
2022-12-02 16:00:31.3790|INFO|ChatbotConstructorTelegram.ViewModels.ProjectWindowViewModel|Inicialization| 
2022-12-02 16:00:31.4037|TRACE|ChatbotConstructorTelegram.ViewModels.ProjectWindowViewModel|Trace| 
2022-12-02 16:00:31.4037|WARN|ChatbotConstructorTelegram.ViewModels.ProjectWindowViewModel|Warn| 
2022-12-02 16:00:31.4037|ERROR|ChatbotConstructorTelegram.ViewModels.ProjectWindowViewModel|Erorr| 
2022-12-02 16:00:31.4037|FATAL|ChatbotConstructorTelegram.ViewModels.ProjectWindowViewModel|Fatal| 
2022-12-02 16:00:31.4037|DEBUG|ChatbotConstructorTelegram.ViewModels.ProjectWindowViewModel|Debug| 
2022-12-02 16:09:51.8742|INFO|ChatbotConstructorTelegram.ViewModels.ProjectWindowViewModel|Inicialization| 
2022-12-02 16:09:51.8985|TRACE|ChatbotConstructorTelegram.ViewModels.ProjectWindowViewModel|Trace| 
2022-12-02 16:09:51.8985|WARN|ChatbotConstructorTelegram.ViewModels.ProjectWindowViewModel|Warn| 
2022-12-02 16:09:51.8985|ERROR|ChatbotConstructorTelegram.ViewModels.ProjectWindowViewModel|Erorr| 
2022-12-02 16:09:51.8985|FATAL|ChatbotConstructorTelegram.ViewModels.ProjectWindowViewModel|Fatal| 
2022-12-02 16:09:51.8985|DEBUG|ChatbotConstructorTelegram.ViewModels.ProjectWindowViewModel|Debug| 
2022-12-02 16:12:47.0968|INFO|ChatbotConstructorTelegram.ViewModels.ProjectWindowViewModel|Inicialization| 
2022-12-02 16:12:47.1167|TRACE|ChatbotConstructorTelegram.ViewModels.ProjectWindowViewModel|Trace| 
2022-12-02 16:12:47.1167|WARN|ChatbotConstructorTelegram.ViewModels.ProjectWindowViewModel|Warn| 
2022-12-02 16:12:47.1167|ERROR|ChatbotConstructorTelegram.ViewModels.ProjectWindowViewModel|Erorr| 
2022-12-02 16:12:47.1167|FATAL|ChatbotConstructorTelegram.ViewModels.ProjectWindowViewModel|Fatal| 
2022-12-02 16:12:47.1167|DEBUG|ChatbotConstructorTelegram.ViewModels.ProjectWindowViewModel|Debug| 
2022-12-02 16:13:28.1908|INFO|ChatbotConstructorTelegram.ViewModels.ProjectWindowViewModel|Inicialization| 
2022-12-02 16:13:28.2115|TRACE|ChatbotConstructorTelegram.ViewModels.ProjectWindowViewModel|Trace| 
2022-12-02 16:13:28.2115|WARN|ChatbotConstructorTelegram.ViewModels.ProjectWindowViewModel|Warn| 
2022-12-02 16:13:28.2115|ERROR|ChatbotConstructorTelegram.ViewModels.ProjectWindowViewModel|Erorr| 
2022-12-02 16:13:28.2115|FATAL|ChatbotConstructorTelegram.ViewModels.ProjectWindowViewModel|Fatal| 
2022-12-02 16:13:28.2115|DEBUG|ChatbotConstructorTelegram.ViewModels.ProjectWindowViewModel|Debug| 
2022-12-02 16:13:45.4844|INFO|ChatbotConstructorTelegram.ViewModels.ProjectWindowViewModel|Inicialization| 
2022-12-02 16:13:45.5024|TRACE|ChatbotConstructorTelegram.ViewModels.ProjectWindowViewModel|Trace| 
2022-12-02 16:13:45.5024|WARN|ChatbotConstructorTelegram.ViewModels.ProjectWindowViewModel|Warn| 
2022-12-02 16:13:45.5024|ERROR|ChatbotConstructorTelegram.ViewModels.ProjectWindowViewModel|Erorr| 
2022-12-02 16:13:45.5024|FATAL|ChatbotConstructorTelegram.ViewModels.ProjectWindowViewModel|Fatal| 
2022-12-02 16:13:45.5024|DEBUG|ChatbotConstructorTelegram.ViewModels.ProjectWindowViewModel|Debug| 
2022-12-02 16:17:54.2675|INFO|ChatbotConstructorTelegram.ViewModels.ProjectWindowViewModel|Inicialization| 
2022-12-02 16:17:54.2978|TRACE|ChatbotConstructorTelegram.ViewModels.ProjectWindowViewModel|Trace| 
2022-12-02 16:17:54.2978|WARN|ChatbotConstructorTelegram.ViewModels.ProjectWindowViewModel|Warn| 
2022-12-02 16:17:54.2978|ERROR|ChatbotConstructorTelegram.ViewModels.ProjectWindowViewModel|Erorr| 
2022-12-02 16:17:54.2978|FATAL|ChatbotConstructorTelegram.ViewModels.ProjectWindowViewModel|Fatal| 
2022-12-02 16:17:54.2978|DEBUG|ChatbotConstructorTelegram.ViewModels.ProjectWindowViewModel|Debug| 
2022-12-02 16:29:52.9739|INFO|ChatbotConstructorTelegram.ViewModels.ProjectWindowViewModel|Inicialization| 
2022-12-02 16:29:52.9961|TRACE|ChatbotConstructorTelegram.ViewModels.ProjectWindowViewModel|Trace| 
2022-12-02 16:29:52.9961|WARN|ChatbotConstructorTelegram.ViewModels.ProjectWindowViewModel|Warn| 
2022-12-02 16:29:52.9961|ERROR|ChatbotConstructorTelegram.ViewModels.ProjectWindowViewModel|Erorr| 
2022-12-02 16:29:52.9961|FATAL|ChatbotConstructorTelegram.ViewModels.ProjectWindowViewModel|Fatal| 
2022-12-02 16:29:52.9961|DEBUG|ChatbotConstructorTelegram.ViewModels.ProjectWindowViewModel|Debug| 
2022-12-02 16:30:38.7189|INFO|ChatbotConstructorTelegram.ViewModels.ProjectWindowViewModel|Inicialization| 
2022-12-02 16:30:38.7510|TRACE|ChatbotConstructorTelegram.ViewModels.ProjectWindowViewModel|Trace| 
2022-12-02 16:30:38.7510|WARN|ChatbotConstructorTelegram.ViewModels.ProjectWindowViewModel|Warn| 
2022-12-02 16:30:38.7510|ERROR|ChatbotConstructorTelegram.ViewModels.ProjectWindowViewModel|Erorr| 
2022-12-02 16:30:38.7510|FATAL|ChatbotConstructorTelegram.ViewModels.ProjectWindowViewModel|Fatal| 
2022-12-02 16:30:38.7510|DEBUG|ChatbotConstructorTelegram.ViewModels.ProjectWindowViewModel|Debug| 
2022-12-02 16:30:50.0304|INFO|ChatbotConstructorTelegram.ViewModels.ProjectWindowViewModel|Inicialization| 
2022-12-02 16:30:50.0476|TRACE|ChatbotConstructorTelegram.ViewModels.ProjectWindowViewModel|Trace| 
2022-12-02 16:30:50.0476|WARN|ChatbotConstructorTelegram.ViewModels.ProjectWindowViewModel|Warn| 
2022-12-02 16:30:50.0476|ERROR|ChatbotConstructorTelegram.ViewModels.ProjectWindowViewModel|Erorr| 
2022-12-02 16:30:50.0476|FATAL|ChatbotConstructorTelegram.ViewModels.ProjectWindowViewModel|Fatal| 
2022-12-02 16:30:50.0476|DEBUG|ChatbotConstructorTelegram.ViewModels.ProjectWindowViewModel|Debug| 
2022-12-02 16:37:20.6095|INFO|ChatbotConstructorTelegram.ViewModels.ProjectWindowViewModel|Inicialization| 
2022-12-02 16:37:20.6412|TRACE|ChatbotConstructorTelegram.ViewModels.ProjectWindowViewModel|Trace| 
2022-12-02 16:37:20.6412|WARN|ChatbotConstructorTelegram.ViewModels.ProjectWindowViewModel|Warn| 
2022-12-02 16:37:20.6412|ERROR|ChatbotConstructorTelegram.ViewModels.ProjectWindowViewModel|Erorr| 
2022-12-02 16:37:20.6412|FATAL|ChatbotConstructorTelegram.ViewModels.ProjectWindowViewModel|Fatal| 
2022-12-02 16:37:20.6412|DEBUG|ChatbotConstructorTelegram.ViewModels.ProjectWindowViewModel|Debug| 
2022-12-02 16:41:00.5782|INFO|ChatbotConstructorTelegram.ViewModels.ProjectWindowViewModel|Inicialization| 
2022-12-02 16:41:00.5993|TRACE|ChatbotConstructorTelegram.ViewModels.ProjectWindowViewModel|Trace| 
2022-12-02 16:41:00.5993|WARN|ChatbotConstructorTelegram.ViewModels.ProjectWindowViewModel|Warn| 
2022-12-02 16:41:00.5993|ERROR|ChatbotConstructorTelegram.ViewModels.ProjectWindowViewModel|Erorr| 
2022-12-02 16:41:00.5993|FATAL|ChatbotConstructorTelegram.ViewModels.ProjectWindowViewModel|Fatal| 
2022-12-02 16:41:00.5993|DEBUG|ChatbotConstructorTelegram.ViewModels.ProjectWindowViewModel|Debug| 
2022-12-02 16:41:27.5302|INFO|ChatbotConstructorTelegram.ViewModels.ProjectWindowViewModel|Inicialization| 
2022-12-02 16:41:27.5491|TRACE|ChatbotConstructorTelegram.ViewModels.ProjectWindowViewModel|Trace| 
2022-12-02 16:41:27.5491|WARN|ChatbotConstructorTelegram.ViewModels.ProjectWindowViewModel|Warn| 
2022-12-02 16:41:27.5491|ERROR|ChatbotConstructorTelegram.ViewModels.ProjectWindowViewModel|Erorr| 
2022-12-02 16:41:27.5491|FATAL|ChatbotConstructorTelegram.ViewModels.ProjectWindowViewModel|Fatal| 
2022-12-02 16:41:27.5491|DEBUG|ChatbotConstructorTelegram.ViewModels.ProjectWindowViewModel|Debug| 
2022-12-02 16:41:47.1604|INFO|ChatbotConstructorTelegram.ViewModels.ProjectWindowViewModel|Inicialization| 
2022-12-02 16:41:47.1825|TRACE|ChatbotConstructorTelegram.ViewModels.ProjectWindowViewModel|Trace| 
2022-12-02 16:41:47.1825|WARN|ChatbotConstructorTelegram.ViewModels.ProjectWindowViewModel|Warn| 
2022-12-02 16:41:47.1825|ERROR|ChatbotConstructorTelegram.ViewModels.ProjectWindowViewModel|Erorr| 
2022-12-02 16:41:47.1825|FATAL|ChatbotConstructorTelegram.ViewModels.ProjectWindowViewModel|Fatal| 
2022-12-02 16:41:47.1825|DEBUG|ChatbotConstructorTelegram.ViewModels.ProjectWindowViewModel|Debug| 
2022-12-02 16:42:17.0350|INFO|ChatbotConstructorTelegram.ViewModels.ProjectWindowViewModel|Inicialization| 
2022-12-02 16:42:17.0616|TRACE|ChatbotConstructorTelegram.ViewModels.ProjectWindowViewModel|Trace| 
2022-12-02 16:42:17.0621|WARN|ChatbotConstructorTelegram.ViewModels.ProjectWindowViewModel|Warn| 
2022-12-02 16:42:17.0621|ERROR|ChatbotConstructorTelegram.ViewModels.ProjectWindowViewModel|Erorr| 
2022-12-02 16:42:17.0621|FATAL|ChatbotConstructorTelegram.ViewModels.ProjectWindowViewModel|Fatal| 
2022-12-02 16:42:17.0621|DEBUG|ChatbotConstructorTelegram.ViewModels.ProjectWindowViewModel|Debug| 
2022-12-02 16:43:28.8116|INFO|ChatbotConstructorTelegram.ViewModels.ProjectWindowViewModel|Inicialization| 
2022-12-02 16:43:28.8358|TRACE|ChatbotConstructorTelegram.ViewModels.ProjectWindowViewModel|Trace| 
2022-12-02 16:43:28.8358|WARN|ChatbotConstructorTelegram.ViewModels.ProjectWindowViewModel|Warn| 
2022-12-02 16:43:28.8358|ERROR|ChatbotConstructorTelegram.ViewModels.ProjectWindowViewModel|Erorr| 
2022-12-02 16:43:28.8358|FATAL|ChatbotConstructorTelegram.ViewModels.ProjectWindowViewModel|Fatal| 
2022-12-02 16:43:28.8358|DEBUG|ChatbotConstructorTelegram.ViewModels.ProjectWindowViewModel|Debug| 
2022-12-02 16:44:12.1265|INFO|ChatbotConstructorTelegram.ViewModels.ProjectWindowViewModel|Inicialization| 
2022-12-02 16:44:12.1430|TRACE|ChatbotConstructorTelegram.ViewModels.ProjectWindowViewModel|Trace| 
2022-12-02 16:44:12.1430|WARN|ChatbotConstructorTelegram.ViewModels.ProjectWindowViewModel|Warn| 
2022-12-02 16:44:12.1430|ERROR|ChatbotConstructorTelegram.ViewModels.ProjectWindowViewModel|Erorr| 
2022-12-02 16:44:12.1430|FATAL|ChatbotConstructorTelegram.ViewModels.ProjectWindowViewModel|Fatal| 
2022-12-02 16:44:12.1430|DEBUG|ChatbotConstructorTelegram.ViewModels.ProjectWindowViewModel|Debug| 
2022-12-02 16:44:28.1242|INFO|ChatbotConstructorTelegram.ViewModels.ProjectWindowViewModel|Inicialization| 
2022-12-02 16:44:28.1426|TRACE|ChatbotConstructorTelegram.ViewModels.ProjectWindowViewModel|Trace| 
2022-12-02 16:44:28.1426|WARN|ChatbotConstructorTelegram.ViewModels.ProjectWindowViewModel|Warn| 
2022-12-02 16:44:28.1426|ERROR|ChatbotConstructorTelegram.ViewModels.ProjectWindowViewModel|Erorr| 
2022-12-02 16:44:28.1426|FATAL|ChatbotConstructorTelegram.ViewModels.ProjectWindowViewModel|Fatal| 
2022-12-02 16:44:28.1426|DEBUG|ChatbotConstructorTelegram.ViewModels.ProjectWindowViewModel|Debug| 
2022-12-02 16:44:42.9273|INFO|ChatbotConstructorTelegram.ViewModels.ProjectWindowViewModel|Inicialization| 
2022-12-02 16:44:42.9469|TRACE|ChatbotConstructorTelegram.ViewModels.ProjectWindowViewModel|Trace| 
2022-12-02 16:44:42.9469|WARN|ChatbotConstructorTelegram.ViewModels.ProjectWindowViewModel|Warn| 
2022-12-02 16:44:42.9469|ERROR|ChatbotConstructorTelegram.ViewModels.ProjectWindowViewModel|Erorr| 
2022-12-02 16:44:42.9469|FATAL|ChatbotConstructorTelegram.ViewModels.ProjectWindowViewModel|Fatal| 
2022-12-02 16:44:42.9469|DEBUG|ChatbotConstructorTelegram.ViewModels.ProjectWindowViewModel|Debug| 
2022-12-02 16:45:30.1415|INFO|ChatbotConstructorTelegram.ViewModels.ProjectWindowViewModel|Inicialization| 
2022-12-02 16:45:30.1722|TRACE|ChatbotConstructorTelegram.ViewModels.ProjectWindowViewModel|Trace| 
2022-12-02 16:45:30.1722|WARN|ChatbotConstructorTelegram.ViewModels.ProjectWindowViewModel|Warn| 
2022-12-02 16:45:30.1722|ERROR|ChatbotConstructorTelegram.ViewModels.ProjectWindowViewModel|Erorr| 
2022-12-02 16:45:30.1722|FATAL|ChatbotConstructorTelegram.ViewModels.ProjectWindowViewModel|Fatal| 
2022-12-02 16:45:30.1722|DEBUG|ChatbotConstructorTelegram.ViewModels.ProjectWindowViewModel|Debug| 
2022-12-02 16:47:34.2250|INFO|ChatbotConstructorTelegram.ViewModels.ProjectWindowViewModel|Inicialization| 
2022-12-02 16:47:34.2493|TRACE|ChatbotConstructorTelegram.ViewModels.ProjectWindowViewModel|Trace| 
2022-12-02 16:47:34.2497|WARN|ChatbotConstructorTelegram.ViewModels.ProjectWindowViewModel|Warn| 
2022-12-02 16:47:34.2497|ERROR|ChatbotConstructorTelegram.ViewModels.ProjectWindowViewModel|Erorr| 
2022-12-02 16:47:34.2497|FATAL|ChatbotConstructorTelegram.ViewModels.ProjectWindowViewModel|Fatal| 
2022-12-02 16:47:34.2497|DEBUG|ChatbotConstructorTelegram.ViewModels.ProjectWindowViewModel|Debug| 
2022-12-02 16:51:07.3991|INFO|ChatbotConstructorTelegram.ViewModels.ProjectWindowViewModel|Inicialization| 
2022-12-02 16:51:07.4192|TRACE|ChatbotConstructorTelegram.ViewModels.ProjectWindowViewModel|Trace| 
2022-12-02 16:51:07.4192|WARN|ChatbotConstructorTelegram.ViewModels.ProjectWindowViewModel|Warn| 
2022-12-02 16:51:07.4192|ERROR|ChatbotConstructorTelegram.ViewModels.ProjectWindowViewModel|Erorr| 
2022-12-02 16:51:07.4192|FATAL|ChatbotConstructorTelegram.ViewModels.ProjectWindowViewModel|Fatal| 
2022-12-02 16:51:07.4192|DEBUG|ChatbotConstructorTelegram.ViewModels.ProjectWindowViewModel|Debug| 
2022-12-02 17:17:40.8691|INFO|ChatbotConstructorTelegram.ViewModels.MainWindowViewModel|Главное окно успешно запущено| 
2022-12-02 17:17:46.4119|ERROR|ChatbotConstructorTelegram.View.Window.MainWindow|An error occurred trying to start process 'C:\Koren\delo' with working directory 'C:\Users\fdkir\OneDrive\Рабочий стол\Диплом\Project\ChatbotConstructorTelegram\ChatbotConstructorTelegram\bin\Debug\net6.0-windows'. Не удается найти указанный файл.| 
2022-12-02 17:17:51.3188|INFO|ChatbotConstructorTelegram.View.Window.MainWindow|Создание проекта| 
2022-12-02 17:18:01.4834|INFO|ChatbotConstructorTelegram.ViewModels.ProjectWindowViewModel|Inicialization| 
2022-12-02 17:18:01.4834|TRACE|ChatbotConstructorTelegram.ViewModels.ProjectWindowViewModel|Trace| 
2022-12-02 17:18:01.4834|WARN|ChatbotConstructorTelegram.ViewModels.ProjectWindowViewModel|Warn| 
2022-12-02 17:18:01.4834|ERROR|ChatbotConstructorTelegram.ViewModels.ProjectWindowViewModel|Erorr| 
2022-12-02 17:18:01.4834|FATAL|ChatbotConstructorTelegram.ViewModels.ProjectWindowViewModel|Fatal| 
2022-12-02 17:18:01.4834|DEBUG|ChatbotConstructorTelegram.ViewModels.ProjectWindowViewModel|Debug| 
2022-12-02 17:18:01.5059|INFO|ChatbotConstructorTelegram.View.Window.CreationProjectWindow|Проверка пройдена запущен проект gsfdfsdfsdfsdf путь C:\Users\fdkir\OneDrive\Рабочий стол\EasyBot\Project\MVVM| 
2022-12-02 17:18:01.5472|INFO|ChatbotConstructorTelegram.ViewModels.CreationProjectViewModel|Введенные данные успешно сохранены| 
2022-12-02 17:48:18.2926|INFO|ChatbotConstructorTelegram.ViewModels.MainWindowViewModel|Главное окно успешно запущено| 
