2023-02-22 13:34:35.8973|INFO|ChatbotConstructorTelegram.Model.WorkEnvironment.RuntimeSystemManager|Статус рабочей среды сериализован| 
2023-02-22 13:34:35.9538|INFO|ChatbotConstructorTelegram.ViewModels.MainWindowViewModel|Главное окно успешно запущено| 
2023-02-22 13:34:38.0928|ERROR|ChatbotConstructorTelegram.Infrastructure.Manager.FileProjectManager|System.InvalidOperationException: There was an error reflecting type 'ChatbotConstructorTelegram.Model.File.WrapperDataBot'.| System.InvalidOperationException: There was an error reflecting type 'ChatbotConstructorTelegram.Model.File.WrapperDataBot'.
 ---> System.InvalidOperationException: There was an error reflecting property 'CommandProperties'.
 ---> System.InvalidOperationException: There was an error reflecting type 'ChatbotConstructorTelegram.Model.ViewData.BotCommandProperty'.
 ---> System.InvalidOperationException: Cannot serialize member 'ChatbotConstructorTelegram.Model.ViewData.BotCommandProperty.Buttons' of type 'System.Collections.ObjectModel.ObservableCollection`1[[ChatbotConstructorTelegram.Model.ViewData.IPropertyBot, ChatbotConstructorTelegram, Version=1.0.0.0, Culture=neutral, PublicKeyToken=null]]', see inner exception for more details.
 ---> System.NotSupportedException: Cannot serialize member ChatbotConstructorTelegram.Model.ViewData.BotCommandProperty.Buttons of type ChatbotConstructorTelegram.Model.ViewData.IPropertyBot because it is an interface.
   --- End of inner exception stack trace ---
   at System.Xml.Serialization.StructModel.CheckSupportedMember(TypeDesc typeDesc, MemberInfo member, Type type)
   at System.Xml.Serialization.StructModel.CheckSupportedMember(TypeDesc typeDesc, MemberInfo member, Type type)
   at System.Xml.Serialization.StructModel.GetPropertyModel(PropertyInfo propertyInfo)
   at System.Xml.Serialization.StructModel.GetFieldModel(MemberInfo memberInfo)
   at System.Xml.Serialization.XmlReflectionImporter.InitializeStructMembers(StructMapping mapping, StructModel model, Boolean openModel, String typeName, RecursionLimiter limiter)
   at System.Xml.Serialization.XmlReflectionImporter.ImportStructLikeMapping(StructModel model, String ns, Boolean openModel, XmlAttributes a, RecursionLimiter limiter)
   at System.Xml.Serialization.XmlReflectionImporter.ImportTypeMapping(TypeModel model, String ns, ImportContext context, String dataType, XmlAttributes a, Boolean repeats, Boolean openModel, RecursionLimiter limiter)
   --- End of inner exception stack trace ---
   at System.Xml.Serialization.XmlReflectionImporter.ImportTypeMapping(TypeModel model, String ns, ImportContext context, String dataType, XmlAttributes a, Boolean repeats, Boolean openModel, RecursionLimiter limiter)
   at System.Xml.Serialization.XmlReflectionImporter.CreateArrayElementsFromAttributes(ArrayMapping arrayMapping, XmlArrayItemAttributes attributes, Type arrayElementType, String arrayElementNs, RecursionLimiter limiter)
   at System.Xml.Serialization.XmlReflectionImporter.ImportArrayLikeMapping(ArrayModel model, String ns, RecursionLimiter limiter)
   at System.Xml.Serialization.XmlReflectionImporter.ImportAccessorMapping(MemberMapping accessor, FieldModel model, XmlAttributes a, String ns, Type choiceIdentifierType, Boolean rpc, Boolean openModel, RecursionLimiter limiter)
   at System.Xml.Serialization.XmlReflectionImporter.ImportFieldMapping(StructModel parent, FieldModel model, XmlAttributes a, String ns, RecursionLimiter limiter)
   at System.Xml.Serialization.XmlReflectionImporter.InitializeStructMembers(StructMapping mapping, StructModel model, Boolean openModel, String typeName, RecursionLimiter limiter)
   --- End of inner exception stack trace ---
   at System.Xml.Serialization.XmlReflectionImporter.InitializeStructMembers(StructMapping mapping, StructModel model, Boolean openModel, String typeName, RecursionLimiter limiter)
   at System.Xml.Serialization.XmlReflectionImporter.ImportStructLikeMapping(StructModel model, String ns, Boolean openModel, XmlAttributes a, RecursionLimiter limiter)
   at System.Xml.Serialization.XmlReflectionImporter.ImportTypeMapping(TypeModel model, String ns, ImportContext context, String dataType, XmlAttributes a, Boolean repeats, Boolean openModel, RecursionLimiter limiter)
   --- End of inner exception stack trace ---
   at System.Xml.Serialization.XmlReflectionImporter.ImportTypeMapping(TypeModel model, String ns, ImportContext context, String dataType, XmlAttributes a, Boolean repeats, Boolean openModel, RecursionLimiter limiter)
   at System.Xml.Serialization.XmlReflectionImporter.ImportElement(TypeModel model, XmlRootAttribute root, String defaultNamespace, RecursionLimiter limiter)
   at System.Xml.Serialization.XmlReflectionImporter.ImportTypeMapping(Type type, XmlRootAttribute root, String defaultNamespace)
   at System.Xml.Serialization.XmlSerializer..ctor(Type type, String defaultNamespace)
   at System.Xml.Serialization.XmlSerializer..ctor(Type type)
   at ChatbotConstructorTelegram.Infrastructure.Manager.FileProjectManager.GetWrapperDataBot(String pathFile) in C:\Users\fdkir\OneDrive\Рабочий стол\Диплом\Project\ChatbotConstructorTelegram\ChatbotConstructorTelegram\Infrastructure\Manager\FileProjectManager.cs:line 33
2023-02-22 13:34:38.3486|INFO|ChatbotConstructorTelegram.Model.ViewData.NoteProject|Проект C:\Users\fdkir\OneDrive\Рабочий стол\Диплом\Project\TestProject\NewDataProjTest\HelloWording.xml передан в окно конструктора| 
2023-02-22 13:34:52.0671|INFO|ChatbotConstructorTelegram.Model.WorkEnvironment.RuntimeSystemManager|Статус рабочей среды сериализован| 
2023-02-22 13:34:52.0922|INFO|ChatbotConstructorTelegram.ViewModels.MainWindowViewModel|Главное окно успешно запущено| 
2023-02-22 13:34:53.6123|ERROR|ChatbotConstructorTelegram.Infrastructure.Manager.FileProjectManager|System.InvalidOperationException: There was an error reflecting type 'ChatbotConstructorTelegram.Model.File.WrapperDataBot'.| System.InvalidOperationException: There was an error reflecting type 'ChatbotConstructorTelegram.Model.File.WrapperDataBot'.
 ---> System.InvalidOperationException: There was an error reflecting property 'CommandProperties'.
 ---> System.InvalidOperationException: There was an error reflecting type 'ChatbotConstructorTelegram.Model.ViewData.BotCommandProperty'.
 ---> System.InvalidOperationException: Cannot serialize member 'ChatbotConstructorTelegram.Model.ViewData.BotCommandProperty.Buttons' of type 'System.Collections.ObjectModel.ObservableCollection`1[[ChatbotConstructorTelegram.Model.ViewData.IPropertyBot, ChatbotConstructorTelegram, Version=1.0.0.0, Culture=neutral, PublicKeyToken=null]]', see inner exception for more details.
 ---> System.NotSupportedException: Cannot serialize member ChatbotConstructorTelegram.Model.ViewData.BotCommandProperty.Buttons of type ChatbotConstructorTelegram.Model.ViewData.IPropertyBot because it is an interface.
   --- End of inner exception stack trace ---
   at System.Xml.Serialization.StructModel.CheckSupportedMember(TypeDesc typeDesc, MemberInfo member, Type type)
   at System.Xml.Serialization.StructModel.CheckSupportedMember(TypeDesc typeDesc, MemberInfo member, Type type)
   at System.Xml.Serialization.StructModel.GetPropertyModel(PropertyInfo propertyInfo)
   at System.Xml.Serialization.StructModel.GetFieldModel(MemberInfo memberInfo)
   at System.Xml.Serialization.XmlReflectionImporter.InitializeStructMembers(StructMapping mapping, StructModel model, Boolean openModel, String typeName, RecursionLimiter limiter)
   at System.Xml.Serialization.XmlReflectionImporter.ImportStructLikeMapping(StructModel model, String ns, Boolean openModel, XmlAttributes a, RecursionLimiter limiter)
   at System.Xml.Serialization.XmlReflectionImporter.ImportTypeMapping(TypeModel model, String ns, ImportContext context, String dataType, XmlAttributes a, Boolean repeats, Boolean openModel, RecursionLimiter limiter)
   --- End of inner exception stack trace ---
   at System.Xml.Serialization.XmlReflectionImporter.ImportTypeMapping(TypeModel model, String ns, ImportContext context, String dataType, XmlAttributes a, Boolean repeats, Boolean openModel, RecursionLimiter limiter)
   at System.Xml.Serialization.XmlReflectionImporter.CreateArrayElementsFromAttributes(ArrayMapping arrayMapping, XmlArrayItemAttributes attributes, Type arrayElementType, String arrayElementNs, RecursionLimiter limiter)
   at System.Xml.Serialization.XmlReflectionImporter.ImportArrayLikeMapping(ArrayModel model, String ns, RecursionLimiter limiter)
   at System.Xml.Serialization.XmlReflectionImporter.ImportAccessorMapping(MemberMapping accessor, FieldModel model, XmlAttributes a, String ns, Type choiceIdentifierType, Boolean rpc, Boolean openModel, RecursionLimiter limiter)
   at System.Xml.Serialization.XmlReflectionImporter.ImportFieldMapping(StructModel parent, FieldModel model, XmlAttributes a, String ns, RecursionLimiter limiter)
   at System.Xml.Serialization.XmlReflectionImporter.InitializeStructMembers(StructMapping mapping, StructModel model, Boolean openModel, String typeName, RecursionLimiter limiter)
   --- End of inner exception stack trace ---
   at System.Xml.Serialization.XmlReflectionImporter.InitializeStructMembers(StructMapping mapping, StructModel model, Boolean openModel, String typeName, RecursionLimiter limiter)
   at System.Xml.Serialization.XmlReflectionImporter.ImportStructLikeMapping(StructModel model, String ns, Boolean openModel, XmlAttributes a, RecursionLimiter limiter)
   at System.Xml.Serialization.XmlReflectionImporter.ImportTypeMapping(TypeModel model, String ns, ImportContext context, String dataType, XmlAttributes a, Boolean repeats, Boolean openModel, RecursionLimiter limiter)
   --- End of inner exception stack trace ---
   at System.Xml.Serialization.XmlReflectionImporter.ImportTypeMapping(TypeModel model, String ns, ImportContext context, String dataType, XmlAttributes a, Boolean repeats, Boolean openModel, RecursionLimiter limiter)
   at System.Xml.Serialization.XmlReflectionImporter.ImportElement(TypeModel model, XmlRootAttribute root, String defaultNamespace, RecursionLimiter limiter)
   at System.Xml.Serialization.XmlReflectionImporter.ImportTypeMapping(Type type, XmlRootAttribute root, String defaultNamespace)
   at System.Xml.Serialization.XmlSerializer..ctor(Type type, String defaultNamespace)
   at System.Xml.Serialization.XmlSerializer..ctor(Type type)
   at ChatbotConstructorTelegram.Infrastructure.Manager.FileProjectManager.GetWrapperDataBot(String pathFile) in C:\Users\fdkir\OneDrive\Рабочий стол\Диплом\Project\ChatbotConstructorTelegram\ChatbotConstructorTelegram\Infrastructure\Manager\FileProjectManager.cs:line 33
2023-02-22 13:34:53.8226|INFO|ChatbotConstructorTelegram.Model.ViewData.NoteProject|Проект C:\Users\fdkir\OneDrive\Рабочий стол\Диплом\Project\TestProject\NewDataProjTest\HelloWording.xml передан в окно конструктора| 
2023-02-22 13:35:04.4099|INFO|ChatbotConstructorTelegram.ViewModels.ProjectWindowViewModel|Inline Кнопка Hello ID 87904e0d-bf30-4fba-9311-5fadd51338eb добавлена | 
2023-02-22 13:36:13.3322|INFO|ChatbotConstructorTelegram.Model.WorkEnvironment.RuntimeSystemManager|Статус рабочей среды сериализован| 
2023-02-22 13:36:13.3633|INFO|ChatbotConstructorTelegram.ViewModels.MainWindowViewModel|Главное окно успешно запущено| 
2023-02-22 13:36:15.0868|ERROR|ChatbotConstructorTelegram.Infrastructure.Manager.FileProjectManager|System.InvalidOperationException: There was an error reflecting type 'ChatbotConstructorTelegram.Model.File.WrapperDataBot'.| System.InvalidOperationException: There was an error reflecting type 'ChatbotConstructorTelegram.Model.File.WrapperDataBot'.
 ---> System.InvalidOperationException: There was an error reflecting property 'CommandProperties'.
 ---> System.InvalidOperationException: There was an error reflecting type 'ChatbotConstructorTelegram.Model.ViewData.BotCommandProperty'.
 ---> System.InvalidOperationException: Cannot serialize member 'ChatbotConstructorTelegram.Model.ViewData.BotCommandProperty.Buttons' of type 'System.Collections.ObjectModel.ObservableCollection`1[[ChatbotConstructorTelegram.Model.ViewData.IPropertyBot, ChatbotConstructorTelegram, Version=1.0.0.0, Culture=neutral, PublicKeyToken=null]]', see inner exception for more details.
 ---> System.NotSupportedException: Cannot serialize member ChatbotConstructorTelegram.Model.ViewData.BotCommandProperty.Buttons of type ChatbotConstructorTelegram.Model.ViewData.IPropertyBot because it is an interface.
   --- End of inner exception stack trace ---
   at System.Xml.Serialization.StructModel.CheckSupportedMember(TypeDesc typeDesc, MemberInfo member, Type type)
   at System.Xml.Serialization.StructModel.CheckSupportedMember(TypeDesc typeDesc, MemberInfo member, Type type)
   at System.Xml.Serialization.StructModel.GetPropertyModel(PropertyInfo propertyInfo)
   at System.Xml.Serialization.StructModel.GetFieldModel(MemberInfo memberInfo)
   at System.Xml.Serialization.XmlReflectionImporter.InitializeStructMembers(StructMapping mapping, StructModel model, Boolean openModel, String typeName, RecursionLimiter limiter)
   at System.Xml.Serialization.XmlReflectionImporter.ImportStructLikeMapping(StructModel model, String ns, Boolean openModel, XmlAttributes a, RecursionLimiter limiter)
   at System.Xml.Serialization.XmlReflectionImporter.ImportTypeMapping(TypeModel model, String ns, ImportContext context, String dataType, XmlAttributes a, Boolean repeats, Boolean openModel, RecursionLimiter limiter)
   --- End of inner exception stack trace ---
   at System.Xml.Serialization.XmlReflectionImporter.ImportTypeMapping(TypeModel model, String ns, ImportContext context, String dataType, XmlAttributes a, Boolean repeats, Boolean openModel, RecursionLimiter limiter)
   at System.Xml.Serialization.XmlReflectionImporter.CreateArrayElementsFromAttributes(ArrayMapping arrayMapping, XmlArrayItemAttributes attributes, Type arrayElementType, String arrayElementNs, RecursionLimiter limiter)
   at System.Xml.Serialization.XmlReflectionImporter.ImportArrayLikeMapping(ArrayModel model, String ns, RecursionLimiter limiter)
   at System.Xml.Serialization.XmlReflectionImporter.ImportAccessorMapping(MemberMapping accessor, FieldModel model, XmlAttributes a, String ns, Type choiceIdentifierType, Boolean rpc, Boolean openModel, RecursionLimiter limiter)
   at System.Xml.Serialization.XmlReflectionImporter.ImportFieldMapping(StructModel parent, FieldModel model, XmlAttributes a, String ns, RecursionLimiter limiter)
   at System.Xml.Serialization.XmlReflectionImporter.InitializeStructMembers(StructMapping mapping, StructModel model, Boolean openModel, String typeName, RecursionLimiter limiter)
   --- End of inner exception stack trace ---
   at System.Xml.Serialization.XmlReflectionImporter.InitializeStructMembers(StructMapping mapping, StructModel model, Boolean openModel, String typeName, RecursionLimiter limiter)
   at System.Xml.Serialization.XmlReflectionImporter.ImportStructLikeMapping(StructModel model, String ns, Boolean openModel, XmlAttributes a, RecursionLimiter limiter)
   at System.Xml.Serialization.XmlReflectionImporter.ImportTypeMapping(TypeModel model, String ns, ImportContext context, String dataType, XmlAttributes a, Boolean repeats, Boolean openModel, RecursionLimiter limiter)
   --- End of inner exception stack trace ---
   at System.Xml.Serialization.XmlReflectionImporter.ImportTypeMapping(TypeModel model, String ns, ImportContext context, String dataType, XmlAttributes a, Boolean repeats, Boolean openModel, RecursionLimiter limiter)
   at System.Xml.Serialization.XmlReflectionImporter.ImportElement(TypeModel model, XmlRootAttribute root, String defaultNamespace, RecursionLimiter limiter)
   at System.Xml.Serialization.XmlReflectionImporter.ImportTypeMapping(Type type, XmlRootAttribute root, String defaultNamespace)
   at System.Xml.Serialization.XmlSerializer..ctor(Type type, String defaultNamespace)
   at System.Xml.Serialization.XmlSerializer..ctor(Type type)
   at ChatbotConstructorTelegram.Infrastructure.Manager.FileProjectManager.GetWrapperDataBot(String pathFile) in C:\Users\fdkir\OneDrive\Рабочий стол\Диплом\Project\ChatbotConstructorTelegram\ChatbotConstructorTelegram\Infrastructure\Manager\FileProjectManager.cs:line 33
2023-02-22 13:36:15.3075|INFO|ChatbotConstructorTelegram.Model.ViewData.NoteProject|Проект C:\Users\fdkir\OneDrive\Рабочий стол\Диплом\Project\TestProject\NewDataProjTest\HelloWording.xml передан в окно конструктора| 
2023-02-22 13:36:38.4606|INFO|ChatbotConstructorTelegram.ViewModels.ProjectWindowViewModel|Inline Кнопка Hello ID 857ea1d6-121b-4314-818f-b0ace3e1a9b1 добавлена | 
2023-02-22 13:36:42.7956|INFO|ChatbotConstructorTelegram.ViewModels.ProjectWindowViewModel|Inline Кнопка dfsdfsf ID 0aaacdde-d7d5-41a5-af20-c01c476fb395 добавлена | 
2023-02-22 13:45:27.5799|INFO|ChatbotConstructorTelegram.Model.WorkEnvironment.RuntimeSystemManager|Статус рабочей среды сериализован| 
2023-02-22 13:45:27.6078|INFO|ChatbotConstructorTelegram.ViewModels.MainWindowViewModel|Главное окно успешно запущено| 
2023-02-22 13:45:29.5705|INFO|ChatbotConstructorTelegram.Model.ViewData.NoteProject|Проект C:\Users\fdkir\OneDrive\Рабочий стол\Диплом\Project\TestProject\NewDataProjTest\HelloWording.xml передан в окно конструктора| 
2023-02-22 13:45:40.2070|INFO|ChatbotConstructorTelegram.ViewModels.ProjectWindowViewModel|Inline Кнопка Hello ID dd64ae7b-3289-49af-b949-05db22f1d4b7 добавлена | 
2023-02-22 13:45:51.6286|INFO|ChatbotConstructorTelegram.ViewModels.ProjectWindowViewModel|Inline Кнопка rqerewr ID 6f1f60ca-d80b-4751-9b8d-174449ebfd15 добавлена | 
2023-02-22 13:46:23.8475|INFO|ChatbotConstructorTelegram.ViewModels.ProjectWindowViewModel|Inline Кнопка rqerewr ID 9a346f74-6f06-4bc3-bdae-a312b278d12a добавлена | 
2023-02-22 13:46:48.3892|INFO|ChatbotConstructorTelegram.Model.WorkEnvironment.RuntimeSystemManager|Статус рабочей среды сериализован| 
2023-02-22 13:46:48.4183|INFO|ChatbotConstructorTelegram.ViewModels.MainWindowViewModel|Главное окно успешно запущено| 
2023-02-22 13:46:50.4464|INFO|ChatbotConstructorTelegram.Model.ViewData.NoteProject|Проект C:\Users\fdkir\OneDrive\Рабочий стол\Диплом\Project\TestProject\NewDataProjTest\HelloWording.xml передан в окно конструктора| 
2023-02-22 13:46:54.2086|INFO|ChatbotConstructorTelegram.ViewModels.ProjectWindowViewModel|Inline Кнопка Hello ID 492a5827-d71d-40ea-89f2-5f00b7114fa5 добавлена | 
2023-02-22 13:48:36.7585|INFO|ChatbotConstructorTelegram.Model.WorkEnvironment.RuntimeSystemManager|Статус рабочей среды сериализован| 
2023-02-22 13:48:36.7861|INFO|ChatbotConstructorTelegram.ViewModels.MainWindowViewModel|Главное окно успешно запущено| 
2023-02-22 13:49:27.7233|INFO|ChatbotConstructorTelegram.Model.WorkEnvironment.RuntimeSystemManager|Статус рабочей среды сериализован| 
2023-02-22 13:49:27.7663|INFO|ChatbotConstructorTelegram.ViewModels.MainWindowViewModel|Главное окно успешно запущено| 
2023-02-22 13:49:29.8618|INFO|ChatbotConstructorTelegram.Model.ViewData.NoteProject|Проект C:\Users\fdkir\OneDrive\Рабочий стол\Диплом\Project\TestProject\NewDataProjTest\HelloWording.xml передан в окно конструктора| 
2023-02-22 13:49:37.4540|INFO|ChatbotConstructorTelegram.ViewModels.ProjectWindowViewModel|Inline Кнопка Hello ID 8ba4fe19-9524-4e93-a447-9aa2eac7f0e0 добавлена | 
2023-02-22 13:49:51.8169|INFO|ChatbotConstructorTelegram.ViewModels.ProjectWindowViewModel|Inline Кнопка Hello ID 9d83bc31-9dc8-4254-a4b6-b72c257d975d добавлена | 
2023-02-22 13:49:54.0380|INFO|ChatbotConstructorTelegram.ViewModels.ProjectWindowViewModel|Inline Кнопка Hello ID b44c8889-c612-4d9f-b479-d6699c718114 добавлена | 
2023-02-22 14:02:22.7183|INFO|ChatbotConstructorTelegram.Model.WorkEnvironment.RuntimeSystemManager|Статус рабочей среды сериализован| 
2023-02-22 14:02:22.7490|INFO|ChatbotConstructorTelegram.ViewModels.MainWindowViewModel|Главное окно успешно запущено| 
2023-02-22 14:02:24.3339|ERROR|ChatbotConstructorTelegram.Infrastructure.Manager.FileProjectManager|System.InvalidOperationException: There was an error reflecting type 'ChatbotConstructorTelegram.Model.File.WrapperDataBot'.| System.InvalidOperationException: There was an error reflecting type 'ChatbotConstructorTelegram.Model.File.WrapperDataBot'.
 ---> System.InvalidOperationException: There was an error reflecting property 'CommandProperties'.
 ---> System.InvalidOperationException: There was an error reflecting type 'ChatbotConstructorTelegram.Model.ViewData.BotCommandProperty'.
 ---> System.InvalidOperationException: Cannot serialize member 'ChatbotConstructorTelegram.Model.ViewData.BotCommandProperty.Buttons' of type 'System.Collections.ObjectModel.ObservableCollection`1[[ChatbotConstructorTelegram.Model.ViewData.IPropertyBot, ChatbotConstructorTelegram, Version=1.0.0.0, Culture=neutral, PublicKeyToken=null]]', see inner exception for more details.
 ---> System.NotSupportedException: Cannot serialize member ChatbotConstructorTelegram.Model.ViewData.BotCommandProperty.Buttons of type ChatbotConstructorTelegram.Model.ViewData.IPropertyBot because it is an interface.
   --- End of inner exception stack trace ---
   at System.Xml.Serialization.StructModel.CheckSupportedMember(TypeDesc typeDesc, MemberInfo member, Type type)
   at System.Xml.Serialization.StructModel.CheckSupportedMember(TypeDesc typeDesc, MemberInfo member, Type type)
   at System.Xml.Serialization.StructModel.GetPropertyModel(PropertyInfo propertyInfo)
   at System.Xml.Serialization.StructModel.GetFieldModel(MemberInfo memberInfo)
   at System.Xml.Serialization.XmlReflectionImporter.InitializeStructMembers(StructMapping mapping, StructModel model, Boolean openModel, String typeName, RecursionLimiter limiter)
   at System.Xml.Serialization.XmlReflectionImporter.ImportStructLikeMapping(StructModel model, String ns, Boolean openModel, XmlAttributes a, RecursionLimiter limiter)
   at System.Xml.Serialization.XmlReflectionImporter.ImportTypeMapping(TypeModel model, String ns, ImportContext context, String dataType, XmlAttributes a, Boolean repeats, Boolean openModel, RecursionLimiter limiter)
   --- End of inner exception stack trace ---
   at System.Xml.Serialization.XmlReflectionImporter.ImportTypeMapping(TypeModel model, String ns, ImportContext context, String dataType, XmlAttributes a, Boolean repeats, Boolean openModel, RecursionLimiter limiter)
   at System.Xml.Serialization.XmlReflectionImporter.CreateArrayElementsFromAttributes(ArrayMapping arrayMapping, XmlArrayItemAttributes attributes, Type arrayElementType, String arrayElementNs, RecursionLimiter limiter)
   at System.Xml.Serialization.XmlReflectionImporter.ImportArrayLikeMapping(ArrayModel model, String ns, RecursionLimiter limiter)
   at System.Xml.Serialization.XmlReflectionImporter.ImportAccessorMapping(MemberMapping accessor, FieldModel model, XmlAttributes a, String ns, Type choiceIdentifierType, Boolean rpc, Boolean openModel, RecursionLimiter limiter)
   at System.Xml.Serialization.XmlReflectionImporter.ImportFieldMapping(StructModel parent, FieldModel model, XmlAttributes a, String ns, RecursionLimiter limiter)
   at System.Xml.Serialization.XmlReflectionImporter.InitializeStructMembers(StructMapping mapping, StructModel model, Boolean openModel, String typeName, RecursionLimiter limiter)
   --- End of inner exception stack trace ---
   at System.Xml.Serialization.XmlReflectionImporter.InitializeStructMembers(StructMapping mapping, StructModel model, Boolean openModel, String typeName, RecursionLimiter limiter)
   at System.Xml.Serialization.XmlReflectionImporter.ImportStructLikeMapping(StructModel model, String ns, Boolean openModel, XmlAttributes a, RecursionLimiter limiter)
   at System.Xml.Serialization.XmlReflectionImporter.ImportTypeMapping(TypeModel model, String ns, ImportContext context, String dataType, XmlAttributes a, Boolean repeats, Boolean openModel, RecursionLimiter limiter)
   --- End of inner exception stack trace ---
   at System.Xml.Serialization.XmlReflectionImporter.ImportTypeMapping(TypeModel model, String ns, ImportContext context, String dataType, XmlAttributes a, Boolean repeats, Boolean openModel, RecursionLimiter limiter)
   at System.Xml.Serialization.XmlReflectionImporter.ImportElement(TypeModel model, XmlRootAttribute root, String defaultNamespace, RecursionLimiter limiter)
   at System.Xml.Serialization.XmlReflectionImporter.ImportTypeMapping(Type type, XmlRootAttribute root, String defaultNamespace)
   at System.Xml.Serialization.XmlSerializer..ctor(Type type, String defaultNamespace)
   at System.Xml.Serialization.XmlSerializer..ctor(Type type)
   at ChatbotConstructorTelegram.Infrastructure.Manager.FileProjectManager.GetWrapperDataBot(String pathFile) in C:\Users\fdkir\OneDrive\Рабочий стол\Диплом\Project\ChatbotConstructorTelegram\ChatbotConstructorTelegram\Infrastructure\Manager\FileProjectManager.cs:line 33
2023-02-22 14:02:24.5351|INFO|ChatbotConstructorTelegram.Model.ViewData.NoteProject|Проект C:\Users\fdkir\OneDrive\Рабочий стол\Диплом\Project\TestProject\NewDataProjTest\HelloWording.xml передан в окно конструктора| 
2023-02-22 14:04:40.6348|INFO|ChatbotConstructorTelegram.Model.WorkEnvironment.RuntimeSystemManager|Статус рабочей среды сериализован| 
2023-02-22 14:04:40.6585|INFO|ChatbotConstructorTelegram.ViewModels.MainWindowViewModel|Главное окно успешно запущено| 
2023-02-22 14:04:42.3324|ERROR|ChatbotConstructorTelegram.Infrastructure.Manager.FileProjectManager|System.InvalidOperationException: There was an error reflecting type 'ChatbotConstructorTelegram.Model.File.WrapperDataBot'.| System.InvalidOperationException: There was an error reflecting type 'ChatbotConstructorTelegram.Model.File.WrapperDataBot'.
 ---> System.InvalidOperationException: There was an error reflecting property 'CommandProperties'.
 ---> System.InvalidOperationException: There was an error reflecting type 'ChatbotConstructorTelegram.Model.ViewData.BotCommandProperty'.
 ---> System.InvalidOperationException: Cannot serialize member 'ChatbotConstructorTelegram.Model.ViewData.BotCommandProperty.Buttons' of type 'System.Collections.ObjectModel.ObservableCollection`1[[ChatbotConstructorTelegram.Model.ViewData.IPropertyBot, ChatbotConstructorTelegram, Version=1.0.0.0, Culture=neutral, PublicKeyToken=null]]', see inner exception for more details.
 ---> System.NotSupportedException: Cannot serialize member ChatbotConstructorTelegram.Model.ViewData.BotCommandProperty.Buttons of type ChatbotConstructorTelegram.Model.ViewData.IPropertyBot because it is an interface.
   --- End of inner exception stack trace ---
   at System.Xml.Serialization.StructModel.CheckSupportedMember(TypeDesc typeDesc, MemberInfo member, Type type)
   at System.Xml.Serialization.StructModel.CheckSupportedMember(TypeDesc typeDesc, MemberInfo member, Type type)
   at System.Xml.Serialization.StructModel.GetPropertyModel(PropertyInfo propertyInfo)
   at System.Xml.Serialization.StructModel.GetFieldModel(MemberInfo memberInfo)
   at System.Xml.Serialization.XmlReflectionImporter.InitializeStructMembers(StructMapping mapping, StructModel model, Boolean openModel, String typeName, RecursionLimiter limiter)
   at System.Xml.Serialization.XmlReflectionImporter.ImportStructLikeMapping(StructModel model, String ns, Boolean openModel, XmlAttributes a, RecursionLimiter limiter)
   at System.Xml.Serialization.XmlReflectionImporter.ImportTypeMapping(TypeModel model, String ns, ImportContext context, String dataType, XmlAttributes a, Boolean repeats, Boolean openModel, RecursionLimiter limiter)
   --- End of inner exception stack trace ---
   at System.Xml.Serialization.XmlReflectionImporter.ImportTypeMapping(TypeModel model, String ns, ImportContext context, String dataType, XmlAttributes a, Boolean repeats, Boolean openModel, RecursionLimiter limiter)
   at System.Xml.Serialization.XmlReflectionImporter.CreateArrayElementsFromAttributes(ArrayMapping arrayMapping, XmlArrayItemAttributes attributes, Type arrayElementType, String arrayElementNs, RecursionLimiter limiter)
   at System.Xml.Serialization.XmlReflectionImporter.ImportArrayLikeMapping(ArrayModel model, String ns, RecursionLimiter limiter)
   at System.Xml.Serialization.XmlReflectionImporter.ImportAccessorMapping(MemberMapping accessor, FieldModel model, XmlAttributes a, String ns, Type choiceIdentifierType, Boolean rpc, Boolean openModel, RecursionLimiter limiter)
   at System.Xml.Serialization.XmlReflectionImporter.ImportFieldMapping(StructModel parent, FieldModel model, XmlAttributes a, String ns, RecursionLimiter limiter)
   at System.Xml.Serialization.XmlReflectionImporter.InitializeStructMembers(StructMapping mapping, StructModel model, Boolean openModel, String typeName, RecursionLimiter limiter)
   --- End of inner exception stack trace ---
   at System.Xml.Serialization.XmlReflectionImporter.InitializeStructMembers(StructMapping mapping, StructModel model, Boolean openModel, String typeName, RecursionLimiter limiter)
   at System.Xml.Serialization.XmlReflectionImporter.ImportStructLikeMapping(StructModel model, String ns, Boolean openModel, XmlAttributes a, RecursionLimiter limiter)
   at System.Xml.Serialization.XmlReflectionImporter.ImportTypeMapping(TypeModel model, String ns, ImportContext context, String dataType, XmlAttributes a, Boolean repeats, Boolean openModel, RecursionLimiter limiter)
   --- End of inner exception stack trace ---
   at System.Xml.Serialization.XmlReflectionImporter.ImportTypeMapping(TypeModel model, String ns, ImportContext context, String dataType, XmlAttributes a, Boolean repeats, Boolean openModel, RecursionLimiter limiter)
   at System.Xml.Serialization.XmlReflectionImporter.ImportElement(TypeModel model, XmlRootAttribute root, String defaultNamespace, RecursionLimiter limiter)
   at System.Xml.Serialization.XmlReflectionImporter.ImportTypeMapping(Type type, XmlRootAttribute root, String defaultNamespace)
   at System.Xml.Serialization.XmlSerializer..ctor(Type type, String defaultNamespace)
   at System.Xml.Serialization.XmlSerializer..ctor(Type type)
   at ChatbotConstructorTelegram.Infrastructure.Manager.FileProjectManager.GetWrapperDataBot(String pathFile) in C:\Users\fdkir\OneDrive\Рабочий стол\Диплом\Project\ChatbotConstructorTelegram\ChatbotConstructorTelegram\Infrastructure\Manager\FileProjectManager.cs:line 33
2023-02-22 14:04:42.5741|INFO|ChatbotConstructorTelegram.Model.ViewData.NoteProject|Проект C:\Users\fdkir\OneDrive\Рабочий стол\Диплом\Project\TestProject\NewDataProjTest\HelloWording.xml передан в окно конструктора| 
2023-02-22 14:07:40.5235|INFO|ChatbotConstructorTelegram.Model.WorkEnvironment.RuntimeSystemManager|Статус рабочей среды сериализован| 
2023-02-22 14:07:40.5482|INFO|ChatbotConstructorTelegram.ViewModels.MainWindowViewModel|Главное окно успешно запущено| 
2023-02-22 14:07:42.1968|ERROR|ChatbotConstructorTelegram.Infrastructure.Manager.FileProjectManager|System.InvalidOperationException: There was an error reflecting type 'ChatbotConstructorTelegram.Model.File.WrapperDataBot'.| System.InvalidOperationException: There was an error reflecting type 'ChatbotConstructorTelegram.Model.File.WrapperDataBot'.
 ---> System.InvalidOperationException: There was an error reflecting property 'CommandProperties'.
 ---> System.InvalidOperationException: There was an error reflecting type 'ChatbotConstructorTelegram.Model.ViewData.BotCommandProperty'.
 ---> System.InvalidOperationException: Cannot serialize member 'ChatbotConstructorTelegram.Model.ViewData.BotCommandProperty.Buttons' of type 'System.Collections.ObjectModel.ObservableCollection`1[[ChatbotConstructorTelegram.Model.ViewData.IPropertyBot, ChatbotConstructorTelegram, Version=1.0.0.0, Culture=neutral, PublicKeyToken=null]]', see inner exception for more details.
 ---> System.NotSupportedException: Cannot serialize member ChatbotConstructorTelegram.Model.ViewData.BotCommandProperty.Buttons of type ChatbotConstructorTelegram.Model.ViewData.IPropertyBot because it is an interface.
   --- End of inner exception stack trace ---
   at System.Xml.Serialization.StructModel.CheckSupportedMember(TypeDesc typeDesc, MemberInfo member, Type type)
   at System.Xml.Serialization.StructModel.CheckSupportedMember(TypeDesc typeDesc, MemberInfo member, Type type)
   at System.Xml.Serialization.StructModel.GetPropertyModel(PropertyInfo propertyInfo)
   at System.Xml.Serialization.StructModel.GetFieldModel(MemberInfo memberInfo)
   at System.Xml.Serialization.XmlReflectionImporter.InitializeStructMembers(StructMapping mapping, StructModel model, Boolean openModel, String typeName, RecursionLimiter limiter)
   at System.Xml.Serialization.XmlReflectionImporter.ImportStructLikeMapping(StructModel model, String ns, Boolean openModel, XmlAttributes a, RecursionLimiter limiter)
   at System.Xml.Serialization.XmlReflectionImporter.ImportTypeMapping(TypeModel model, String ns, ImportContext context, String dataType, XmlAttributes a, Boolean repeats, Boolean openModel, RecursionLimiter limiter)
   --- End of inner exception stack trace ---
   at System.Xml.Serialization.XmlReflectionImporter.ImportTypeMapping(TypeModel model, String ns, ImportContext context, String dataType, XmlAttributes a, Boolean repeats, Boolean openModel, RecursionLimiter limiter)
   at System.Xml.Serialization.XmlReflectionImporter.CreateArrayElementsFromAttributes(ArrayMapping arrayMapping, XmlArrayItemAttributes attributes, Type arrayElementType, String arrayElementNs, RecursionLimiter limiter)
   at System.Xml.Serialization.XmlReflectionImporter.ImportArrayLikeMapping(ArrayModel model, String ns, RecursionLimiter limiter)
   at System.Xml.Serialization.XmlReflectionImporter.ImportAccessorMapping(MemberMapping accessor, FieldModel model, XmlAttributes a, String ns, Type choiceIdentifierType, Boolean rpc, Boolean openModel, RecursionLimiter limiter)
   at System.Xml.Serialization.XmlReflectionImporter.ImportFieldMapping(StructModel parent, FieldModel model, XmlAttributes a, String ns, RecursionLimiter limiter)
   at System.Xml.Serialization.XmlReflectionImporter.InitializeStructMembers(StructMapping mapping, StructModel model, Boolean openModel, String typeName, RecursionLimiter limiter)
   --- End of inner exception stack trace ---
   at System.Xml.Serialization.XmlReflectionImporter.InitializeStructMembers(StructMapping mapping, StructModel model, Boolean openModel, String typeName, RecursionLimiter limiter)
   at System.Xml.Serialization.XmlReflectionImporter.ImportStructLikeMapping(StructModel model, String ns, Boolean openModel, XmlAttributes a, RecursionLimiter limiter)
   at System.Xml.Serialization.XmlReflectionImporter.ImportTypeMapping(TypeModel model, String ns, ImportContext context, String dataType, XmlAttributes a, Boolean repeats, Boolean openModel, RecursionLimiter limiter)
   --- End of inner exception stack trace ---
   at System.Xml.Serialization.XmlReflectionImporter.ImportTypeMapping(TypeModel model, String ns, ImportContext context, String dataType, XmlAttributes a, Boolean repeats, Boolean openModel, RecursionLimiter limiter)
   at System.Xml.Serialization.XmlReflectionImporter.ImportElement(TypeModel model, XmlRootAttribute root, String defaultNamespace, RecursionLimiter limiter)
   at System.Xml.Serialization.XmlReflectionImporter.ImportTypeMapping(Type type, XmlRootAttribute root, String defaultNamespace)
   at System.Xml.Serialization.XmlSerializer..ctor(Type type, String defaultNamespace)
   at System.Xml.Serialization.XmlSerializer..ctor(Type type)
   at ChatbotConstructorTelegram.Infrastructure.Manager.FileProjectManager.GetWrapperDataBot(String pathFile) in C:\Users\fdkir\OneDrive\Рабочий стол\Диплом\Project\ChatbotConstructorTelegram\ChatbotConstructorTelegram\Infrastructure\Manager\FileProjectManager.cs:line 33
2023-02-22 14:07:42.4259|INFO|ChatbotConstructorTelegram.Model.ViewData.NoteProject|Проект C:\Users\fdkir\OneDrive\Рабочий стол\Диплом\Project\TestProject\NewDataProjTest\HelloWording.xml передан в окно конструктора| 
2023-02-22 14:08:21.2007|INFO|ChatbotConstructorTelegram.Model.WorkEnvironment.RuntimeSystemManager|Статус рабочей среды сериализован| 
2023-02-22 14:08:21.2339|INFO|ChatbotConstructorTelegram.ViewModels.MainWindowViewModel|Главное окно успешно запущено| 
2023-02-22 14:08:22.7660|ERROR|ChatbotConstructorTelegram.Infrastructure.Manager.FileProjectManager|System.InvalidOperationException: There was an error reflecting type 'ChatbotConstructorTelegram.Model.File.WrapperDataBot'.| System.InvalidOperationException: There was an error reflecting type 'ChatbotConstructorTelegram.Model.File.WrapperDataBot'.
 ---> System.InvalidOperationException: There was an error reflecting property 'CommandProperties'.
 ---> System.InvalidOperationException: There was an error reflecting type 'ChatbotConstructorTelegram.Model.ViewData.BotCommandProperty'.
 ---> System.InvalidOperationException: Cannot serialize member 'ChatbotConstructorTelegram.Model.ViewData.BotCommandProperty.Buttons' of type 'System.Collections.ObjectModel.ObservableCollection`1[[ChatbotConstructorTelegram.Model.ViewData.IPropertyBot, ChatbotConstructorTelegram, Version=1.0.0.0, Culture=neutral, PublicKeyToken=null]]', see inner exception for more details.
 ---> System.NotSupportedException: Cannot serialize member ChatbotConstructorTelegram.Model.ViewData.BotCommandProperty.Buttons of type ChatbotConstructorTelegram.Model.ViewData.IPropertyBot because it is an interface.
   --- End of inner exception stack trace ---
   at System.Xml.Serialization.StructModel.CheckSupportedMember(TypeDesc typeDesc, MemberInfo member, Type type)
   at System.Xml.Serialization.StructModel.CheckSupportedMember(TypeDesc typeDesc, MemberInfo member, Type type)
   at System.Xml.Serialization.StructModel.GetPropertyModel(PropertyInfo propertyInfo)
   at System.Xml.Serialization.StructModel.GetFieldModel(MemberInfo memberInfo)
   at System.Xml.Serialization.XmlReflectionImporter.InitializeStructMembers(StructMapping mapping, StructModel model, Boolean openModel, String typeName, RecursionLimiter limiter)
   at System.Xml.Serialization.XmlReflectionImporter.ImportStructLikeMapping(StructModel model, String ns, Boolean openModel, XmlAttributes a, RecursionLimiter limiter)
   at System.Xml.Serialization.XmlReflectionImporter.ImportTypeMapping(TypeModel model, String ns, ImportContext context, String dataType, XmlAttributes a, Boolean repeats, Boolean openModel, RecursionLimiter limiter)
   --- End of inner exception stack trace ---
   at System.Xml.Serialization.XmlReflectionImporter.ImportTypeMapping(TypeModel model, String ns, ImportContext context, String dataType, XmlAttributes a, Boolean repeats, Boolean openModel, RecursionLimiter limiter)
   at System.Xml.Serialization.XmlReflectionImporter.CreateArrayElementsFromAttributes(ArrayMapping arrayMapping, XmlArrayItemAttributes attributes, Type arrayElementType, String arrayElementNs, RecursionLimiter limiter)
   at System.Xml.Serialization.XmlReflectionImporter.ImportArrayLikeMapping(ArrayModel model, String ns, RecursionLimiter limiter)
   at System.Xml.Serialization.XmlReflectionImporter.ImportAccessorMapping(MemberMapping accessor, FieldModel model, XmlAttributes a, String ns, Type choiceIdentifierType, Boolean rpc, Boolean openModel, RecursionLimiter limiter)
   at System.Xml.Serialization.XmlReflectionImporter.ImportFieldMapping(StructModel parent, FieldModel model, XmlAttributes a, String ns, RecursionLimiter limiter)
   at System.Xml.Serialization.XmlReflectionImporter.InitializeStructMembers(StructMapping mapping, StructModel model, Boolean openModel, String typeName, RecursionLimiter limiter)
   --- End of inner exception stack trace ---
   at System.Xml.Serialization.XmlReflectionImporter.InitializeStructMembers(StructMapping mapping, StructModel model, Boolean openModel, String typeName, RecursionLimiter limiter)
   at System.Xml.Serialization.XmlReflectionImporter.ImportStructLikeMapping(StructModel model, String ns, Boolean openModel, XmlAttributes a, RecursionLimiter limiter)
   at System.Xml.Serialization.XmlReflectionImporter.ImportTypeMapping(TypeModel model, String ns, ImportContext context, String dataType, XmlAttributes a, Boolean repeats, Boolean openModel, RecursionLimiter limiter)
   --- End of inner exception stack trace ---
   at System.Xml.Serialization.XmlReflectionImporter.ImportTypeMapping(TypeModel model, String ns, ImportContext context, String dataType, XmlAttributes a, Boolean repeats, Boolean openModel, RecursionLimiter limiter)
   at System.Xml.Serialization.XmlReflectionImporter.ImportElement(TypeModel model, XmlRootAttribute root, String defaultNamespace, RecursionLimiter limiter)
   at System.Xml.Serialization.XmlReflectionImporter.ImportTypeMapping(Type type, XmlRootAttribute root, String defaultNamespace)
   at System.Xml.Serialization.XmlSerializer..ctor(Type type, String defaultNamespace)
   at System.Xml.Serialization.XmlSerializer..ctor(Type type)
   at ChatbotConstructorTelegram.Infrastructure.Manager.FileProjectManager.GetWrapperDataBot(String pathFile) in C:\Users\fdkir\OneDrive\Рабочий стол\Диплом\Project\ChatbotConstructorTelegram\ChatbotConstructorTelegram\Infrastructure\Manager\FileProjectManager.cs:line 33
2023-02-22 14:08:23.0084|INFO|ChatbotConstructorTelegram.Model.ViewData.NoteProject|Проект C:\Users\fdkir\OneDrive\Рабочий стол\Диплом\Project\TestProject\NewDataProjTest\HelloWording.xml передан в окно конструктора| 
2023-02-22 14:09:23.1948|INFO|ChatbotConstructorTelegram.Model.WorkEnvironment.RuntimeSystemManager|Статус рабочей среды сериализован| 
2023-02-22 14:09:23.2348|INFO|ChatbotConstructorTelegram.ViewModels.MainWindowViewModel|Главное окно успешно запущено| 
2023-02-22 14:09:24.7397|ERROR|ChatbotConstructorTelegram.Infrastructure.Manager.FileProjectManager|System.InvalidOperationException: There was an error reflecting type 'ChatbotConstructorTelegram.Model.File.WrapperDataBot'.| System.InvalidOperationException: There was an error reflecting type 'ChatbotConstructorTelegram.Model.File.WrapperDataBot'.
 ---> System.InvalidOperationException: There was an error reflecting property 'CommandProperties'.
 ---> System.InvalidOperationException: There was an error reflecting type 'ChatbotConstructorTelegram.Model.ViewData.BotCommandProperty'.
 ---> System.InvalidOperationException: Cannot serialize member 'ChatbotConstructorTelegram.Model.ViewData.BotCommandProperty.Buttons' of type 'System.Collections.ObjectModel.ObservableCollection`1[[ChatbotConstructorTelegram.Model.ViewData.IPropertyBot, ChatbotConstructorTelegram, Version=1.0.0.0, Culture=neutral, PublicKeyToken=null]]', see inner exception for more details.
 ---> System.NotSupportedException: Cannot serialize member ChatbotConstructorTelegram.Model.ViewData.BotCommandProperty.Buttons of type ChatbotConstructorTelegram.Model.ViewData.IPropertyBot because it is an interface.
   --- End of inner exception stack trace ---
   at System.Xml.Serialization.StructModel.CheckSupportedMember(TypeDesc typeDesc, MemberInfo member, Type type)
   at System.Xml.Serialization.StructModel.CheckSupportedMember(TypeDesc typeDesc, MemberInfo member, Type type)
   at System.Xml.Serialization.StructModel.GetPropertyModel(PropertyInfo propertyInfo)
   at System.Xml.Serialization.StructModel.GetFieldModel(MemberInfo memberInfo)
   at System.Xml.Serialization.XmlReflectionImporter.InitializeStructMembers(StructMapping mapping, StructModel model, Boolean openModel, String typeName, RecursionLimiter limiter)
   at System.Xml.Serialization.XmlReflectionImporter.ImportStructLikeMapping(StructModel model, String ns, Boolean openModel, XmlAttributes a, RecursionLimiter limiter)
   at System.Xml.Serialization.XmlReflectionImporter.ImportTypeMapping(TypeModel model, String ns, ImportContext context, String dataType, XmlAttributes a, Boolean repeats, Boolean openModel, RecursionLimiter limiter)
   --- End of inner exception stack trace ---
   at System.Xml.Serialization.XmlReflectionImporter.ImportTypeMapping(TypeModel model, String ns, ImportContext context, String dataType, XmlAttributes a, Boolean repeats, Boolean openModel, RecursionLimiter limiter)
   at System.Xml.Serialization.XmlReflectionImporter.CreateArrayElementsFromAttributes(ArrayMapping arrayMapping, XmlArrayItemAttributes attributes, Type arrayElementType, String arrayElementNs, RecursionLimiter limiter)
   at System.Xml.Serialization.XmlReflectionImporter.ImportArrayLikeMapping(ArrayModel model, String ns, RecursionLimiter limiter)
   at System.Xml.Serialization.XmlReflectionImporter.ImportAccessorMapping(MemberMapping accessor, FieldModel model, XmlAttributes a, String ns, Type choiceIdentifierType, Boolean rpc, Boolean openModel, RecursionLimiter limiter)
   at System.Xml.Serialization.XmlReflectionImporter.ImportFieldMapping(StructModel parent, FieldModel model, XmlAttributes a, String ns, RecursionLimiter limiter)
   at System.Xml.Serialization.XmlReflectionImporter.InitializeStructMembers(StructMapping mapping, StructModel model, Boolean openModel, String typeName, RecursionLimiter limiter)
   --- End of inner exception stack trace ---
   at System.Xml.Serialization.XmlReflectionImporter.InitializeStructMembers(StructMapping mapping, StructModel model, Boolean openModel, String typeName, RecursionLimiter limiter)
   at System.Xml.Serialization.XmlReflectionImporter.ImportStructLikeMapping(StructModel model, String ns, Boolean openModel, XmlAttributes a, RecursionLimiter limiter)
   at System.Xml.Serialization.XmlReflectionImporter.ImportTypeMapping(TypeModel model, String ns, ImportContext context, String dataType, XmlAttributes a, Boolean repeats, Boolean openModel, RecursionLimiter limiter)
   --- End of inner exception stack trace ---
   at System.Xml.Serialization.XmlReflectionImporter.ImportTypeMapping(TypeModel model, String ns, ImportContext context, String dataType, XmlAttributes a, Boolean repeats, Boolean openModel, RecursionLimiter limiter)
   at System.Xml.Serialization.XmlReflectionImporter.ImportElement(TypeModel model, XmlRootAttribute root, String defaultNamespace, RecursionLimiter limiter)
   at System.Xml.Serialization.XmlReflectionImporter.ImportTypeMapping(Type type, XmlRootAttribute root, String defaultNamespace)
   at System.Xml.Serialization.XmlSerializer..ctor(Type type, String defaultNamespace)
   at System.Xml.Serialization.XmlSerializer..ctor(Type type)
   at ChatbotConstructorTelegram.Infrastructure.Manager.FileProjectManager.GetWrapperDataBot(String pathFile) in C:\Users\fdkir\OneDrive\Рабочий стол\Диплом\Project\ChatbotConstructorTelegram\ChatbotConstructorTelegram\Infrastructure\Manager\FileProjectManager.cs:line 33
2023-02-22 14:09:25.0009|INFO|ChatbotConstructorTelegram.Model.ViewData.NoteProject|Проект C:\Users\fdkir\OneDrive\Рабочий стол\Диплом\Project\TestProject\NewDataProjTest\HelloWording.xml передан в окно конструктора| 
2023-02-22 14:10:47.8214|INFO|ChatbotConstructorTelegram.Model.WorkEnvironment.RuntimeSystemManager|Статус рабочей среды сериализован| 
2023-02-22 14:10:47.8536|INFO|ChatbotConstructorTelegram.ViewModels.MainWindowViewModel|Главное окно успешно запущено| 
2023-02-22 14:10:49.9445|ERROR|ChatbotConstructorTelegram.Infrastructure.Manager.FileProjectManager|System.InvalidOperationException: There was an error reflecting type 'ChatbotConstructorTelegram.Model.File.WrapperDataBot'.| System.InvalidOperationException: There was an error reflecting type 'ChatbotConstructorTelegram.Model.File.WrapperDataBot'.
 ---> System.InvalidOperationException: There was an error reflecting property 'CommandProperties'.
 ---> System.InvalidOperationException: There was an error reflecting type 'ChatbotConstructorTelegram.Model.ViewData.BotCommandProperty'.
 ---> System.InvalidOperationException: Cannot serialize member 'ChatbotConstructorTelegram.Model.ViewData.BotCommandProperty.Buttons' of type 'System.Collections.ObjectModel.ObservableCollection`1[[ChatbotConstructorTelegram.Model.ViewData.IPropertyBot, ChatbotConstructorTelegram, Version=1.0.0.0, Culture=neutral, PublicKeyToken=null]]', see inner exception for more details.
 ---> System.NotSupportedException: Cannot serialize member ChatbotConstructorTelegram.Model.ViewData.BotCommandProperty.Buttons of type ChatbotConstructorTelegram.Model.ViewData.IPropertyBot because it is an interface.
   --- End of inner exception stack trace ---
   at System.Xml.Serialization.StructModel.CheckSupportedMember(TypeDesc typeDesc, MemberInfo member, Type type)
   at System.Xml.Serialization.StructModel.CheckSupportedMember(TypeDesc typeDesc, MemberInfo member, Type type)
   at System.Xml.Serialization.StructModel.GetPropertyModel(PropertyInfo propertyInfo)
   at System.Xml.Serialization.StructModel.GetFieldModel(MemberInfo memberInfo)
   at System.Xml.Serialization.XmlReflectionImporter.InitializeStructMembers(StructMapping mapping, StructModel model, Boolean openModel, String typeName, RecursionLimiter limiter)
   at System.Xml.Serialization.XmlReflectionImporter.ImportStructLikeMapping(StructModel model, String ns, Boolean openModel, XmlAttributes a, RecursionLimiter limiter)
   at System.Xml.Serialization.XmlReflectionImporter.ImportTypeMapping(TypeModel model, String ns, ImportContext context, String dataType, XmlAttributes a, Boolean repeats, Boolean openModel, RecursionLimiter limiter)
   --- End of inner exception stack trace ---
   at System.Xml.Serialization.XmlReflectionImporter.ImportTypeMapping(TypeModel model, String ns, ImportContext context, String dataType, XmlAttributes a, Boolean repeats, Boolean openModel, RecursionLimiter limiter)
   at System.Xml.Serialization.XmlReflectionImporter.CreateArrayElementsFromAttributes(ArrayMapping arrayMapping, XmlArrayItemAttributes attributes, Type arrayElementType, String arrayElementNs, RecursionLimiter limiter)
   at System.Xml.Serialization.XmlReflectionImporter.ImportArrayLikeMapping(ArrayModel model, String ns, RecursionLimiter limiter)
   at System.Xml.Serialization.XmlReflectionImporter.ImportAccessorMapping(MemberMapping accessor, FieldModel model, XmlAttributes a, String ns, Type choiceIdentifierType, Boolean rpc, Boolean openModel, RecursionLimiter limiter)
   at System.Xml.Serialization.XmlReflectionImporter.ImportFieldMapping(StructModel parent, FieldModel model, XmlAttributes a, String ns, RecursionLimiter limiter)
   at System.Xml.Serialization.XmlReflectionImporter.InitializeStructMembers(StructMapping mapping, StructModel model, Boolean openModel, String typeName, RecursionLimiter limiter)
   --- End of inner exception stack trace ---
   at System.Xml.Serialization.XmlReflectionImporter.InitializeStructMembers(StructMapping mapping, StructModel model, Boolean openModel, String typeName, RecursionLimiter limiter)
   at System.Xml.Serialization.XmlReflectionImporter.ImportStructLikeMapping(StructModel model, String ns, Boolean openModel, XmlAttributes a, RecursionLimiter limiter)
   at System.Xml.Serialization.XmlReflectionImporter.ImportTypeMapping(TypeModel model, String ns, ImportContext context, String dataType, XmlAttributes a, Boolean repeats, Boolean openModel, RecursionLimiter limiter)
   --- End of inner exception stack trace ---
   at System.Xml.Serialization.XmlReflectionImporter.ImportTypeMapping(TypeModel model, String ns, ImportContext context, String dataType, XmlAttributes a, Boolean repeats, Boolean openModel, RecursionLimiter limiter)
   at System.Xml.Serialization.XmlReflectionImporter.ImportElement(TypeModel model, XmlRootAttribute root, String defaultNamespace, RecursionLimiter limiter)
   at System.Xml.Serialization.XmlReflectionImporter.ImportTypeMapping(Type type, XmlRootAttribute root, String defaultNamespace)
   at System.Xml.Serialization.XmlSerializer..ctor(Type type, String defaultNamespace)
   at System.Xml.Serialization.XmlSerializer..ctor(Type type)
   at ChatbotConstructorTelegram.Infrastructure.Manager.FileProjectManager.GetWrapperDataBot(String pathFile) in C:\Users\fdkir\OneDrive\Рабочий стол\Диплом\Project\ChatbotConstructorTelegram\ChatbotConstructorTelegram\Infrastructure\Manager\FileProjectManager.cs:line 33
2023-02-22 14:10:50.2023|INFO|ChatbotConstructorTelegram.Model.ViewData.NoteProject|Проект C:\Users\fdkir\OneDrive\Рабочий стол\Диплом\Project\TestProject\NewDataProjTest\HelloWording.xml передан в окно конструктора| 
2023-02-22 14:11:42.4139|INFO|ChatbotConstructorTelegram.Model.WorkEnvironment.RuntimeSystemManager|Статус рабочей среды сериализован| 
2023-02-22 14:11:42.4401|INFO|ChatbotConstructorTelegram.ViewModels.MainWindowViewModel|Главное окно успешно запущено| 
2023-02-22 14:11:44.1367|ERROR|ChatbotConstructorTelegram.Infrastructure.Manager.FileProjectManager|System.InvalidOperationException: There was an error reflecting type 'ChatbotConstructorTelegram.Model.File.WrapperDataBot'.| System.InvalidOperationException: There was an error reflecting type 'ChatbotConstructorTelegram.Model.File.WrapperDataBot'.
 ---> System.InvalidOperationException: There was an error reflecting property 'CommandProperties'.
 ---> System.InvalidOperationException: There was an error reflecting type 'ChatbotConstructorTelegram.Model.ViewData.BotCommandProperty'.
 ---> System.InvalidOperationException: Cannot serialize member 'ChatbotConstructorTelegram.Model.ViewData.BotCommandProperty.Buttons' of type 'System.Collections.ObjectModel.ObservableCollection`1[[ChatbotConstructorTelegram.Model.ViewData.IPropertyBot, ChatbotConstructorTelegram, Version=1.0.0.0, Culture=neutral, PublicKeyToken=null]]', see inner exception for more details.
 ---> System.NotSupportedException: Cannot serialize member ChatbotConstructorTelegram.Model.ViewData.BotCommandProperty.Buttons of type ChatbotConstructorTelegram.Model.ViewData.IPropertyBot because it is an interface.
   --- End of inner exception stack trace ---
   at System.Xml.Serialization.StructModel.CheckSupportedMember(TypeDesc typeDesc, MemberInfo member, Type type)
   at System.Xml.Serialization.StructModel.CheckSupportedMember(TypeDesc typeDesc, MemberInfo member, Type type)
   at System.Xml.Serialization.StructModel.GetPropertyModel(PropertyInfo propertyInfo)
   at System.Xml.Serialization.StructModel.GetFieldModel(MemberInfo memberInfo)
   at System.Xml.Serialization.XmlReflectionImporter.InitializeStructMembers(StructMapping mapping, StructModel model, Boolean openModel, String typeName, RecursionLimiter limiter)
   at System.Xml.Serialization.XmlReflectionImporter.ImportStructLikeMapping(StructModel model, String ns, Boolean openModel, XmlAttributes a, RecursionLimiter limiter)
   at System.Xml.Serialization.XmlReflectionImporter.ImportTypeMapping(TypeModel model, String ns, ImportContext context, String dataType, XmlAttributes a, Boolean repeats, Boolean openModel, RecursionLimiter limiter)
   --- End of inner exception stack trace ---
   at System.Xml.Serialization.XmlReflectionImporter.ImportTypeMapping(TypeModel model, String ns, ImportContext context, String dataType, XmlAttributes a, Boolean repeats, Boolean openModel, RecursionLimiter limiter)
   at System.Xml.Serialization.XmlReflectionImporter.CreateArrayElementsFromAttributes(ArrayMapping arrayMapping, XmlArrayItemAttributes attributes, Type arrayElementType, String arrayElementNs, RecursionLimiter limiter)
   at System.Xml.Serialization.XmlReflectionImporter.ImportArrayLikeMapping(ArrayModel model, String ns, RecursionLimiter limiter)
   at System.Xml.Serialization.XmlReflectionImporter.ImportAccessorMapping(MemberMapping accessor, FieldModel model, XmlAttributes a, String ns, Type choiceIdentifierType, Boolean rpc, Boolean openModel, RecursionLimiter limiter)
   at System.Xml.Serialization.XmlReflectionImporter.ImportFieldMapping(StructModel parent, FieldModel model, XmlAttributes a, String ns, RecursionLimiter limiter)
   at System.Xml.Serialization.XmlReflectionImporter.InitializeStructMembers(StructMapping mapping, StructModel model, Boolean openModel, String typeName, RecursionLimiter limiter)
   --- End of inner exception stack trace ---
   at System.Xml.Serialization.XmlReflectionImporter.InitializeStructMembers(StructMapping mapping, StructModel model, Boolean openModel, String typeName, RecursionLimiter limiter)
   at System.Xml.Serialization.XmlReflectionImporter.ImportStructLikeMapping(StructModel model, String ns, Boolean openModel, XmlAttributes a, RecursionLimiter limiter)
   at System.Xml.Serialization.XmlReflectionImporter.ImportTypeMapping(TypeModel model, String ns, ImportContext context, String dataType, XmlAttributes a, Boolean repeats, Boolean openModel, RecursionLimiter limiter)
   --- End of inner exception stack trace ---
   at System.Xml.Serialization.XmlReflectionImporter.ImportTypeMapping(TypeModel model, String ns, ImportContext context, String dataType, XmlAttributes a, Boolean repeats, Boolean openModel, RecursionLimiter limiter)
   at System.Xml.Serialization.XmlReflectionImporter.ImportElement(TypeModel model, XmlRootAttribute root, String defaultNamespace, RecursionLimiter limiter)
   at System.Xml.Serialization.XmlReflectionImporter.ImportTypeMapping(Type type, XmlRootAttribute root, String defaultNamespace)
   at System.Xml.Serialization.XmlSerializer..ctor(Type type, String defaultNamespace)
   at System.Xml.Serialization.XmlSerializer..ctor(Type type)
   at ChatbotConstructorTelegram.Infrastructure.Manager.FileProjectManager.GetWrapperDataBot(String pathFile) in C:\Users\fdkir\OneDrive\Рабочий стол\Диплом\Project\ChatbotConstructorTelegram\ChatbotConstructorTelegram\Infrastructure\Manager\FileProjectManager.cs:line 33
2023-02-22 14:11:44.3349|INFO|ChatbotConstructorTelegram.Model.ViewData.NoteProject|Проект C:\Users\fdkir\OneDrive\Рабочий стол\Диплом\Project\TestProject\NewDataProjTest\HelloWording.xml передан в окно конструктора| 
2023-02-22 14:12:12.8191|INFO|ChatbotConstructorTelegram.Model.WorkEnvironment.RuntimeSystemManager|Статус рабочей среды сериализован| 
2023-02-22 14:12:12.8528|INFO|ChatbotConstructorTelegram.ViewModels.MainWindowViewModel|Главное окно успешно запущено| 
2023-02-22 14:12:14.6107|ERROR|ChatbotConstructorTelegram.Infrastructure.Manager.FileProjectManager|System.InvalidOperationException: There was an error reflecting type 'ChatbotConstructorTelegram.Model.File.WrapperDataBot'.| System.InvalidOperationException: There was an error reflecting type 'ChatbotConstructorTelegram.Model.File.WrapperDataBot'.
 ---> System.InvalidOperationException: There was an error reflecting property 'CommandProperties'.
 ---> System.InvalidOperationException: There was an error reflecting type 'ChatbotConstructorTelegram.Model.ViewData.BotCommandProperty'.
 ---> System.InvalidOperationException: Cannot serialize member 'ChatbotConstructorTelegram.Model.ViewData.BotCommandProperty.Buttons' of type 'System.Collections.ObjectModel.ObservableCollection`1[[ChatbotConstructorTelegram.Model.ViewData.IPropertyBot, ChatbotConstructorTelegram, Version=1.0.0.0, Culture=neutral, PublicKeyToken=null]]', see inner exception for more details.
 ---> System.NotSupportedException: Cannot serialize member ChatbotConstructorTelegram.Model.ViewData.BotCommandProperty.Buttons of type ChatbotConstructorTelegram.Model.ViewData.IPropertyBot because it is an interface.
   --- End of inner exception stack trace ---
   at System.Xml.Serialization.StructModel.CheckSupportedMember(TypeDesc typeDesc, MemberInfo member, Type type)
   at System.Xml.Serialization.StructModel.CheckSupportedMember(TypeDesc typeDesc, MemberInfo member, Type type)
   at System.Xml.Serialization.StructModel.GetPropertyModel(PropertyInfo propertyInfo)
   at System.Xml.Serialization.StructModel.GetFieldModel(MemberInfo memberInfo)
   at System.Xml.Serialization.XmlReflectionImporter.InitializeStructMembers(StructMapping mapping, StructModel model, Boolean openModel, String typeName, RecursionLimiter limiter)
   at System.Xml.Serialization.XmlReflectionImporter.ImportStructLikeMapping(StructModel model, String ns, Boolean openModel, XmlAttributes a, RecursionLimiter limiter)
   at System.Xml.Serialization.XmlReflectionImporter.ImportTypeMapping(TypeModel model, String ns, ImportContext context, String dataType, XmlAttributes a, Boolean repeats, Boolean openModel, RecursionLimiter limiter)
   --- End of inner exception stack trace ---
   at System.Xml.Serialization.XmlReflectionImporter.ImportTypeMapping(TypeModel model, String ns, ImportContext context, String dataType, XmlAttributes a, Boolean repeats, Boolean openModel, RecursionLimiter limiter)
   at System.Xml.Serialization.XmlReflectionImporter.CreateArrayElementsFromAttributes(ArrayMapping arrayMapping, XmlArrayItemAttributes attributes, Type arrayElementType, String arrayElementNs, RecursionLimiter limiter)
   at System.Xml.Serialization.XmlReflectionImporter.ImportArrayLikeMapping(ArrayModel model, String ns, RecursionLimiter limiter)
   at System.Xml.Serialization.XmlReflectionImporter.ImportAccessorMapping(MemberMapping accessor, FieldModel model, XmlAttributes a, String ns, Type choiceIdentifierType, Boolean rpc, Boolean openModel, RecursionLimiter limiter)
   at System.Xml.Serialization.XmlReflectionImporter.ImportFieldMapping(StructModel parent, FieldModel model, XmlAttributes a, String ns, RecursionLimiter limiter)
   at System.Xml.Serialization.XmlReflectionImporter.InitializeStructMembers(StructMapping mapping, StructModel model, Boolean openModel, String typeName, RecursionLimiter limiter)
   --- End of inner exception stack trace ---
   at System.Xml.Serialization.XmlReflectionImporter.InitializeStructMembers(StructMapping mapping, StructModel model, Boolean openModel, String typeName, RecursionLimiter limiter)
   at System.Xml.Serialization.XmlReflectionImporter.ImportStructLikeMapping(StructModel model, String ns, Boolean openModel, XmlAttributes a, RecursionLimiter limiter)
   at System.Xml.Serialization.XmlReflectionImporter.ImportTypeMapping(TypeModel model, String ns, ImportContext context, String dataType, XmlAttributes a, Boolean repeats, Boolean openModel, RecursionLimiter limiter)
   --- End of inner exception stack trace ---
   at System.Xml.Serialization.XmlReflectionImporter.ImportTypeMapping(TypeModel model, String ns, ImportContext context, String dataType, XmlAttributes a, Boolean repeats, Boolean openModel, RecursionLimiter limiter)
   at System.Xml.Serialization.XmlReflectionImporter.ImportElement(TypeModel model, XmlRootAttribute root, String defaultNamespace, RecursionLimiter limiter)
   at System.Xml.Serialization.XmlReflectionImporter.ImportTypeMapping(Type type, XmlRootAttribute root, String defaultNamespace)
   at System.Xml.Serialization.XmlSerializer..ctor(Type type, String defaultNamespace)
   at System.Xml.Serialization.XmlSerializer..ctor(Type type)
   at ChatbotConstructorTelegram.Infrastructure.Manager.FileProjectManager.GetWrapperDataBot(String pathFile) in C:\Users\fdkir\OneDrive\Рабочий стол\Диплом\Project\ChatbotConstructorTelegram\ChatbotConstructorTelegram\Infrastructure\Manager\FileProjectManager.cs:line 33
2023-02-22 14:12:14.8264|INFO|ChatbotConstructorTelegram.Model.ViewData.NoteProject|Проект C:\Users\fdkir\OneDrive\Рабочий стол\Диплом\Project\TestProject\NewDataProjTest\HelloWording.xml передан в окно конструктора| 
2023-02-22 14:14:00.5634|INFO|ChatbotConstructorTelegram.Model.WorkEnvironment.RuntimeSystemManager|Статус рабочей среды сериализован| 
2023-02-22 14:14:00.5901|INFO|ChatbotConstructorTelegram.ViewModels.MainWindowViewModel|Главное окно успешно запущено| 
2023-02-22 14:14:02.2642|ERROR|ChatbotConstructorTelegram.Infrastructure.Manager.FileProjectManager|System.InvalidOperationException: There was an error reflecting type 'ChatbotConstructorTelegram.Model.File.WrapperDataBot'.| System.InvalidOperationException: There was an error reflecting type 'ChatbotConstructorTelegram.Model.File.WrapperDataBot'.
 ---> System.InvalidOperationException: There was an error reflecting property 'CommandProperties'.
 ---> System.InvalidOperationException: There was an error reflecting type 'ChatbotConstructorTelegram.Model.ViewData.BotCommandProperty'.
 ---> System.InvalidOperationException: Cannot serialize member 'ChatbotConstructorTelegram.Model.ViewData.BotCommandProperty.Buttons' of type 'System.Collections.ObjectModel.ObservableCollection`1[[ChatbotConstructorTelegram.Model.ViewData.IPropertyBot, ChatbotConstructorTelegram, Version=1.0.0.0, Culture=neutral, PublicKeyToken=null]]', see inner exception for more details.
 ---> System.NotSupportedException: Cannot serialize member ChatbotConstructorTelegram.Model.ViewData.BotCommandProperty.Buttons of type ChatbotConstructorTelegram.Model.ViewData.IPropertyBot because it is an interface.
   --- End of inner exception stack trace ---
   at System.Xml.Serialization.StructModel.CheckSupportedMember(TypeDesc typeDesc, MemberInfo member, Type type)
   at System.Xml.Serialization.StructModel.CheckSupportedMember(TypeDesc typeDesc, MemberInfo member, Type type)
   at System.Xml.Serialization.StructModel.GetPropertyModel(PropertyInfo propertyInfo)
   at System.Xml.Serialization.StructModel.GetFieldModel(MemberInfo memberInfo)
   at System.Xml.Serialization.XmlReflectionImporter.InitializeStructMembers(StructMapping mapping, StructModel model, Boolean openModel, String typeName, RecursionLimiter limiter)
   at System.Xml.Serialization.XmlReflectionImporter.ImportStructLikeMapping(StructModel model, String ns, Boolean openModel, XmlAttributes a, RecursionLimiter limiter)
   at System.Xml.Serialization.XmlReflectionImporter.ImportTypeMapping(TypeModel model, String ns, ImportContext context, String dataType, XmlAttributes a, Boolean repeats, Boolean openModel, RecursionLimiter limiter)
   --- End of inner exception stack trace ---
   at System.Xml.Serialization.XmlReflectionImporter.ImportTypeMapping(TypeModel model, String ns, ImportContext context, String dataType, XmlAttributes a, Boolean repeats, Boolean openModel, RecursionLimiter limiter)
   at System.Xml.Serialization.XmlReflectionImporter.CreateArrayElementsFromAttributes(ArrayMapping arrayMapping, XmlArrayItemAttributes attributes, Type arrayElementType, String arrayElementNs, RecursionLimiter limiter)
   at System.Xml.Serialization.XmlReflectionImporter.ImportArrayLikeMapping(ArrayModel model, String ns, RecursionLimiter limiter)
   at System.Xml.Serialization.XmlReflectionImporter.ImportAccessorMapping(MemberMapping accessor, FieldModel model, XmlAttributes a, String ns, Type choiceIdentifierType, Boolean rpc, Boolean openModel, RecursionLimiter limiter)
   at System.Xml.Serialization.XmlReflectionImporter.ImportFieldMapping(StructModel parent, FieldModel model, XmlAttributes a, String ns, RecursionLimiter limiter)
   at System.Xml.Serialization.XmlReflectionImporter.InitializeStructMembers(StructMapping mapping, StructModel model, Boolean openModel, String typeName, RecursionLimiter limiter)
   --- End of inner exception stack trace ---
   at System.Xml.Serialization.XmlReflectionImporter.InitializeStructMembers(StructMapping mapping, StructModel model, Boolean openModel, String typeName, RecursionLimiter limiter)
   at System.Xml.Serialization.XmlReflectionImporter.ImportStructLikeMapping(StructModel model, String ns, Boolean openModel, XmlAttributes a, RecursionLimiter limiter)
   at System.Xml.Serialization.XmlReflectionImporter.ImportTypeMapping(TypeModel model, String ns, ImportContext context, String dataType, XmlAttributes a, Boolean repeats, Boolean openModel, RecursionLimiter limiter)
   --- End of inner exception stack trace ---
   at System.Xml.Serialization.XmlReflectionImporter.ImportTypeMapping(TypeModel model, String ns, ImportContext context, String dataType, XmlAttributes a, Boolean repeats, Boolean openModel, RecursionLimiter limiter)
   at System.Xml.Serialization.XmlReflectionImporter.ImportElement(TypeModel model, XmlRootAttribute root, String defaultNamespace, RecursionLimiter limiter)
   at System.Xml.Serialization.XmlReflectionImporter.ImportTypeMapping(Type type, XmlRootAttribute root, String defaultNamespace)
   at System.Xml.Serialization.XmlSerializer..ctor(Type type, String defaultNamespace)
   at System.Xml.Serialization.XmlSerializer..ctor(Type type)
   at ChatbotConstructorTelegram.Infrastructure.Manager.FileProjectManager.GetWrapperDataBot(String pathFile) in C:\Users\fdkir\OneDrive\Рабочий стол\Диплом\Project\ChatbotConstructorTelegram\ChatbotConstructorTelegram\Infrastructure\Manager\FileProjectManager.cs:line 33
2023-02-22 14:14:02.4667|INFO|ChatbotConstructorTelegram.Model.ViewData.NoteProject|Проект C:\Users\fdkir\OneDrive\Рабочий стол\Диплом\Project\TestProject\NewDataProjTest\HelloWording.xml передан в окно конструктора| 
2023-02-22 14:14:30.0032|INFO|ChatbotConstructorTelegram.ViewModels.ProjectWindowViewModel|Inline Кнопка Hello ID d6804c6a-dfd4-4b51-84cb-686107aff651 добавлена | 
2023-02-22 14:14:49.3252|INFO|ChatbotConstructorTelegram.Model.WorkEnvironment.RuntimeSystemManager|Статус рабочей среды сериализован| 
2023-02-22 14:14:49.3515|INFO|ChatbotConstructorTelegram.ViewModels.MainWindowViewModel|Главное окно успешно запущено| 
2023-02-22 14:14:51.1864|ERROR|ChatbotConstructorTelegram.Infrastructure.Manager.FileProjectManager|System.InvalidOperationException: There was an error reflecting type 'ChatbotConstructorTelegram.Model.File.WrapperDataBot'.| System.InvalidOperationException: There was an error reflecting type 'ChatbotConstructorTelegram.Model.File.WrapperDataBot'.
 ---> System.InvalidOperationException: There was an error reflecting property 'CommandProperties'.
 ---> System.InvalidOperationException: There was an error reflecting type 'ChatbotConstructorTelegram.Model.ViewData.BotCommandProperty'.
 ---> System.InvalidOperationException: Cannot serialize member 'ChatbotConstructorTelegram.Model.ViewData.BotCommandProperty.Buttons' of type 'System.Collections.ObjectModel.ObservableCollection`1[[ChatbotConstructorTelegram.Model.ViewData.IPropertyBot, ChatbotConstructorTelegram, Version=1.0.0.0, Culture=neutral, PublicKeyToken=null]]', see inner exception for more details.
 ---> System.NotSupportedException: Cannot serialize member ChatbotConstructorTelegram.Model.ViewData.BotCommandProperty.Buttons of type ChatbotConstructorTelegram.Model.ViewData.IPropertyBot because it is an interface.
   --- End of inner exception stack trace ---
   at System.Xml.Serialization.StructModel.CheckSupportedMember(TypeDesc typeDesc, MemberInfo member, Type type)
   at System.Xml.Serialization.StructModel.CheckSupportedMember(TypeDesc typeDesc, MemberInfo member, Type type)
   at System.Xml.Serialization.StructModel.GetPropertyModel(PropertyInfo propertyInfo)
   at System.Xml.Serialization.StructModel.GetFieldModel(MemberInfo memberInfo)
   at System.Xml.Serialization.XmlReflectionImporter.InitializeStructMembers(StructMapping mapping, StructModel model, Boolean openModel, String typeName, RecursionLimiter limiter)
   at System.Xml.Serialization.XmlReflectionImporter.ImportStructLikeMapping(StructModel model, String ns, Boolean openModel, XmlAttributes a, RecursionLimiter limiter)
   at System.Xml.Serialization.XmlReflectionImporter.ImportTypeMapping(TypeModel model, String ns, ImportContext context, String dataType, XmlAttributes a, Boolean repeats, Boolean openModel, RecursionLimiter limiter)
   --- End of inner exception stack trace ---
   at System.Xml.Serialization.XmlReflectionImporter.ImportTypeMapping(TypeModel model, String ns, ImportContext context, String dataType, XmlAttributes a, Boolean repeats, Boolean openModel, RecursionLimiter limiter)
   at System.Xml.Serialization.XmlReflectionImporter.CreateArrayElementsFromAttributes(ArrayMapping arrayMapping, XmlArrayItemAttributes attributes, Type arrayElementType, String arrayElementNs, RecursionLimiter limiter)
   at System.Xml.Serialization.XmlReflectionImporter.ImportArrayLikeMapping(ArrayModel model, String ns, RecursionLimiter limiter)
   at System.Xml.Serialization.XmlReflectionImporter.ImportAccessorMapping(MemberMapping accessor, FieldModel model, XmlAttributes a, String ns, Type choiceIdentifierType, Boolean rpc, Boolean openModel, RecursionLimiter limiter)
   at System.Xml.Serialization.XmlReflectionImporter.ImportFieldMapping(StructModel parent, FieldModel model, XmlAttributes a, String ns, RecursionLimiter limiter)
   at System.Xml.Serialization.XmlReflectionImporter.InitializeStructMembers(StructMapping mapping, StructModel model, Boolean openModel, String typeName, RecursionLimiter limiter)
   --- End of inner exception stack trace ---
   at System.Xml.Serialization.XmlReflectionImporter.InitializeStructMembers(StructMapping mapping, StructModel model, Boolean openModel, String typeName, RecursionLimiter limiter)
   at System.Xml.Serialization.XmlReflectionImporter.ImportStructLikeMapping(StructModel model, String ns, Boolean openModel, XmlAttributes a, RecursionLimiter limiter)
   at System.Xml.Serialization.XmlReflectionImporter.ImportTypeMapping(TypeModel model, String ns, ImportContext context, String dataType, XmlAttributes a, Boolean repeats, Boolean openModel, RecursionLimiter limiter)
   --- End of inner exception stack trace ---
   at System.Xml.Serialization.XmlReflectionImporter.ImportTypeMapping(TypeModel model, String ns, ImportContext context, String dataType, XmlAttributes a, Boolean repeats, Boolean openModel, RecursionLimiter limiter)
   at System.Xml.Serialization.XmlReflectionImporter.ImportElement(TypeModel model, XmlRootAttribute root, String defaultNamespace, RecursionLimiter limiter)
   at System.Xml.Serialization.XmlReflectionImporter.ImportTypeMapping(Type type, XmlRootAttribute root, String defaultNamespace)
   at System.Xml.Serialization.XmlSerializer..ctor(Type type, String defaultNamespace)
   at System.Xml.Serialization.XmlSerializer..ctor(Type type)
   at ChatbotConstructorTelegram.Infrastructure.Manager.FileProjectManager.GetWrapperDataBot(String pathFile) in C:\Users\fdkir\OneDrive\Рабочий стол\Диплом\Project\ChatbotConstructorTelegram\ChatbotConstructorTelegram\Infrastructure\Manager\FileProjectManager.cs:line 33
2023-02-22 14:14:51.4085|INFO|ChatbotConstructorTelegram.Model.ViewData.NoteProject|Проект C:\Users\fdkir\OneDrive\Рабочий стол\Диплом\Project\TestProject\NewDataProjTest\HelloWording.xml передан в окно конструктора| 
2023-02-22 14:15:03.9715|INFO|ChatbotConstructorTelegram.ViewModels.ProjectWindowViewModel|Inline Кнопка 11111 ID 8054a732-1430-42f3-9513-67b060f6dee0 добавлена | 
2023-02-22 14:23:23.5334|INFO|ChatbotConstructorTelegram.Model.WorkEnvironment.RuntimeSystemManager|Статус рабочей среды сериализован| 
2023-02-22 14:23:23.5609|INFO|ChatbotConstructorTelegram.ViewModels.MainWindowViewModel|Главное окно успешно запущено| 
2023-02-22 14:23:25.2383|ERROR|ChatbotConstructorTelegram.Infrastructure.Manager.FileProjectManager|System.InvalidOperationException: There was an error reflecting type 'ChatbotConstructorTelegram.Model.File.WrapperDataBot'.| System.InvalidOperationException: There was an error reflecting type 'ChatbotConstructorTelegram.Model.File.WrapperDataBot'.
 ---> System.InvalidOperationException: There was an error reflecting property 'CommandProperties'.
 ---> System.InvalidOperationException: There was an error reflecting type 'ChatbotConstructorTelegram.Model.ViewData.BotCommandProperty'.
 ---> System.InvalidOperationException: Cannot serialize member 'ChatbotConstructorTelegram.Model.ViewData.BotCommandProperty.Buttons' of type 'System.Collections.ObjectModel.ObservableCollection`1[[ChatbotConstructorTelegram.Model.ViewData.IPropertyBot, ChatbotConstructorTelegram, Version=1.0.0.0, Culture=neutral, PublicKeyToken=null]]', see inner exception for more details.
 ---> System.NotSupportedException: Cannot serialize member ChatbotConstructorTelegram.Model.ViewData.BotCommandProperty.Buttons of type ChatbotConstructorTelegram.Model.ViewData.IPropertyBot because it is an interface.
   --- End of inner exception stack trace ---
   at System.Xml.Serialization.StructModel.CheckSupportedMember(TypeDesc typeDesc, MemberInfo member, Type type)
   at System.Xml.Serialization.StructModel.CheckSupportedMember(TypeDesc typeDesc, MemberInfo member, Type type)
   at System.Xml.Serialization.StructModel.GetPropertyModel(PropertyInfo propertyInfo)
   at System.Xml.Serialization.StructModel.GetFieldModel(MemberInfo memberInfo)
   at System.Xml.Serialization.XmlReflectionImporter.InitializeStructMembers(StructMapping mapping, StructModel model, Boolean openModel, String typeName, RecursionLimiter limiter)
   at System.Xml.Serialization.XmlReflectionImporter.ImportStructLikeMapping(StructModel model, String ns, Boolean openModel, XmlAttributes a, RecursionLimiter limiter)
   at System.Xml.Serialization.XmlReflectionImporter.ImportTypeMapping(TypeModel model, String ns, ImportContext context, String dataType, XmlAttributes a, Boolean repeats, Boolean openModel, RecursionLimiter limiter)
   --- End of inner exception stack trace ---
   at System.Xml.Serialization.XmlReflectionImporter.ImportTypeMapping(TypeModel model, String ns, ImportContext context, String dataType, XmlAttributes a, Boolean repeats, Boolean openModel, RecursionLimiter limiter)
   at System.Xml.Serialization.XmlReflectionImporter.CreateArrayElementsFromAttributes(ArrayMapping arrayMapping, XmlArrayItemAttributes attributes, Type arrayElementType, String arrayElementNs, RecursionLimiter limiter)
   at System.Xml.Serialization.XmlReflectionImporter.ImportArrayLikeMapping(ArrayModel model, String ns, RecursionLimiter limiter)
   at System.Xml.Serialization.XmlReflectionImporter.ImportAccessorMapping(MemberMapping accessor, FieldModel model, XmlAttributes a, String ns, Type choiceIdentifierType, Boolean rpc, Boolean openModel, RecursionLimiter limiter)
   at System.Xml.Serialization.XmlReflectionImporter.ImportFieldMapping(StructModel parent, FieldModel model, XmlAttributes a, String ns, RecursionLimiter limiter)
   at System.Xml.Serialization.XmlReflectionImporter.InitializeStructMembers(StructMapping mapping, StructModel model, Boolean openModel, String typeName, RecursionLimiter limiter)
   --- End of inner exception stack trace ---
   at System.Xml.Serialization.XmlReflectionImporter.InitializeStructMembers(StructMapping mapping, StructModel model, Boolean openModel, String typeName, RecursionLimiter limiter)
   at System.Xml.Serialization.XmlReflectionImporter.ImportStructLikeMapping(StructModel model, String ns, Boolean openModel, XmlAttributes a, RecursionLimiter limiter)
   at System.Xml.Serialization.XmlReflectionImporter.ImportTypeMapping(TypeModel model, String ns, ImportContext context, String dataType, XmlAttributes a, Boolean repeats, Boolean openModel, RecursionLimiter limiter)
   --- End of inner exception stack trace ---
   at System.Xml.Serialization.XmlReflectionImporter.ImportTypeMapping(TypeModel model, String ns, ImportContext context, String dataType, XmlAttributes a, Boolean repeats, Boolean openModel, RecursionLimiter limiter)
   at System.Xml.Serialization.XmlReflectionImporter.ImportElement(TypeModel model, XmlRootAttribute root, String defaultNamespace, RecursionLimiter limiter)
   at System.Xml.Serialization.XmlReflectionImporter.ImportTypeMapping(Type type, XmlRootAttribute root, String defaultNamespace)
   at System.Xml.Serialization.XmlSerializer..ctor(Type type, String defaultNamespace)
   at System.Xml.Serialization.XmlSerializer..ctor(Type type)
   at ChatbotConstructorTelegram.Infrastructure.Manager.FileProjectManager.GetWrapperDataBot(String pathFile) in C:\Users\fdkir\OneDrive\Рабочий стол\Диплом\Project\ChatbotConstructorTelegram\ChatbotConstructorTelegram\Infrastructure\Manager\FileProjectManager.cs:line 33
2023-02-22 14:23:25.4366|INFO|ChatbotConstructorTelegram.Model.ViewData.NoteProject|Проект C:\Users\fdkir\OneDrive\Рабочий стол\Диплом\Project\TestProject\NewDataProjTest\HelloWording.xml передан в окно конструктора| 
2023-02-22 14:23:30.1503|INFO|ChatbotConstructorTelegram.ViewModels.ProjectWindowViewModel|Inline Кнопка Hello ID 95cd65a9-f139-4860-bb80-907c5ca593be добавлена | 
2023-02-22 14:23:39.4354|INFO|ChatbotConstructorTelegram.ViewModels.ProjectWindowViewModel|Inline Кнопка sdasdasd ID 6da82d5e-78d1-409c-9402-cc43f549c929 добавлена | 
2023-02-22 14:24:17.8891|INFO|ChatbotConstructorTelegram.ViewModels.ProjectWindowViewModel|Inline Кнопка sdasdasd ID f90516ab-1413-423e-91a5-7c1303c56dca добавлена | 
2023-02-22 14:24:34.3635|INFO|ChatbotConstructorTelegram.ViewModels.ProjectWindowViewModel|Inline Кнопка sdasdasd ID 8e449b9a-9a2e-45b4-86fc-4f35ee30b711 добавлена | 
2023-02-22 14:25:53.1945|INFO|ChatbotConstructorTelegram.Model.WorkEnvironment.RuntimeSystemManager|Статус рабочей среды сериализован| 
2023-02-22 14:25:53.2251|INFO|ChatbotConstructorTelegram.ViewModels.MainWindowViewModel|Главное окно успешно запущено| 
2023-02-22 14:25:54.8572|ERROR|ChatbotConstructorTelegram.Infrastructure.Manager.FileProjectManager|System.InvalidOperationException: There was an error reflecting type 'ChatbotConstructorTelegram.Model.File.WrapperDataBot'.| System.InvalidOperationException: There was an error reflecting type 'ChatbotConstructorTelegram.Model.File.WrapperDataBot'.
 ---> System.InvalidOperationException: There was an error reflecting property 'CommandProperties'.
 ---> System.InvalidOperationException: There was an error reflecting type 'ChatbotConstructorTelegram.Model.ViewData.BotCommandProperty'.
 ---> System.InvalidOperationException: Cannot serialize member 'ChatbotConstructorTelegram.Model.ViewData.BotCommandProperty.Buttons' of type 'System.Collections.ObjectModel.ObservableCollection`1[[ChatbotConstructorTelegram.Model.ViewData.IPropertyBot, ChatbotConstructorTelegram, Version=1.0.0.0, Culture=neutral, PublicKeyToken=null]]', see inner exception for more details.
 ---> System.NotSupportedException: Cannot serialize member ChatbotConstructorTelegram.Model.ViewData.BotCommandProperty.Buttons of type ChatbotConstructorTelegram.Model.ViewData.IPropertyBot because it is an interface.
   --- End of inner exception stack trace ---
   at System.Xml.Serialization.StructModel.CheckSupportedMember(TypeDesc typeDesc, MemberInfo member, Type type)
   at System.Xml.Serialization.StructModel.CheckSupportedMember(TypeDesc typeDesc, MemberInfo member, Type type)
   at System.Xml.Serialization.StructModel.GetPropertyModel(PropertyInfo propertyInfo)
   at System.Xml.Serialization.StructModel.GetFieldModel(MemberInfo memberInfo)
   at System.Xml.Serialization.XmlReflectionImporter.InitializeStructMembers(StructMapping mapping, StructModel model, Boolean openModel, String typeName, RecursionLimiter limiter)
   at System.Xml.Serialization.XmlReflectionImporter.ImportStructLikeMapping(StructModel model, String ns, Boolean openModel, XmlAttributes a, RecursionLimiter limiter)
   at System.Xml.Serialization.XmlReflectionImporter.ImportTypeMapping(TypeModel model, String ns, ImportContext context, String dataType, XmlAttributes a, Boolean repeats, Boolean openModel, RecursionLimiter limiter)
   --- End of inner exception stack trace ---
   at System.Xml.Serialization.XmlReflectionImporter.ImportTypeMapping(TypeModel model, String ns, ImportContext context, String dataType, XmlAttributes a, Boolean repeats, Boolean openModel, RecursionLimiter limiter)
   at System.Xml.Serialization.XmlReflectionImporter.CreateArrayElementsFromAttributes(ArrayMapping arrayMapping, XmlArrayItemAttributes attributes, Type arrayElementType, String arrayElementNs, RecursionLimiter limiter)
   at System.Xml.Serialization.XmlReflectionImporter.ImportArrayLikeMapping(ArrayModel model, String ns, RecursionLimiter limiter)
   at System.Xml.Serialization.XmlReflectionImporter.ImportAccessorMapping(MemberMapping accessor, FieldModel model, XmlAttributes a, String ns, Type choiceIdentifierType, Boolean rpc, Boolean openModel, RecursionLimiter limiter)
   at System.Xml.Serialization.XmlReflectionImporter.ImportFieldMapping(StructModel parent, FieldModel model, XmlAttributes a, String ns, RecursionLimiter limiter)
   at System.Xml.Serialization.XmlReflectionImporter.InitializeStructMembers(StructMapping mapping, StructModel model, Boolean openModel, String typeName, RecursionLimiter limiter)
   --- End of inner exception stack trace ---
   at System.Xml.Serialization.XmlReflectionImporter.InitializeStructMembers(StructMapping mapping, StructModel model, Boolean openModel, String typeName, RecursionLimiter limiter)
   at System.Xml.Serialization.XmlReflectionImporter.ImportStructLikeMapping(StructModel model, String ns, Boolean openModel, XmlAttributes a, RecursionLimiter limiter)
   at System.Xml.Serialization.XmlReflectionImporter.ImportTypeMapping(TypeModel model, String ns, ImportContext context, String dataType, XmlAttributes a, Boolean repeats, Boolean openModel, RecursionLimiter limiter)
   --- End of inner exception stack trace ---
   at System.Xml.Serialization.XmlReflectionImporter.ImportTypeMapping(TypeModel model, String ns, ImportContext context, String dataType, XmlAttributes a, Boolean repeats, Boolean openModel, RecursionLimiter limiter)
   at System.Xml.Serialization.XmlReflectionImporter.ImportElement(TypeModel model, XmlRootAttribute root, String defaultNamespace, RecursionLimiter limiter)
   at System.Xml.Serialization.XmlReflectionImporter.ImportTypeMapping(Type type, XmlRootAttribute root, String defaultNamespace)
   at System.Xml.Serialization.XmlSerializer..ctor(Type type, String defaultNamespace)
   at System.Xml.Serialization.XmlSerializer..ctor(Type type)
   at ChatbotConstructorTelegram.Infrastructure.Manager.FileProjectManager.GetWrapperDataBot(String pathFile) in C:\Users\fdkir\OneDrive\Рабочий стол\Диплом\Project\ChatbotConstructorTelegram\ChatbotConstructorTelegram\Infrastructure\Manager\FileProjectManager.cs:line 33
2023-02-22 14:25:55.0551|INFO|ChatbotConstructorTelegram.Model.ViewData.NoteProject|Проект C:\Users\fdkir\OneDrive\Рабочий стол\Диплом\Project\TestProject\NewDataProjTest\HelloWording.xml передан в окно конструктора| 
2023-02-22 14:26:51.8958|INFO|ChatbotConstructorTelegram.ViewModels.ProjectWindowViewModel|Inline Кнопка Мой ID ID e1fcbac1-fafe-45c5-bca4-17f1e71d0917 добавлена | 
2023-02-22 14:27:00.6386|INFO|ChatbotConstructorTelegram.ViewModels.ProjectWindowViewModel|Inline Кнопка Мой Username ID 3af6357a-659c-4c1b-a242-ab5eaf694930 добавлена | 
2023-02-22 14:27:54.8505|INFO|ChatbotConstructorTelegram.ViewModels.ProjectWindowViewModel|Inline Кнопка Text ID a1b7091f-5832-4c6d-a1e4-d50600b37c8a добавлена | 
