2023-03-14 19:46:27.5210|INFO|ChatbotConstructorTelegram.Model.WorkEnvironment.RuntimeSystemManager|Статус рабочей среды сериализован| 
2023-03-14 19:46:27.5639|INFO|ChatbotConstructorTelegram.ViewModels.MainWindowViewModel|Главное окно успешно запущено| 
2023-03-14 19:46:30.2606|INFO|ChatbotConstructorTelegram.Model.ViewData.NoteProject|Проект C:\Users\fdkir\OneDrive\Рабочий стол\Диплом\Project\TestProject\NewDataProjTest\HelloWording.xml передан в окно конструктора| 
2023-03-14 19:46:41.4182|INFO|ChatbotConstructorTelegram.ViewModels.ProjectWindowViewModel|Inline Кнопка Hello ID 974d99c0-b9de-466b-a80a-178a43ed3763 добавлена | 
2023-03-14 19:46:42.0259|INFO|ChatbotConstructorTelegram.ViewModels.ProjectWindowViewModel|Inline Кнопка Hello ID 71029e30-ec85-4d0f-a15e-7ffd9f5bfd61 добавлена | 
2023-03-14 19:46:42.2867|INFO|ChatbotConstructorTelegram.ViewModels.ProjectWindowViewModel|Inline Кнопка Hello ID 9949453c-8ec2-4cf0-8adb-eaa7cfb37542 добавлена | 
2023-03-14 19:47:58.7944|INFO|ChatbotConstructorTelegram.ViewModels.ProjectWindowViewModel|Inline Кнопка Hello ID 36b49fbb-13f1-42ed-8371-f4c05a1dba61 добавлена | 
2023-03-14 19:49:24.8229|INFO|ChatbotConstructorTelegram.Model.WorkEnvironment.RuntimeSystemManager|Статус рабочей среды сериализован| 
2023-03-14 19:49:24.8573|INFO|ChatbotConstructorTelegram.ViewModels.MainWindowViewModel|Главное окно успешно запущено| 
2023-03-14 19:50:01.2260|INFO|ChatbotConstructorTelegram.Model.WorkEnvironment.RuntimeSystemManager|Статус рабочей среды сериализован| 
2023-03-14 19:50:01.2620|INFO|ChatbotConstructorTelegram.ViewModels.MainWindowViewModel|Главное окно успешно запущено| 
2023-03-14 19:50:02.9731|INFO|ChatbotConstructorTelegram.Model.ViewData.NoteProject|Проект C:\Users\fdkir\OneDrive\Рабочий стол\Диплом\Project\TestProject\NewDataProjTest\HelloWording.xml передан в окно конструктора| 
2023-03-14 19:53:37.0871|INFO|ChatbotConstructorTelegram.Model.WorkEnvironment.RuntimeSystemManager|Статус рабочей среды сериализован| 
2023-03-14 19:53:37.1132|INFO|ChatbotConstructorTelegram.ViewModels.MainWindowViewModel|Главное окно успешно запущено| 
2023-03-14 19:53:39.2168|INFO|ChatbotConstructorTelegram.Model.ViewData.NoteProject|Проект C:\Users\fdkir\OneDrive\Рабочий стол\Диплом\Project\TestProject\NewDataProjTest\HelloWording.xml передан в окно конструктора| 
2023-03-14 19:53:45.6656|INFO|ChatbotConstructorTelegram.ViewModels.ProjectWindowViewModel|Inline Кнопка Hello ID 6f2e44ac-3d51-4fb2-bc3b-53aa7b29ca6b добавлена | 
2023-03-14 19:53:47.0332|INFO|ChatbotConstructorTelegram.ViewModels.ProjectWindowViewModel|Inline Кнопка Hello ID c93b9d1d-6c70-4843-98e4-b05d1b6db273 добавлена | 
2023-03-14 19:53:47.1802|INFO|ChatbotConstructorTelegram.ViewModels.ProjectWindowViewModel|Inline Кнопка Hello ID 737d718d-1078-44cd-a989-1b053a903cd4 добавлена | 
2023-03-14 19:53:47.3231|INFO|ChatbotConstructorTelegram.ViewModels.ProjectWindowViewModel|Inline Кнопка Hello ID 6fac125e-94d3-4ab9-83f8-d2e121d554f3 добавлена | 
2023-03-14 19:55:15.6228|INFO|ChatbotConstructorTelegram.ViewModels.ProjectWindowViewModel|Inline Кнопка Hello ID 28b0cf3c-6ad0-46a5-bfd2-1d93094c9227 добавлена | 
2023-03-14 19:55:19.0897|INFO|ChatbotConstructorTelegram.ViewModels.ProjectWindowViewModel|Inline Кнопка Hello ID 3280ef3e-e720-4300-bf0a-df70662f32c0 добавлена | 
2023-03-14 19:55:23.8738|INFO|ChatbotConstructorTelegram.ViewModels.ProjectWindowViewModel|Inline Кнопка Hello ID ab15ab59-5a32-4403-897f-d079bf64d44e добавлена | 
2023-03-14 19:55:25.4923|INFO|ChatbotConstructorTelegram.ViewModels.ProjectWindowViewModel|Inline Кнопка Hello ID ee04a72d-2ee2-49ae-9a81-fdc7724406e5 добавлена | 
2023-03-14 19:55:34.4506|INFO|ChatbotConstructorTelegram.ViewModels.ProjectWindowViewModel|Inline Кнопка Hello ID 2870fabf-15b9-4b66-b013-2d6f2f06ed7a добавлена | 
2023-03-14 19:55:34.5978|INFO|ChatbotConstructorTelegram.ViewModels.ProjectWindowViewModel|Inline Кнопка Hello ID 0c5d49b3-db4e-4cdf-99fa-c7cefd9faf90 добавлена | 
2023-03-14 19:55:43.5657|INFO|ChatbotConstructorTelegram.ViewModels.ProjectWindowViewModel|Inline Кнопка Hello ID 5d0a215e-6293-47ec-a132-de3987fa78ad добавлена | 
2023-03-14 19:55:43.7068|INFO|ChatbotConstructorTelegram.ViewModels.ProjectWindowViewModel|Inline Кнопка Hello ID 69e0418c-5306-4e91-9011-40ce41ab06bb добавлена | 
2023-03-14 19:55:43.8415|INFO|ChatbotConstructorTelegram.ViewModels.ProjectWindowViewModel|Inline Кнопка Hello ID 5372aa22-2d47-4ae7-b239-be71431563b6 добавлена | 
2023-03-14 19:55:43.9843|INFO|ChatbotConstructorTelegram.ViewModels.ProjectWindowViewModel|Inline Кнопка Hello ID 7853a15e-a8cc-4063-b60e-800c32648797 добавлена | 
2023-03-14 20:02:46.9874|INFO|ChatbotConstructorTelegram.Model.WorkEnvironment.RuntimeSystemManager|Статус рабочей среды сериализован| 
2023-03-14 20:02:47.0227|INFO|ChatbotConstructorTelegram.ViewModels.MainWindowViewModel|Главное окно успешно запущено| 
2023-03-14 20:02:49.1525|INFO|ChatbotConstructorTelegram.Model.ViewData.NoteProject|Проект C:\Users\fdkir\OneDrive\Рабочий стол\Диплом\Project\TestProject\NewDataProjTest\HelloWording.xml передан в окно конструктора| 
2023-03-14 20:03:01.5736|INFO|ChatbotConstructorTelegram.ViewModels.ProjectWindowViewModel|Inline Кнопка Hello ID 2bc31d5a-4c4e-4696-9d98-35a56a7f1993 добавлена | 
2023-03-14 20:03:02.2703|INFO|ChatbotConstructorTelegram.ViewModels.ProjectWindowViewModel|Inline Кнопка Hello ID b45c0cf4-6fd3-48fa-9642-98054478c631 добавлена | 
2023-03-14 20:03:02.4611|INFO|ChatbotConstructorTelegram.ViewModels.ProjectWindowViewModel|Inline Кнопка Hello ID 5a137b51-f187-46d3-916b-b336115d05e7 добавлена | 
2023-03-14 20:03:23.3935|INFO|ChatbotConstructorTelegram.Model.WorkEnvironment.RuntimeSystemManager|Статус рабочей среды сериализован| 
2023-03-14 20:03:23.4251|INFO|ChatbotConstructorTelegram.ViewModels.MainWindowViewModel|Главное окно успешно запущено| 
2023-03-14 20:03:25.3864|INFO|ChatbotConstructorTelegram.Model.ViewData.NoteProject|Проект C:\Users\fdkir\OneDrive\Рабочий стол\Диплом\Project\TestProject\NewDataProjTest\HelloWording.xml передан в окно конструктора| 
2023-03-14 20:03:33.9032|INFO|ChatbotConstructorTelegram.ViewModels.ProjectWindowViewModel|Inline Кнопка Hello ID b35ba00d-2a70-42ee-bc0a-e5aa52a18e3f добавлена | 
2023-03-14 20:06:00.2176|INFO|ChatbotConstructorTelegram.Model.WorkEnvironment.RuntimeSystemManager|Статус рабочей среды сериализован| 
2023-03-14 20:06:00.2493|INFO|ChatbotConstructorTelegram.ViewModels.MainWindowViewModel|Главное окно успешно запущено| 
2023-03-14 20:06:02.3497|INFO|ChatbotConstructorTelegram.Model.ViewData.NoteProject|Проект C:\Users\fdkir\OneDrive\Рабочий стол\Диплом\Project\TestProject\NewDataProjTest\HelloWording.xml передан в окно конструктора| 
2023-03-14 20:06:05.5605|INFO|ChatbotConstructorTelegram.ViewModels.ProjectWindowViewModel|Inline Кнопка Hello ID 7242de9a-9f9c-4e2c-8d68-b1c96a3d22d7 добавлена | 
2023-03-14 20:07:12.1456|INFO|ChatbotConstructorTelegram.Model.WorkEnvironment.RuntimeSystemManager|Статус рабочей среды сериализован| 
2023-03-14 20:07:12.1961|INFO|ChatbotConstructorTelegram.ViewModels.MainWindowViewModel|Главное окно успешно запущено| 
2023-03-14 20:07:14.4368|INFO|ChatbotConstructorTelegram.Model.ViewData.NoteProject|Проект C:\Users\fdkir\OneDrive\Рабочий стол\Диплом\Project\TestProject\NewDataProjTest\HelloWording.xml передан в окно конструктора| 
2023-03-14 20:07:15.9084|INFO|ChatbotConstructorTelegram.ViewModels.ProjectWindowViewModel|Inline Кнопка Hello ID a9e957c3-0705-446d-8f08-a591161abc63 добавлена | 
2023-03-14 20:07:21.8775|INFO|ChatbotConstructorTelegram.ViewModels.ProjectWindowViewModel|Inline Кнопка Hello ID ed0f4284-9840-4b67-97e1-1fea84a81500 добавлена | 
2023-03-14 20:07:36.7651|INFO|ChatbotConstructorTelegram.ViewModels.ProjectWindowViewModel|Inline Кнопка Hello ID defe8e90-f858-40a7-a713-3ddb31f44079 добавлена | 
2023-03-14 20:07:37.2435|INFO|ChatbotConstructorTelegram.ViewModels.ProjectWindowViewModel|Inline Кнопка Hello ID 12e86c96-f0aa-4740-bc14-e61239100895 добавлена | 
2023-03-14 20:09:20.5452|INFO|ChatbotConstructorTelegram.Model.WorkEnvironment.RuntimeSystemManager|Статус рабочей среды сериализован| 
2023-03-14 20:09:20.5777|INFO|ChatbotConstructorTelegram.ViewModels.MainWindowViewModel|Главное окно успешно запущено| 
2023-03-14 20:09:22.6322|INFO|ChatbotConstructorTelegram.Model.ViewData.NoteProject|Проект C:\Users\fdkir\OneDrive\Рабочий стол\Диплом\Project\TestProject\NewDataProjTest\HelloWording.xml передан в окно конструктора| 
2023-03-14 20:10:40.8769|INFO|ChatbotConstructorTelegram.Model.WorkEnvironment.RuntimeSystemManager|Статус рабочей среды сериализован| 
2023-03-14 20:10:40.9132|INFO|ChatbotConstructorTelegram.ViewModels.MainWindowViewModel|Главное окно успешно запущено| 
2023-03-14 20:10:43.0563|INFO|ChatbotConstructorTelegram.Model.ViewData.NoteProject|Проект C:\Users\fdkir\OneDrive\Рабочий стол\Диплом\Project\TestProject\NewDataProjTest\HelloWording.xml передан в окно конструктора| 
2023-03-14 20:10:50.9571|INFO|ChatbotConstructorTelegram.ViewModels.ProjectWindowViewModel|Inline Кнопка Hello ID 8cd584a1-e452-4902-bf07-469b5dacb206 добавлена | 
2023-03-14 20:13:32.6472|INFO|ChatbotConstructorTelegram.Model.WorkEnvironment.RuntimeSystemManager|Статус рабочей среды сериализован| 
2023-03-14 20:13:32.6785|INFO|ChatbotConstructorTelegram.ViewModels.MainWindowViewModel|Главное окно успешно запущено| 
2023-03-14 20:16:25.5941|INFO|ChatbotConstructorTelegram.Model.WorkEnvironment.RuntimeSystemManager|Статус рабочей среды сериализован| 
2023-03-14 20:16:25.6303|INFO|ChatbotConstructorTelegram.ViewModels.MainWindowViewModel|Главное окно успешно запущено| 
2023-03-14 20:16:27.5394|INFO|ChatbotConstructorTelegram.Model.ViewData.NoteProject|Проект C:\Users\fdkir\OneDrive\Рабочий стол\Диплом\Project\TestProject\NewDataProjTest\HelloWording.xml передан в окно конструктора| 
2023-03-14 20:16:45.3036|INFO|ChatbotConstructorTelegram.Model.WorkEnvironment.RuntimeSystemManager|Статус рабочей среды сериализован| 
2023-03-14 20:16:45.3274|INFO|ChatbotConstructorTelegram.ViewModels.MainWindowViewModel|Главное окно успешно запущено| 
2023-03-14 20:16:47.1423|INFO|ChatbotConstructorTelegram.Model.ViewData.NoteProject|Проект C:\Users\fdkir\OneDrive\Рабочий стол\Диплом\Project\TestProject\NewDataProjTest\HelloWording.xml передан в окно конструктора| 
2023-03-14 20:18:59.5066|INFO|ChatbotConstructorTelegram.Model.WorkEnvironment.RuntimeSystemManager|Статус рабочей среды сериализован| 
2023-03-14 20:18:59.5350|INFO|ChatbotConstructorTelegram.ViewModels.MainWindowViewModel|Главное окно успешно запущено| 
2023-03-14 20:19:01.7474|INFO|ChatbotConstructorTelegram.Model.ViewData.NoteProject|Проект C:\Users\fdkir\OneDrive\Рабочий стол\Диплом\Project\TestProject\NewDataProjTest\HelloWording.xml передан в окно конструктора| 
2023-03-14 20:19:34.8620|INFO|ChatbotConstructorTelegram.Model.WorkEnvironment.RuntimeSystemManager|Статус рабочей среды сериализован| 
2023-03-14 20:19:34.8879|INFO|ChatbotConstructorTelegram.ViewModels.MainWindowViewModel|Главное окно успешно запущено| 
2023-03-14 20:19:36.8729|INFO|ChatbotConstructorTelegram.Model.ViewData.NoteProject|Проект C:\Users\fdkir\OneDrive\Рабочий стол\Диплом\Project\TestProject\NewDataProjTest\HelloWording.xml передан в окно конструктора| 
2023-03-14 20:20:03.4527|INFO|ChatbotConstructorTelegram.Model.WorkEnvironment.RuntimeSystemManager|Статус рабочей среды сериализован| 
2023-03-14 20:20:03.4811|INFO|ChatbotConstructorTelegram.ViewModels.MainWindowViewModel|Главное окно успешно запущено| 
2023-03-14 20:20:05.6394|INFO|ChatbotConstructorTelegram.Model.ViewData.NoteProject|Проект C:\Users\fdkir\OneDrive\Рабочий стол\Диплом\Project\TestProject\NewDataProjTest\HelloWording.xml передан в окно конструктора| 
2023-03-14 20:20:31.3976|INFO|ChatbotConstructorTelegram.Model.WorkEnvironment.RuntimeSystemManager|Статус рабочей среды сериализован| 
2023-03-14 20:20:31.4251|INFO|ChatbotConstructorTelegram.ViewModels.MainWindowViewModel|Главное окно успешно запущено| 
2023-03-14 20:20:33.4375|INFO|ChatbotConstructorTelegram.Model.ViewData.NoteProject|Проект C:\Users\fdkir\OneDrive\Рабочий стол\Диплом\Project\TestProject\NewDataProjTest\HelloWording.xml передан в окно конструктора| 
2023-03-14 20:29:54.3188|INFO|ChatbotConstructorTelegram.Model.WorkEnvironment.RuntimeSystemManager|Статус рабочей среды сериализован| 
2023-03-14 20:29:54.3625|INFO|ChatbotConstructorTelegram.ViewModels.MainWindowViewModel|Главное окно успешно запущено| 
2023-03-14 20:29:56.7009|INFO|ChatbotConstructorTelegram.Model.ViewData.NoteProject|Проект C:\Users\fdkir\OneDrive\Рабочий стол\Диплом\Project\TestProject\NewDataProjTest\HelloWording.xml передан в окно конструктора| 
2023-03-14 20:32:54.3582|INFO|ChatbotConstructorTelegram.Model.WorkEnvironment.RuntimeSystemManager|Статус рабочей среды сериализован| 
2023-03-14 20:32:54.3866|INFO|ChatbotConstructorTelegram.ViewModels.MainWindowViewModel|Главное окно успешно запущено| 
2023-03-14 20:32:56.3877|INFO|ChatbotConstructorTelegram.Model.ViewData.NoteProject|Проект C:\Users\fdkir\OneDrive\Рабочий стол\Диплом\Project\TestProject\NewDataProjTest\HelloWording.xml передан в окно конструктора| 
2023-03-14 20:34:38.4199|INFO|ChatbotConstructorTelegram.Model.WorkEnvironment.RuntimeSystemManager|Статус рабочей среды сериализован| 
2023-03-14 20:34:38.4434|INFO|ChatbotConstructorTelegram.ViewModels.MainWindowViewModel|Главное окно успешно запущено| 
2023-03-14 20:34:40.4730|INFO|ChatbotConstructorTelegram.Model.ViewData.NoteProject|Проект C:\Users\fdkir\OneDrive\Рабочий стол\Диплом\Project\TestProject\NewDataProjTest\HelloWording.xml передан в окно конструктора| 
2023-03-14 20:35:14.9388|INFO|ChatbotConstructorTelegram.Model.WorkEnvironment.RuntimeSystemManager|Статус рабочей среды сериализован| 
2023-03-14 20:35:14.9717|INFO|ChatbotConstructorTelegram.ViewModels.MainWindowViewModel|Главное окно успешно запущено| 
2023-03-14 20:35:16.8631|INFO|ChatbotConstructorTelegram.Model.ViewData.NoteProject|Проект C:\Users\fdkir\OneDrive\Рабочий стол\Диплом\Project\TestProject\NewDataProjTest\HelloWording.xml передан в окно конструктора| 
2023-03-14 20:35:36.2309|INFO|ChatbotConstructorTelegram.ViewModels.ProjectWindowViewModel|Inline Кнопка Hello ID 54dc3695-765e-4f6c-a5d3-223c0d1f3f2e добавлена | 
2023-03-14 20:35:36.3501|INFO|ChatbotConstructorTelegram.ViewModels.ProjectWindowViewModel|Inline Кнопка Hello ID 6e6c7912-9c80-450d-b535-b468fbc589ec добавлена | 
2023-03-14 20:36:03.6200|INFO|ChatbotConstructorTelegram.Model.WorkEnvironment.RuntimeSystemManager|Статус рабочей среды сериализован| 
2023-03-14 20:36:03.6462|INFO|ChatbotConstructorTelegram.ViewModels.MainWindowViewModel|Главное окно успешно запущено| 
2023-03-14 20:36:05.5834|INFO|ChatbotConstructorTelegram.Model.ViewData.NoteProject|Проект C:\Users\fdkir\OneDrive\Рабочий стол\Диплом\Project\TestProject\NewDataProjTest\HelloWording.xml передан в окно конструктора| 
2023-03-14 20:36:18.6231|INFO|ChatbotConstructorTelegram.Model.WorkEnvironment.RuntimeSystemManager|Статус рабочей среды сериализован| 
2023-03-14 20:36:18.6548|INFO|ChatbotConstructorTelegram.ViewModels.MainWindowViewModel|Главное окно успешно запущено| 
2023-03-14 20:36:20.3999|INFO|ChatbotConstructorTelegram.Model.ViewData.NoteProject|Проект C:\Users\fdkir\OneDrive\Рабочий стол\Диплом\Project\TestProject\NewDataProjTest\HelloWording.xml передан в окно конструктора| 
2023-03-14 20:36:47.5021|INFO|ChatbotConstructorTelegram.Model.WorkEnvironment.RuntimeSystemManager|Статус рабочей среды сериализован| 
2023-03-14 20:36:47.5299|INFO|ChatbotConstructorTelegram.ViewModels.MainWindowViewModel|Главное окно успешно запущено| 
2023-03-14 20:36:49.2984|INFO|ChatbotConstructorTelegram.Model.ViewData.NoteProject|Проект C:\Users\fdkir\OneDrive\Рабочий стол\Диплом\Project\TestProject\NewDataProjTest\HelloWording.xml передан в окно конструктора| 
2023-03-14 20:37:14.0495|INFO|ChatbotConstructorTelegram.Model.WorkEnvironment.RuntimeSystemManager|Статус рабочей среды сериализован| 
2023-03-14 20:37:14.0788|INFO|ChatbotConstructorTelegram.ViewModels.MainWindowViewModel|Главное окно успешно запущено| 
2023-03-14 20:37:45.4073|INFO|ChatbotConstructorTelegram.Model.WorkEnvironment.RuntimeSystemManager|Статус рабочей среды сериализован| 
2023-03-14 20:37:45.4315|INFO|ChatbotConstructorTelegram.ViewModels.MainWindowViewModel|Главное окно успешно запущено| 
2023-03-14 20:37:47.2902|INFO|ChatbotConstructorTelegram.Model.ViewData.NoteProject|Проект C:\Users\fdkir\OneDrive\Рабочий стол\Диплом\Project\TestProject\NewDataProjTest\HelloWording.xml передан в окно конструктора| 
2023-03-14 20:38:39.2814|INFO|ChatbotConstructorTelegram.Model.WorkEnvironment.RuntimeSystemManager|Статус рабочей среды сериализован| 
2023-03-14 20:38:39.3108|INFO|ChatbotConstructorTelegram.ViewModels.MainWindowViewModel|Главное окно успешно запущено| 
2023-03-14 20:38:41.4996|INFO|ChatbotConstructorTelegram.Model.ViewData.NoteProject|Проект C:\Users\fdkir\OneDrive\Рабочий стол\Диплом\Project\TestProject\NewDataProjTest\HelloWording.xml передан в окно конструктора| 
2023-03-14 20:38:49.1921|INFO|ChatbotConstructorTelegram.ViewModels.ProjectWindowViewModel|Inline Кнопка Hello ID 9838c108-e5ad-415b-b289-fe5f04748004 добавлена | 
2023-03-14 20:38:49.8470|INFO|ChatbotConstructorTelegram.ViewModels.ProjectWindowViewModel|Inline Кнопка Hello ID 36d2f91a-ea63-4976-80da-8b48e8d956f1 добавлена | 
2023-03-14 20:38:53.2908|INFO|ChatbotConstructorTelegram.ViewModels.ProjectWindowViewModel|Inline Кнопка Hello ID b78df09e-06cf-481c-96ab-03b59df17117 добавлена | 
2023-03-14 20:38:53.4746|INFO|ChatbotConstructorTelegram.ViewModels.ProjectWindowViewModel|Inline Кнопка Hello ID c1c6ef28-3628-4a81-bb13-82ade50ff46e добавлена | 
2023-03-14 20:38:53.6001|INFO|ChatbotConstructorTelegram.ViewModels.ProjectWindowViewModel|Inline Кнопка Hello ID ca9deedf-742a-4184-9222-e37a17c1277c добавлена | 
2023-03-14 20:38:59.8604|INFO|ChatbotConstructorTelegram.ViewModels.ProjectWindowViewModel|Inline Кнопка Hello ID e46c9280-c880-4649-b347-48c6766ab669 добавлена | 
2023-03-14 20:39:00.5144|INFO|ChatbotConstructorTelegram.ViewModels.ProjectWindowViewModel|Inline Кнопка Hello ID af30595d-b38c-4380-841b-814683787a34 добавлена | 
2023-03-14 20:39:01.0202|INFO|ChatbotConstructorTelegram.ViewModels.ProjectWindowViewModel|Inline Кнопка Hello ID 965fbb04-bb42-4a62-9eeb-15496cc91730 добавлена | 
2023-03-14 20:40:11.8692|INFO|ChatbotConstructorTelegram.Model.WorkEnvironment.RuntimeSystemManager|Статус рабочей среды сериализован| 
2023-03-14 20:40:11.9057|INFO|ChatbotConstructorTelegram.ViewModels.MainWindowViewModel|Главное окно успешно запущено| 
2023-03-14 20:40:14.0519|INFO|ChatbotConstructorTelegram.Model.ViewData.NoteProject|Проект C:\Users\fdkir\OneDrive\Рабочий стол\Диплом\Project\TestProject\NewDataProjTest\HelloWording.xml передан в окно конструктора| 
2023-03-14 21:00:18.6304|INFO|ChatbotConstructorTelegram.Model.WorkEnvironment.RuntimeSystemManager|Статус рабочей среды сериализован| 
2023-03-14 21:00:18.6579|INFO|ChatbotConstructorTelegram.ViewModels.MainWindowViewModel|Главное окно успешно запущено| 
2023-03-14 21:00:20.9363|INFO|ChatbotConstructorTelegram.Model.ViewData.NoteProject|Проект C:\Users\fdkir\OneDrive\Рабочий стол\Диплом\Project\TestProject\NewDataProjTest\HelloWording.xml передан в окно конструктора| 
2023-03-14 21:13:11.5960|INFO|ChatbotConstructorTelegram.Model.WorkEnvironment.RuntimeSystemManager|Статус рабочей среды сериализован| 
2023-03-14 21:13:11.6260|INFO|ChatbotConstructorTelegram.ViewModels.MainWindowViewModel|Главное окно успешно запущено| 
2023-03-14 21:13:22.1707|INFO|ChatbotConstructorTelegram.Model.ViewData.NoteProject|Проект C:\Users\fdkir\OneDrive\Рабочий стол\Диплом\Project\TestProject\NewDataProjTest\HelloWording.xml передан в окно конструктора| 
2023-03-14 21:42:44.6480|INFO|ChatbotConstructorTelegram.Model.WorkEnvironment.RuntimeSystemManager|Статус рабочей среды сериализован| 
2023-03-14 21:42:44.6822|INFO|ChatbotConstructorTelegram.ViewModels.MainWindowViewModel|Главное окно успешно запущено| 
2023-03-14 21:42:47.6450|INFO|ChatbotConstructorTelegram.Model.ViewData.NoteProject|Проект C:\Users\fdkir\OneDrive\Рабочий стол\Диплом\Project\TestProject\NewDataProjTest\HelloWording.xml передан в окно конструктора| 
2023-03-14 21:43:26.4891|INFO|ChatbotConstructorTelegram.Model.WorkEnvironment.RuntimeSystemManager|Статус рабочей среды сериализован| 
2023-03-14 21:43:26.5232|INFO|ChatbotConstructorTelegram.ViewModels.MainWindowViewModel|Главное окно успешно запущено| 
2023-03-14 21:43:28.6214|INFO|ChatbotConstructorTelegram.Model.ViewData.NoteProject|Проект C:\Users\fdkir\OneDrive\Рабочий стол\Диплом\Project\TestProject\NewDataProjTest\HelloWording.xml передан в окно конструктора| 
2023-03-14 21:50:06.5076|INFO|ChatbotConstructorTelegram.Model.WorkEnvironment.RuntimeSystemManager|Статус рабочей среды сериализован| 
2023-03-14 21:50:06.5330|INFO|ChatbotConstructorTelegram.ViewModels.MainWindowViewModel|Главное окно успешно запущено| 
2023-03-14 21:50:08.7185|INFO|ChatbotConstructorTelegram.Model.ViewData.NoteProject|Проект C:\Users\fdkir\OneDrive\Рабочий стол\Диплом\Project\TestProject\NewDataProjTest\HelloWording.xml передан в окно конструктора| 
2023-03-14 21:51:07.7084|INFO|ChatbotConstructorTelegram.Model.WorkEnvironment.RuntimeSystemManager|Статус рабочей среды сериализован| 
2023-03-14 21:51:07.7459|INFO|ChatbotConstructorTelegram.ViewModels.MainWindowViewModel|Главное окно успешно запущено| 
2023-03-14 21:51:09.3980|INFO|ChatbotConstructorTelegram.Model.ViewData.NoteProject|Проект C:\Users\fdkir\OneDrive\Рабочий стол\Диплом\Project\TestProject\NewDataProjTest\HelloWording.xml передан в окно конструктора| 
2023-03-14 21:51:18.8266|INFO|ChatbotConstructorTelegram.ViewModels.ProjectWindowViewModel|Inline Кнопка Hello ID c84f9ffa-c3e8-4ed8-94d1-b452d1a01f52 добавлена | 
2023-03-14 21:52:31.6966|INFO|ChatbotConstructorTelegram.Model.WorkEnvironment.RuntimeSystemManager|Статус рабочей среды сериализован| 
2023-03-14 21:52:31.7250|INFO|ChatbotConstructorTelegram.ViewModels.MainWindowViewModel|Главное окно успешно запущено| 
2023-03-14 21:52:33.6336|INFO|ChatbotConstructorTelegram.Model.ViewData.NoteProject|Проект C:\Users\fdkir\OneDrive\Рабочий стол\Диплом\Project\TestProject\NewDataProjTest\HelloWording.xml передан в окно конструктора| 
2023-03-14 21:52:39.2674|INFO|ChatbotConstructorTelegram.ViewModels.ProjectWindowViewModel|Inline Кнопка Hello ID c28d6a40-8d7f-46a8-8337-b42addcbec56 добавлена | 
2023-03-14 21:53:52.2308|INFO|ChatbotConstructorTelegram.ViewModels.ProjectWindowViewModel|Inline Кнопка Hello ID b6bb1e6f-9c64-4b89-b1bc-262860b8c027 добавлена | 
2023-03-14 21:53:52.7782|INFO|ChatbotConstructorTelegram.ViewModels.ProjectWindowViewModel|Inline Кнопка Hello ID 27cfe14f-b9f5-4bae-add7-5b0d52428ad2 добавлена | 
2023-03-14 21:57:11.9611|INFO|ChatbotConstructorTelegram.Model.WorkEnvironment.RuntimeSystemManager|Статус рабочей среды сериализован| 
2023-03-14 21:57:11.9889|INFO|ChatbotConstructorTelegram.ViewModels.MainWindowViewModel|Главное окно успешно запущено| 
2023-03-14 21:57:14.2792|INFO|ChatbotConstructorTelegram.Model.ViewData.NoteProject|Проект C:\Users\fdkir\OneDrive\Рабочий стол\Диплом\Project\TestProject\NewDataProjTest\HelloWording.xml передан в окно конструктора| 
2023-03-14 22:02:54.5189|INFO|ChatbotConstructorTelegram.Model.WorkEnvironment.RuntimeSystemManager|Статус рабочей среды сериализован| 
2023-03-14 22:02:54.5451|INFO|ChatbotConstructorTelegram.ViewModels.MainWindowViewModel|Главное окно успешно запущено| 
2023-03-14 22:02:56.8658|INFO|ChatbotConstructorTelegram.Model.ViewData.NoteProject|Проект C:\Users\fdkir\OneDrive\Рабочий стол\Диплом\Project\TestProject\NewDataProjTest\HelloWording.xml передан в окно конструктора| 
2023-03-14 22:23:00.4972|INFO|ChatbotConstructorTelegram.Model.WorkEnvironment.RuntimeSystemManager|Статус рабочей среды сериализован| 
2023-03-14 22:23:00.5221|INFO|ChatbotConstructorTelegram.ViewModels.MainWindowViewModel|Главное окно успешно запущено| 
2023-03-14 22:27:04.8745|INFO|ChatbotConstructorTelegram.Model.WorkEnvironment.RuntimeSystemManager|Статус рабочей среды сериализован| 
2023-03-14 22:27:04.9042|INFO|ChatbotConstructorTelegram.ViewModels.MainWindowViewModel|Главное окно успешно запущено| 
2023-03-14 22:27:07.3759|INFO|ChatbotConstructorTelegram.Model.ViewData.NoteProject|Проект C:\Users\fdkir\OneDrive\Рабочий стол\Диплом\Project\TestProject\NewDataProjTest\HelloWording.xml передан в окно конструктора| 
2023-03-14 22:29:19.6860|INFO|ChatbotConstructorTelegram.Model.WorkEnvironment.RuntimeSystemManager|Статус рабочей среды сериализован| 
2023-03-14 22:29:19.7212|INFO|ChatbotConstructorTelegram.ViewModels.MainWindowViewModel|Главное окно успешно запущено| 
2023-03-14 22:29:22.0137|INFO|ChatbotConstructorTelegram.Model.ViewData.NoteProject|Проект C:\Users\fdkir\OneDrive\Рабочий стол\Диплом\Project\TestProject\NewDataProjTest\HelloWording.xml передан в окно конструктора| 
2023-03-14 22:29:42.5736|INFO|ChatbotConstructorTelegram.Model.WorkEnvironment.RuntimeSystemManager|Статус рабочей среды сериализован| 
2023-03-14 22:29:42.6113|INFO|ChatbotConstructorTelegram.ViewModels.MainWindowViewModel|Главное окно успешно запущено| 
2023-03-14 22:30:33.8534|INFO|ChatbotConstructorTelegram.Model.ViewData.NoteProject|Проект C:\Users\fdkir\OneDrive\Рабочий стол\Диплом\Project\TestProject\NewDataProjTest\HelloWording.xml передан в окно конструктора| 
2023-03-14 22:32:06.7025|INFO|ChatbotConstructorTelegram.Model.WorkEnvironment.RuntimeSystemManager|Статус рабочей среды сериализован| 
2023-03-14 22:32:06.7410|INFO|ChatbotConstructorTelegram.ViewModels.MainWindowViewModel|Главное окно успешно запущено| 
2023-03-14 22:32:11.5269|INFO|ChatbotConstructorTelegram.Model.ViewData.NoteProject|Проект C:\Users\fdkir\OneDrive\Рабочий стол\Диплом\Project\TestProject\NewDataProjTest\HelloWording.xml передан в окно конструктора| 
2023-03-14 22:34:52.7193|INFO|ChatbotConstructorTelegram.Model.WorkEnvironment.RuntimeSystemManager|Статус рабочей среды сериализован| 
2023-03-14 22:34:52.7619|INFO|ChatbotConstructorTelegram.ViewModels.MainWindowViewModel|Главное окно успешно запущено| 
2023-03-14 22:34:55.0588|INFO|ChatbotConstructorTelegram.Model.ViewData.NoteProject|Проект C:\Users\fdkir\OneDrive\Рабочий стол\Диплом\Project\TestProject\NewDataProjTest\HelloWording.xml передан в окно конструктора| 
2023-03-14 22:55:03.7054|INFO|ChatbotConstructorTelegram.Model.WorkEnvironment.RuntimeSystemManager|Статус рабочей среды сериализован| 
2023-03-14 22:55:03.7527|INFO|ChatbotConstructorTelegram.ViewModels.MainWindowViewModel|Главное окно успешно запущено| 
2023-03-14 22:55:06.2125|INFO|ChatbotConstructorTelegram.Model.ViewData.NoteProject|Проект C:\Users\fdkir\OneDrive\Рабочий стол\Диплом\Project\TestProject\NewDataProjTest\HelloWording.xml передан в окно конструктора| 
2023-03-14 22:55:41.2651|INFO|ChatbotConstructorTelegram.ViewModels.ProjectWindowViewModel|Inline Кнопка Hello ID f36c14f6-c8bb-404b-8184-dcb1f73f7fd3 добавлена | 
2023-03-14 22:55:42.0236|INFO|ChatbotConstructorTelegram.ViewModels.ProjectWindowViewModel|Inline Кнопка Hello ID a3a4744b-cac2-4b78-b082-4332371ca6b6 добавлена | 
2023-03-14 23:03:50.5320|INFO|ChatbotConstructorTelegram.Model.WorkEnvironment.RuntimeSystemManager|Статус рабочей среды сериализован| 
2023-03-14 23:03:50.5634|INFO|ChatbotConstructorTelegram.ViewModels.MainWindowViewModel|Главное окно успешно запущено| 
2023-03-14 23:06:07.2343|INFO|ChatbotConstructorTelegram.Model.WorkEnvironment.RuntimeSystemManager|Статус рабочей среды сериализован| 
2023-03-14 23:06:07.2658|INFO|ChatbotConstructorTelegram.ViewModels.MainWindowViewModel|Главное окно успешно запущено| 
2023-03-14 23:06:09.8909|INFO|ChatbotConstructorTelegram.Model.ViewData.NoteProject|Проект C:\Users\fdkir\OneDrive\Рабочий стол\Диплом\Project\TestProject\NewDataProjTest\HelloWording.xml передан в окно конструктора| 
2023-03-14 23:13:59.3834|INFO|ChatbotConstructorTelegram.Model.WorkEnvironment.RuntimeSystemManager|Статус рабочей среды сериализован| 
2023-03-14 23:13:59.4117|INFO|ChatbotConstructorTelegram.ViewModels.MainWindowViewModel|Главное окно успешно запущено| 
2023-03-14 23:14:57.0055|INFO|ChatbotConstructorTelegram.Model.WorkEnvironment.RuntimeSystemManager|Статус рабочей среды сериализован| 
2023-03-14 23:14:57.0410|INFO|ChatbotConstructorTelegram.ViewModels.MainWindowViewModel|Главное окно успешно запущено| 
2023-03-14 23:16:53.8423|INFO|ChatbotConstructorTelegram.Model.WorkEnvironment.RuntimeSystemManager|Статус рабочей среды сериализован| 
2023-03-14 23:16:53.8711|INFO|ChatbotConstructorTelegram.ViewModels.MainWindowViewModel|Главное окно успешно запущено| 
2023-03-14 23:17:25.8989|INFO|ChatbotConstructorTelegram.Model.WorkEnvironment.RuntimeSystemManager|Статус рабочей среды сериализован| 
2023-03-14 23:17:25.9240|INFO|ChatbotConstructorTelegram.ViewModels.MainWindowViewModel|Главное окно успешно запущено| 
2023-03-14 23:18:39.3291|INFO|ChatbotConstructorTelegram.Model.WorkEnvironment.RuntimeSystemManager|Статус рабочей среды сериализован| 
2023-03-14 23:18:39.3826|INFO|ChatbotConstructorTelegram.ViewModels.MainWindowViewModel|Главное окно успешно запущено| 
2023-03-14 23:18:41.5077|INFO|ChatbotConstructorTelegram.Model.ViewData.NoteProject|Проект C:\Users\fdkir\OneDrive\Рабочий стол\Диплом\Project\TestProject\NewDataProjTest\HelloWording.xml передан в окно конструктора| 
2023-03-14 23:19:09.2737|INFO|ChatbotConstructorTelegram.ViewModels.ProjectWindowViewModel|Inline Кнопка Hello ID adaed7dc-8f97-460e-8943-a22ec0e3e2f4 добавлена | 
2023-03-14 23:19:09.4176|INFO|ChatbotConstructorTelegram.ViewModels.ProjectWindowViewModel|Inline Кнопка Hello ID 715925aa-bafd-4a48-96c0-158e00af29c3 добавлена | 
2023-03-14 23:19:09.5536|INFO|ChatbotConstructorTelegram.ViewModels.ProjectWindowViewModel|Inline Кнопка Hello ID 60aa4482-61c5-416a-89aa-1ec4b3c59f0b добавлена | 
2023-03-14 23:19:12.7561|INFO|ChatbotConstructorTelegram.ViewModels.ProjectWindowViewModel|Inline Кнопка Hello ID a5a802e6-6adb-4989-85e6-c58acd8a0fcb добавлена | 
2023-03-14 23:19:12.8890|INFO|ChatbotConstructorTelegram.ViewModels.ProjectWindowViewModel|Inline Кнопка Hello ID 667c2ae5-808b-4c65-a014-45366cbff21b добавлена | 
2023-03-14 23:19:18.4978|INFO|ChatbotConstructorTelegram.Infrastructure.Manager.FileProjectManager|Проект сериализован| 
2023-03-14 23:19:27.4869|INFO|ChatbotConstructorTelegram.Model.WorkEnvironment.RuntimeSystemManager|Статус рабочей среды сериализован| 
2023-03-14 23:19:27.5307|INFO|ChatbotConstructorTelegram.ViewModels.MainWindowViewModel|Главное окно успешно запущено| 
2023-03-14 23:19:29.7035|INFO|ChatbotConstructorTelegram.Model.ViewData.NoteProject|Проект C:\Users\fdkir\OneDrive\Рабочий стол\Диплом\Project\TestProject\NewDataProjTest\HelloWording.xml передан в окно конструктора| 
2023-03-14 23:20:07.9407|INFO|ChatbotConstructorTelegram.Model.WorkEnvironment.RuntimeSystemManager|Статус рабочей среды сериализован| 
2023-03-14 23:20:07.9704|INFO|ChatbotConstructorTelegram.ViewModels.MainWindowViewModel|Главное окно успешно запущено| 
2023-03-14 23:20:39.9373|INFO|ChatbotConstructorTelegram.Model.WorkEnvironment.RuntimeSystemManager|Статус рабочей среды сериализован| 
2023-03-14 23:20:39.9745|INFO|ChatbotConstructorTelegram.ViewModels.MainWindowViewModel|Главное окно успешно запущено| 
2023-03-14 23:21:55.6420|INFO|ChatbotConstructorTelegram.Model.ViewData.NoteProject|Проект C:\Users\fdkir\OneDrive\Рабочий стол\Диплом\Project\TestProject\NewDataProjTest\HelloWording.xml передан в окно конструктора| 
2023-03-14 23:23:11.4252|INFO|ChatbotConstructorTelegram.Model.WorkEnvironment.RuntimeSystemManager|Статус рабочей среды сериализован| 
2023-03-14 23:23:11.4526|INFO|ChatbotConstructorTelegram.ViewModels.MainWindowViewModel|Главное окно успешно запущено| 
2023-03-14 23:23:13.6538|INFO|ChatbotConstructorTelegram.Model.ViewData.NoteProject|Проект C:\Users\fdkir\OneDrive\Рабочий стол\Диплом\Project\TestProject\NewDataProjTest\HelloWording.xml передан в окно конструктора| 
2023-03-14 23:23:36.1903|INFO|ChatbotConstructorTelegram.ViewModels.ProjectWindowViewModel|Inline Кнопка 23123 ID 031a41f1-da92-4388-9327-200541bae95c добавлена | 
2023-03-14 23:23:44.2350|INFO|ChatbotConstructorTelegram.ViewModels.ProjectWindowViewModel|Inline Кнопка fdsfsdf ID 0ddaaf81-ea4d-400e-a921-2ad58de3e42c добавлена | 
2023-03-14 23:23:46.9193|INFO|ChatbotConstructorTelegram.ViewModels.ProjectWindowViewModel|Inline Кнопка 3243fdwev ID 7382e0b2-ab45-428e-847f-cb0c8151445e добавлена | 
2023-03-14 23:23:52.0253|INFO|ChatbotConstructorTelegram.Infrastructure.Manager.FileProjectManager|Проект сериализован| 
2023-03-14 23:23:56.4022|INFO|ChatbotConstructorTelegram.Model.WorkEnvironment.RuntimeSystemManager|Статус рабочей среды сериализован| 
2023-03-14 23:23:56.4337|INFO|ChatbotConstructorTelegram.ViewModels.MainWindowViewModel|Главное окно успешно запущено| 
2023-03-14 23:23:58.6034|INFO|ChatbotConstructorTelegram.Model.ViewData.NoteProject|Проект C:\Users\fdkir\OneDrive\Рабочий стол\Диплом\Project\TestProject\NewDataProjTest\HelloWording.xml передан в окно конструктора| 
2023-03-14 23:26:11.6843|INFO|ChatbotConstructorTelegram.Model.WorkEnvironment.RuntimeSystemManager|Статус рабочей среды сериализован| 
2023-03-14 23:26:11.7136|INFO|ChatbotConstructorTelegram.ViewModels.MainWindowViewModel|Главное окно успешно запущено| 
2023-03-14 23:26:14.0856|INFO|ChatbotConstructorTelegram.Model.ViewData.NoteProject|Проект C:\Users\fdkir\OneDrive\Рабочий стол\Диплом\Project\TestProject\NewDataProjTest\HelloWording.xml передан в окно конструктора| 
2023-03-14 23:26:24.3640|INFO|ChatbotConstructorTelegram.ViewModels.ProjectWindowViewModel|Inline Кнопка vfbsb bsf ID d0eb9f06-1f1e-4804-9348-fcf73f3509c2 добавлена | 
2023-03-14 23:30:08.4356|INFO|ChatbotConstructorTelegram.Model.WorkEnvironment.RuntimeSystemManager|Статус рабочей среды сериализован| 
2023-03-14 23:30:08.4826|INFO|ChatbotConstructorTelegram.ViewModels.MainWindowViewModel|Главное окно успешно запущено| 
2023-03-14 23:30:11.4516|INFO|ChatbotConstructorTelegram.Model.ViewData.NoteProject|Проект C:\Users\fdkir\OneDrive\Рабочий стол\Диплом\Project\TestProject\NewDataProjTest\HelloWording.xml передан в окно конструктора| 
2023-03-14 23:31:06.7235|INFO|ChatbotConstructorTelegram.Model.WorkEnvironment.RuntimeSystemManager|Статус рабочей среды сериализован| 
2023-03-14 23:31:06.7752|INFO|ChatbotConstructorTelegram.ViewModels.MainWindowViewModel|Главное окно успешно запущено| 
2023-03-14 23:31:09.1981|INFO|ChatbotConstructorTelegram.Model.ViewData.NoteProject|Проект C:\Users\fdkir\OneDrive\Рабочий стол\Диплом\Project\TestProject\NewDataProjTest\HelloWording.xml передан в окно конструктора| 
2023-03-14 23:32:51.7577|INFO|ChatbotConstructorTelegram.Model.WorkEnvironment.RuntimeSystemManager|Статус рабочей среды сериализован| 
2023-03-14 23:32:51.8066|INFO|ChatbotConstructorTelegram.ViewModels.MainWindowViewModel|Главное окно успешно запущено| 
2023-03-14 23:32:54.2904|INFO|ChatbotConstructorTelegram.Model.ViewData.NoteProject|Проект C:\Users\fdkir\OneDrive\Рабочий стол\Диплом\Project\TestProject\NewDataProjTest\HelloWording.xml передан в окно конструктора| 
2023-03-14 23:46:34.4242|INFO|ChatbotConstructorTelegram.Model.WorkEnvironment.RuntimeSystemManager|Статус рабочей среды сериализован| 
2023-03-14 23:46:34.4719|INFO|ChatbotConstructorTelegram.ViewModels.MainWindowViewModel|Главное окно успешно запущено| 
2023-03-14 23:46:37.2380|INFO|ChatbotConstructorTelegram.Model.ViewData.NoteProject|Проект C:\Users\fdkir\OneDrive\Рабочий стол\Диплом\Project\TestProject\NewDataProjTest\HelloWording.xml передан в окно конструктора| 
2023-03-14 23:46:57.1507|INFO|ChatbotConstructorTelegram.ViewModels.ProjectWindowViewModel|Inline Кнопка Hello ID c9d828fb-617e-4fec-a1fd-b280a9ab0ddd добавлена | 
2023-03-14 23:46:58.7951|INFO|ChatbotConstructorTelegram.ViewModels.ProjectWindowViewModel|Inline Кнопка Hello ID 22641e4f-faa3-470c-a104-f543f8e04ccf добавлена | 
2023-03-14 23:46:59.6141|INFO|ChatbotConstructorTelegram.ViewModels.ProjectWindowViewModel|Inline Кнопка Hello ID 65179e66-ed2e-4910-9797-ecb28bb75e2d добавлена | 
2023-03-14 23:53:28.9168|INFO|ChatbotConstructorTelegram.Model.WorkEnvironment.RuntimeSystemManager|Статус рабочей среды сериализован| 
2023-03-14 23:53:28.9411|INFO|ChatbotConstructorTelegram.ViewModels.MainWindowViewModel|Главное окно успешно запущено| 
2023-03-14 23:53:30.9947|INFO|ChatbotConstructorTelegram.Model.ViewData.NoteProject|Проект C:\Users\fdkir\OneDrive\Рабочий стол\Диплом\Project\TestProject\NewDataProjTest\HelloWording.xml передан в окно конструктора| 
2023-03-14 23:53:59.8781|INFO|ChatbotConstructorTelegram.Model.WorkEnvironment.RuntimeSystemManager|Статус рабочей среды сериализован| 
2023-03-14 23:53:59.9115|INFO|ChatbotConstructorTelegram.ViewModels.MainWindowViewModel|Главное окно успешно запущено| 
2023-03-14 23:54:01.9654|INFO|ChatbotConstructorTelegram.Model.ViewData.NoteProject|Проект C:\Users\fdkir\OneDrive\Рабочий стол\Диплом\Project\TestProject\NewDataProjTest\HelloWording.xml передан в окно конструктора| 
2023-03-14 23:56:31.2465|INFO|ChatbotConstructorTelegram.Model.WorkEnvironment.RuntimeSystemManager|Статус рабочей среды сериализован| 
2023-03-14 23:56:31.2751|INFO|ChatbotConstructorTelegram.ViewModels.MainWindowViewModel|Главное окно успешно запущено| 
2023-03-14 23:56:33.6151|INFO|ChatbotConstructorTelegram.Model.ViewData.NoteProject|Проект C:\Users\fdkir\OneDrive\Рабочий стол\Диплом\Project\TestProject\NewDataProjTest\HelloWording.xml передан в окно конструктора| 
2023-03-14 23:57:25.5246|INFO|ChatbotConstructorTelegram.Model.WorkEnvironment.RuntimeSystemManager|Статус рабочей среды сериализован| 
2023-03-14 23:57:25.5562|INFO|ChatbotConstructorTelegram.ViewModels.MainWindowViewModel|Главное окно успешно запущено| 
2023-03-14 23:57:27.9347|INFO|ChatbotConstructorTelegram.Model.ViewData.NoteProject|Проект C:\Users\fdkir\OneDrive\Рабочий стол\Диплом\Project\TestProject\NewDataProjTest\HelloWording.xml передан в окно конструктора| 
