2023-03-17 17:38:11.0101|INFO|ChatbotConstructorTelegram.Model.WorkEnvironment.RuntimeSystemManager|Статус рабочей среды сериализован| 
2023-03-17 17:38:11.0585|INFO|ChatbotConstructorTelegram.ViewModels.MainWindowViewModel|Главное окно успешно запущено| 
2023-03-17 17:38:13.9731|INFO|ChatbotConstructorTelegram.Model.ViewData.NoteProject|Проект C:\Users\fdkir\OneDrive\Рабочий стол\Диплом\Project\TestProject\NewDataProjTest\HelloWording.xml передан в окно конструктора| 
2023-03-17 17:44:18.4634|INFO|ChatbotConstructorTelegram.Model.WorkEnvironment.RuntimeSystemManager|Статус рабочей среды сериализован| 
2023-03-17 17:44:18.4915|INFO|ChatbotConstructorTelegram.ViewModels.MainWindowViewModel|Главное окно успешно запущено| 
2023-03-17 17:44:20.4054|INFO|ChatbotConstructorTelegram.Model.ViewData.NoteProject|Проект C:\Users\fdkir\OneDrive\Рабочий стол\Диплом\Project\TestProject\NewDataProjTest\HelloWording.xml передан в окно конструктора| 
2023-03-17 17:47:53.8434|INFO|ChatbotConstructorTelegram.Model.WorkEnvironment.RuntimeSystemManager|Статус рабочей среды сериализован| 
2023-03-17 17:47:53.8846|INFO|ChatbotConstructorTelegram.ViewModels.MainWindowViewModel|Главное окно успешно запущено| 
2023-03-17 17:47:56.0290|INFO|ChatbotConstructorTelegram.Model.ViewData.NoteProject|Проект C:\Users\fdkir\OneDrive\Рабочий стол\Диплом\Project\TestProject\NewDataProjTest\HelloWording.xml передан в окно конструктора| 
2023-03-17 17:49:40.0193|INFO|ChatbotConstructorTelegram.Model.WorkEnvironment.RuntimeSystemManager|Статус рабочей среды сериализован| 
2023-03-17 17:49:40.0551|INFO|ChatbotConstructorTelegram.ViewModels.MainWindowViewModel|Главное окно успешно запущено| 
2023-03-17 17:49:41.9308|INFO|ChatbotConstructorTelegram.Model.ViewData.NoteProject|Проект C:\Users\fdkir\OneDrive\Рабочий стол\Диплом\Project\TestProject\NewDataProjTest\HelloWording.xml передан в окно конструктора| 
2023-03-17 17:50:56.7758|INFO|ChatbotConstructorTelegram.Model.WorkEnvironment.RuntimeSystemManager|Статус рабочей среды сериализован| 
2023-03-17 17:50:56.8085|INFO|ChatbotConstructorTelegram.ViewModels.MainWindowViewModel|Главное окно успешно запущено| 
2023-03-17 17:50:58.7403|INFO|ChatbotConstructorTelegram.Model.ViewData.NoteProject|Проект C:\Users\fdkir\OneDrive\Рабочий стол\Диплом\Project\TestProject\NewDataProjTest\HelloWording.xml передан в окно конструктора| 
2023-03-17 17:52:11.0997|INFO|ChatbotConstructorTelegram.Model.WorkEnvironment.RuntimeSystemManager|Статус рабочей среды сериализован| 
2023-03-17 17:52:11.1311|INFO|ChatbotConstructorTelegram.ViewModels.MainWindowViewModel|Главное окно успешно запущено| 
2023-03-17 17:53:48.9254|INFO|ChatbotConstructorTelegram.Model.WorkEnvironment.RuntimeSystemManager|Статус рабочей среды сериализован| 
2023-03-17 17:53:48.9556|INFO|ChatbotConstructorTelegram.ViewModels.MainWindowViewModel|Главное окно успешно запущено| 
2023-03-17 17:53:51.1753|INFO|ChatbotConstructorTelegram.Model.ViewData.NoteProject|Проект C:\Users\fdkir\OneDrive\Рабочий стол\Диплом\Project\TestProject\NewDataProjTest\HelloWording.xml передан в окно конструктора| 
2023-03-17 17:55:11.4087|INFO|ChatbotConstructorTelegram.Model.WorkEnvironment.RuntimeSystemManager|Статус рабочей среды сериализован| 
2023-03-17 17:55:11.4363|INFO|ChatbotConstructorTelegram.ViewModels.MainWindowViewModel|Главное окно успешно запущено| 
2023-03-17 17:55:13.6755|INFO|ChatbotConstructorTelegram.Model.ViewData.NoteProject|Проект C:\Users\fdkir\OneDrive\Рабочий стол\Диплом\Project\TestProject\NewDataProjTest\HelloWording.xml передан в окно конструктора| 
2023-03-17 17:57:37.1541|INFO|ChatbotConstructorTelegram.Model.WorkEnvironment.RuntimeSystemManager|Статус рабочей среды сериализован| 
2023-03-17 17:57:37.1795|INFO|ChatbotConstructorTelegram.ViewModels.MainWindowViewModel|Главное окно успешно запущено| 
2023-03-17 17:57:39.1261|INFO|ChatbotConstructorTelegram.Model.ViewData.NoteProject|Проект C:\Users\fdkir\OneDrive\Рабочий стол\Диплом\Project\TestProject\NewDataProjTest\HelloWording.xml передан в окно конструктора| 
2023-03-17 17:58:38.8816|INFO|ChatbotConstructorTelegram.Infrastructure.Manager.FileProjectManager|Проект сериализован| 
2023-03-17 17:34:57.6713|INFO|ChatbotConstructorTelegram.Model.WorkEnvironment.RuntimeSystemManager|Статус рабочей среды сериализован| 
2023-03-17 17:34:57.7131|INFO|ChatbotConstructorTelegram.ViewModels.MainWindowViewModel|Главное окно успешно запущено| 
2023-03-17 17:35:04.8725|INFO|ChatbotConstructorTelegram.Model.ViewData.NoteProject|Проект C:\Users\fdkir\OneDrive\Рабочий стол\Диплом\Project\TestProject\NewDataProjTest\HelloWording.xml передан в окно конструктора| 
2023-03-17 17:35:33.5133|INFO|ChatbotConstructorTelegram.Model.WorkEnvironment.RuntimeSystemManager|Статус рабочей среды сериализован| 
2023-03-17 17:35:33.5452|INFO|ChatbotConstructorTelegram.ViewModels.MainWindowViewModel|Главное окно успешно запущено| 
2023-03-17 17:35:35.7697|INFO|ChatbotConstructorTelegram.Model.ViewData.NoteProject|Проект C:\Users\fdkir\OneDrive\Рабочий стол\Диплом\Project\TestProject\NewDataProjTest\HelloWording.xml передан в окно конструктора| 
2023-03-17 17:35:41.7596|INFO|ChatbotConstructorTelegram.Model.WorkEnvironment.RuntimeSystemManager|Статус рабочей среды сериализован| 
2023-03-17 17:35:41.8003|INFO|ChatbotConstructorTelegram.ViewModels.MainWindowViewModel|Главное окно успешно запущено| 
2023-03-17 17:35:47.8691|INFO|ChatbotConstructorTelegram.Model.ViewData.NoteProject|Проект C:\Users\fdkir\OneDrive\Рабочий стол\Диплом\Project\TestProject\NewDataProjTest\HelloWording.xml передан в окно конструктора| 
2023-03-17 17:36:05.2883|INFO|ChatbotConstructorTelegram.Infrastructure.Manager.FileProjectManager|Проект сериализован| 
2023-03-17 17:36:14.2621|INFO|ChatbotConstructorTelegram.Model.WorkEnvironment.RuntimeSystemManager|Статус рабочей среды сериализован| 
2023-03-17 17:36:14.3080|INFO|ChatbotConstructorTelegram.ViewModels.MainWindowViewModel|Главное окно успешно запущено| 
2023-03-17 17:36:16.8953|INFO|ChatbotConstructorTelegram.Model.ViewData.NoteProject|Проект C:\Users\fdkir\OneDrive\Рабочий стол\Диплом\Project\TestProject\NewDataProjTest\HelloWording.xml передан в окно конструктора| 
2023-03-17 17:37:10.8214|INFO|ChatbotConstructorTelegram.Infrastructure.Manager.FileProjectManager|Проект сериализован| 
2023-03-17 17:38:25.4527|INFO|ChatbotConstructorTelegram.Model.WorkEnvironment.RuntimeSystemManager|Статус рабочей среды сериализован| 
2023-03-17 17:39:40.5992|INFO|ChatbotConstructorTelegram.ViewModels.MainWindowViewModel|Главное окно успешно запущено| 
2023-03-17 17:41:17.6442|INFO|ChatbotConstructorTelegram.Model.ViewData.NoteProject|Проект C:\Users\fdkir\OneDrive\Рабочий стол\Диплом\Project\TestProject\NewDataProjTest\HelloWording.xml передан в окно конструктора| 
2023-03-17 17:41:52.6533|INFO|ChatbotConstructorTelegram.Infrastructure.Manager.FileProjectManager|Проект сериализован| 
2023-03-17 17:41:57.3988|INFO|ChatbotConstructorTelegram.Model.WorkEnvironment.RuntimeSystemManager|Статус рабочей среды сериализован| 
2023-03-17 17:41:59.7725|INFO|ChatbotConstructorTelegram.ViewModels.MainWindowViewModel|Главное окно успешно запущено| 
2023-03-17 17:42:04.2770|INFO|ChatbotConstructorTelegram.Model.ViewData.NoteProject|Проект C:\Users\fdkir\OneDrive\Рабочий стол\Диплом\Project\TestProject\NewDataProjTest\HelloWording.xml передан в окно конструктора| 
2023-03-17 18:25:34.7730|INFO|ChatbotConstructorTelegram.Model.WorkEnvironment.RuntimeSystemManager|Статус рабочей среды сериализован| 
2023-03-17 18:25:34.8084|INFO|ChatbotConstructorTelegram.ViewModels.MainWindowViewModel|Главное окно успешно запущено| 
2023-03-17 18:25:36.9763|INFO|ChatbotConstructorTelegram.Model.ViewData.NoteProject|Проект C:\Users\fdkir\OneDrive\Рабочий стол\Диплом\Project\TestProject\NewDataProjTest\HelloWording.xml передан в окно конструктора| 
2023-03-17 18:26:05.1500|INFO|ChatbotConstructorTelegram.Infrastructure.Manager.FileProjectManager|Проект сериализован| 
2023-03-17 18:27:24.8279|INFO|ChatbotConstructorTelegram.Infrastructure.Manager.FileProjectManager|Проект сериализован| 
2023-03-17 18:27:41.0019|INFO|ChatbotConstructorTelegram.Model.WorkEnvironment.RuntimeSystemManager|Статус рабочей среды сериализован| 
2023-03-17 18:27:41.0352|INFO|ChatbotConstructorTelegram.ViewModels.MainWindowViewModel|Главное окно успешно запущено| 
2023-03-17 18:27:42.9714|INFO|ChatbotConstructorTelegram.Model.ViewData.NoteProject|Проект C:\Users\fdkir\OneDrive\Рабочий стол\Диплом\Project\TestProject\NewDataProjTest\HelloWording.xml передан в окно конструктора| 
2023-03-17 18:34:58.3044|INFO|ChatbotConstructorTelegram.Model.WorkEnvironment.RuntimeSystemManager|Статус рабочей среды сериализован| 
2023-03-17 18:34:58.3332|INFO|ChatbotConstructorTelegram.ViewModels.MainWindowViewModel|Главное окно успешно запущено| 
2023-03-17 18:35:29.7027|INFO|ChatbotConstructorTelegram.Model.ViewData.NoteProject|Проект C:\Users\fdkir\OneDrive\Рабочий стол\Диплом\Project\TestProject\NewDataProjTest\HelloWording.xml передан в окно конструктора| 
2023-03-17 18:36:33.3358|INFO|ChatbotConstructorTelegram.Infrastructure.Manager.FileProjectManager|Проект сериализован| 
2023-03-17 18:37:29.0127|INFO|ChatbotConstructorTelegram.Model.WorkEnvironment.RuntimeSystemManager|Статус рабочей среды сериализован| 
2023-03-17 18:37:29.0501|INFO|ChatbotConstructorTelegram.ViewModels.MainWindowViewModel|Главное окно успешно запущено| 
2023-03-17 18:40:50.2003|INFO|ChatbotConstructorTelegram.Model.ViewData.NoteProject|Проект C:\Users\fdkir\OneDrive\Рабочий стол\Диплом\Project\TestProject\NewDataProjTest\HelloWording.xml передан в окно конструктора| 
2023-03-17 18:41:11.2430|INFO|ChatbotConstructorTelegram.Infrastructure.Manager.FileProjectManager|Проект сериализован| 
2023-03-17 18:41:17.9062|INFO|ChatbotConstructorTelegram.Model.WorkEnvironment.RuntimeSystemManager|Статус рабочей среды сериализован| 
2023-03-17 18:41:17.9457|INFO|ChatbotConstructorTelegram.ViewModels.MainWindowViewModel|Главное окно успешно запущено| 
2023-03-17 18:41:41.1101|INFO|ChatbotConstructorTelegram.Model.ViewData.NoteProject|Проект C:\Users\fdkir\OneDrive\Рабочий стол\Диплом\Project\TestProject\NewDataProjTest\HelloWording.xml передан в окно конструктора| 
2023-03-17 18:41:56.8111|INFO|ChatbotConstructorTelegram.Model.WorkEnvironment.RuntimeSystemManager|Статус рабочей среды сериализован| 
2023-03-17 18:41:56.8434|INFO|ChatbotConstructorTelegram.ViewModels.MainWindowViewModel|Главное окно успешно запущено| 
2023-03-17 18:42:00.3693|INFO|ChatbotConstructorTelegram.View.Window.MainWindow|Создание проекта| 
2023-03-17 18:42:36.4135|INFO|ChatbotConstructorTelegram.View.Window.CreationProjectWindow|Проверка пройдена запущен проект TestProj путь C:\Users\fdkir\OneDrive\Рабочий стол\Диплом\Project\TestProject\Tww| 
2023-03-17 18:42:36.5699|INFO|ChatbotConstructorTelegram.ViewModels.CreationProjectViewModel|Введенные данные успешно сохранены| 
2023-03-17 19:01:40.3726|INFO|ChatbotConstructorTelegram.Model.WorkEnvironment.RuntimeSystemManager|Статус рабочей среды сериализован| 
2023-03-17 19:01:40.3991|INFO|ChatbotConstructorTelegram.ViewModels.MainWindowViewModel|Главное окно успешно запущено| 
2023-03-17 19:01:42.9892|ERROR|ChatbotConstructorTelegram.Infrastructure.Manager.FileProjectManager|System.InvalidOperationException: There is an error in XML document (0, 0).| System.InvalidOperationException: There is an error in XML document (0, 0).
 ---> System.Xml.XmlException: Root element is missing.
   at System.Xml.XmlTextReaderImpl.Throw(Exception e)
   at System.Xml.XmlTextReaderImpl.ParseDocumentContent()
   at System.Xml.XmlTextReaderImpl.Read()
   at System.Xml.XmlReader.MoveToContent()
   at Microsoft.Xml.Serialization.GeneratedAssembly.XmlSerializationReaderWrapperDataBot.Read14_WrapperDataBot()
   --- End of inner exception stack trace ---
   at System.Xml.Serialization.XmlSerializer.Deserialize(XmlReader xmlReader, String encodingStyle, XmlDeserializationEvents events)
   at System.Xml.Serialization.XmlSerializer.Deserialize(Stream stream)
   at ChatbotConstructorTelegram.Infrastructure.Manager.FileProjectManager.GetWrapperDataBot(String pathFile) in C:\Users\fdkir\OneDrive\Рабочий стол\Диплом\Project\ChatbotConstructorTelegram\ChatbotConstructorTelegram\Infrastructure\Manager\FileProjectManager.cs:line 35
2023-03-17 19:01:43.3872|INFO|ChatbotConstructorTelegram.Model.ViewData.NoteProject|Проект C:\Users\fdkir\OneDrive\Рабочий стол\Диплом\Project\TestProject\Tww\TestProj.xml передан в окно конструктора| 
2023-03-17 19:03:22.6783|INFO|ChatbotConstructorTelegram.Model.WorkEnvironment.RuntimeSystemManager|Статус рабочей среды сериализован| 
2023-03-17 19:03:22.7277|INFO|ChatbotConstructorTelegram.ViewModels.MainWindowViewModel|Главное окно успешно запущено| 
2023-03-17 19:03:40.5684|INFO|ChatbotConstructorTelegram.Infrastructure.Manager.FileProjectManager|Проект сериализован| 
2023-03-17 19:03:44.1138|ERROR|ChatbotConstructorTelegram.ViewModels.ProjectWindowViewModel|System.NullReferenceException: Object reference not set to an instance of an object.| System.NullReferenceException: Object reference not set to an instance of an object.
   at ChatbotConstructorTelegram.ViewModels.ProjectWindowViewModel.SetStatusStartTimer(String s) in C:\Users\fdkir\OneDrive\Рабочий стол\Диплом\Project\ChatbotConstructorTelegram\ChatbotConstructorTelegram\ViewModels\ProjectWindowViewModel.cs:line 874
   at ChatbotConstructorTelegram.ViewModels.ProjectWindowViewModel.OnSaveProjectCommandExecuted(Object p) in C:\Users\fdkir\OneDrive\Рабочий стол\Диплом\Project\ChatbotConstructorTelegram\ChatbotConstructorTelegram\ViewModels\ProjectWindowViewModel.cs:line 457
2023-03-17 19:03:49.3086|INFO|ChatbotConstructorTelegram.Model.ViewData.NoteProject|Проект C:\Users\fdkir\OneDrive\Рабочий стол\Диплом\Project\TestProject\Treeee.xml передан в окно конструктора| 
2023-03-17 19:04:36.3152|INFO|ChatbotConstructorTelegram.Infrastructure.Manager.FileProjectManager|Проект сериализован| 
2023-03-17 19:05:11.8617|INFO|ChatbotConstructorTelegram.Infrastructure.Manager.FileProjectManager|Проект сериализован| 
2023-03-17 19:05:19.6582|INFO|ChatbotConstructorTelegram.Infrastructure.Manager.FileProjectManager|Проект сериализован| 
2023-03-17 19:05:34.6202|INFO|ChatbotConstructorTelegram.Model.WorkEnvironment.RuntimeSystemManager|Статус рабочей среды сериализован| 
2023-03-17 19:05:34.6542|INFO|ChatbotConstructorTelegram.ViewModels.MainWindowViewModel|Главное окно успешно запущено| 
2023-03-17 19:05:39.2945|INFO|ChatbotConstructorTelegram.Infrastructure.Manager.FileProjectManager|Проект сериализован| 
2023-03-17 19:05:40.5592|ERROR|ChatbotConstructorTelegram.ViewModels.ProjectWindowViewModel|System.NullReferenceException: Object reference not set to an instance of an object.| System.NullReferenceException: Object reference not set to an instance of an object.
   at ChatbotConstructorTelegram.ViewModels.ProjectWindowViewModel.SetStatusStartTimer(String s) in C:\Users\fdkir\OneDrive\Рабочий стол\Диплом\Project\ChatbotConstructorTelegram\ChatbotConstructorTelegram\ViewModels\ProjectWindowViewModel.cs:line 874
   at ChatbotConstructorTelegram.ViewModels.ProjectWindowViewModel.OnSaveProjectCommandExecuted(Object p) in C:\Users\fdkir\OneDrive\Рабочий стол\Диплом\Project\ChatbotConstructorTelegram\ChatbotConstructorTelegram\ViewModels\ProjectWindowViewModel.cs:line 457
2023-03-17 19:05:44.4694|INFO|ChatbotConstructorTelegram.Model.ViewData.NoteProject|Проект C:\Users\fdkir\OneDrive\Рабочий стол\Диплом\Project\TestProject\Tww\TestProj.xml передан в окно конструктора| 
2023-03-17 19:05:58.1072|INFO|ChatbotConstructorTelegram.Model.WorkEnvironment.RuntimeSystemManager|Статус рабочей среды сериализован| 
2023-03-17 19:05:58.1450|INFO|ChatbotConstructorTelegram.ViewModels.MainWindowViewModel|Главное окно успешно запущено| 
2023-03-17 19:06:01.5178|INFO|ChatbotConstructorTelegram.Infrastructure.Manager.FileProjectManager|Проект сериализован| 
2023-03-17 19:06:02.3725|ERROR|ChatbotConstructorTelegram.ViewModels.ProjectWindowViewModel|System.NullReferenceException: Object reference not set to an instance of an object.| System.NullReferenceException: Object reference not set to an instance of an object.
   at ChatbotConstructorTelegram.ViewModels.ProjectWindowViewModel.SetStatusStartTimer(String s) in C:\Users\fdkir\OneDrive\Рабочий стол\Диплом\Project\ChatbotConstructorTelegram\ChatbotConstructorTelegram\ViewModels\ProjectWindowViewModel.cs:line 874
   at ChatbotConstructorTelegram.ViewModels.ProjectWindowViewModel.OnSaveProjectCommandExecuted(Object p) in C:\Users\fdkir\OneDrive\Рабочий стол\Диплом\Project\ChatbotConstructorTelegram\ChatbotConstructorTelegram\ViewModels\ProjectWindowViewModel.cs:line 457
2023-03-17 19:06:05.4280|INFO|ChatbotConstructorTelegram.Model.ViewData.NoteProject|Проект C:\Users\fdkir\OneDrive\Рабочий стол\Диплом\Project\TestProject\Treeee.xml передан в окно конструктора| 
2023-03-17 19:31:38.1744|INFO|ChatbotConstructorTelegram.Model.WorkEnvironment.RuntimeSystemManager|Статус рабочей среды сериализован| 
2023-03-17 19:31:38.2205|INFO|ChatbotConstructorTelegram.ViewModels.MainWindowViewModel|Главное окно успешно запущено| 
2023-03-17 19:31:44.8741|INFO|ChatbotConstructorTelegram.Infrastructure.Manager.FileProjectManager|Проект сериализован| 
2023-03-17 19:31:45.8299|ERROR|ChatbotConstructorTelegram.ViewModels.ProjectWindowViewModel|System.NullReferenceException: Object reference not set to an instance of an object.| System.NullReferenceException: Object reference not set to an instance of an object.
   at ChatbotConstructorTelegram.ViewModels.ProjectWindowViewModel.SetStatusStartTimer(String s) in C:\Users\fdkir\OneDrive\Рабочий стол\Диплом\Project\ChatbotConstructorTelegram\ChatbotConstructorTelegram\ViewModels\ProjectWindowViewModel.cs:line 874
   at ChatbotConstructorTelegram.ViewModels.ProjectWindowViewModel.OnSaveProjectCommandExecuted(Object p) in C:\Users\fdkir\OneDrive\Рабочий стол\Диплом\Project\ChatbotConstructorTelegram\ChatbotConstructorTelegram\ViewModels\ProjectWindowViewModel.cs:line 457
2023-03-17 19:31:49.1683|INFO|ChatbotConstructorTelegram.Model.ViewData.NoteProject|Проект C:\Users\fdkir\OneDrive\Рабочий стол\Диплом\Project\TestProject\Tww\TestProj.xml передан в окно конструктора| 
2023-03-17 19:32:11.0394|INFO|ChatbotConstructorTelegram.Infrastructure.Manager.FileProjectManager|Проект сериализован| 
2023-03-17 19:32:19.9961|INFO|ChatbotConstructorTelegram.Model.WorkEnvironment.RuntimeSystemManager|Статус рабочей среды сериализован| 
2023-03-17 19:32:20.0309|INFO|ChatbotConstructorTelegram.ViewModels.MainWindowViewModel|Главное окно успешно запущено| 
2023-03-17 19:32:22.8375|INFO|ChatbotConstructorTelegram.Infrastructure.Manager.FileProjectManager|Проект сериализован| 
2023-03-17 19:32:23.5038|ERROR|ChatbotConstructorTelegram.ViewModels.ProjectWindowViewModel|System.NullReferenceException: Object reference not set to an instance of an object.| System.NullReferenceException: Object reference not set to an instance of an object.
   at ChatbotConstructorTelegram.ViewModels.ProjectWindowViewModel.SetStatusStartTimer(String s) in C:\Users\fdkir\OneDrive\Рабочий стол\Диплом\Project\ChatbotConstructorTelegram\ChatbotConstructorTelegram\ViewModels\ProjectWindowViewModel.cs:line 874
   at ChatbotConstructorTelegram.ViewModels.ProjectWindowViewModel.OnSaveProjectCommandExecuted(Object p) in C:\Users\fdkir\OneDrive\Рабочий стол\Диплом\Project\ChatbotConstructorTelegram\ChatbotConstructorTelegram\ViewModels\ProjectWindowViewModel.cs:line 457
2023-03-17 19:32:26.6353|INFO|ChatbotConstructorTelegram.Model.ViewData.NoteProject|Проект C:\Users\fdkir\OneDrive\Рабочий стол\Диплом\Project\TestProject\Tww\TestProj.xml передан в окно конструктора| 
2023-03-17 19:33:12.3877|INFO|ChatbotConstructorTelegram.Model.WorkEnvironment.RuntimeSystemManager|Статус рабочей среды сериализован| 
2023-03-17 19:33:12.4186|INFO|ChatbotConstructorTelegram.ViewModels.MainWindowViewModel|Главное окно успешно запущено| 
2023-03-17 19:33:24.3779|INFO|ChatbotConstructorTelegram.Model.ViewData.NoteProject|Проект C:\Users\fdkir\OneDrive\Рабочий стол\Диплом\Project\TestProject\Tww\TestProj.xml передан в окно конструктора| 
2023-03-17 19:33:36.2185|INFO|ChatbotConstructorTelegram.Infrastructure.Manager.FileProjectManager|Проект сериализован| 
2023-03-17 19:33:42.2117|INFO|ChatbotConstructorTelegram.Model.WorkEnvironment.RuntimeSystemManager|Статус рабочей среды сериализован| 
2023-03-17 19:33:42.2433|INFO|ChatbotConstructorTelegram.ViewModels.MainWindowViewModel|Главное окно успешно запущено| 
2023-03-17 19:34:04.8008|INFO|ChatbotConstructorTelegram.Model.ViewData.NoteProject|Проект C:\Users\fdkir\OneDrive\Рабочий стол\Диплом\Project\TestProject\Tww\TestProj.xml передан в окно конструктора| 
2023-03-17 19:41:21.2203|INFO|ChatbotConstructorTelegram.Model.WorkEnvironment.RuntimeSystemManager|Статус рабочей среды сериализован| 
2023-03-17 19:41:21.2497|INFO|ChatbotConstructorTelegram.ViewModels.MainWindowViewModel|Главное окно успешно запущено| 
2023-03-17 19:41:27.2141|INFO|ChatbotConstructorTelegram.Model.ViewData.NoteProject|Проект C:\Users\fdkir\OneDrive\Рабочий стол\Диплом\Project\TestProject\Tww\TestProj.xml передан в окно конструктора| 
2023-03-17 19:42:34.6201|INFO|ChatbotConstructorTelegram.Model.WorkEnvironment.RuntimeSystemManager|Статус рабочей среды сериализован| 
2023-03-17 19:42:34.6632|INFO|ChatbotConstructorTelegram.ViewModels.MainWindowViewModel|Главное окно успешно запущено| 
2023-03-17 19:42:37.3088|INFO|ChatbotConstructorTelegram.Model.ViewData.NoteProject|Проект C:\Users\fdkir\OneDrive\Рабочий стол\Диплом\Project\TestProject\Tww\TestProj.xml передан в окно конструктора| 
2023-03-17 20:11:43.7191|INFO|ChatbotConstructorTelegram.Model.WorkEnvironment.RuntimeSystemManager|Статус рабочей среды сериализован| 
2023-03-17 20:11:43.7498|INFO|ChatbotConstructorTelegram.ViewModels.MainWindowViewModel|Главное окно успешно запущено| 
2023-03-17 20:11:50.3492|INFO|ChatbotConstructorTelegram.Model.ViewData.NoteProject|Проект C:\Users\fdkir\OneDrive\Рабочий стол\Диплом\Project\TestProject\Tww\TestProj.xml передан в окно конструктора| 
2023-03-17 20:12:13.5622|INFO|ChatbotConstructorTelegram.Infrastructure.Manager.FileProjectManager|Проект сериализован| 
2023-03-17 20:12:23.0890|INFO|ChatbotConstructorTelegram.Model.WorkEnvironment.RuntimeSystemManager|Статус рабочей среды сериализован| 
2023-03-17 20:12:23.1242|INFO|ChatbotConstructorTelegram.ViewModels.MainWindowViewModel|Главное окно успешно запущено| 
2023-03-17 20:12:29.3608|INFO|ChatbotConstructorTelegram.Model.ViewData.NoteProject|Проект C:\Users\fdkir\OneDrive\Рабочий стол\Диплом\Project\TestProject\Tww\TestProj.xml передан в окно конструктора| 
2023-03-17 20:14:33.8368|INFO|ChatbotConstructorTelegram.Model.WorkEnvironment.RuntimeSystemManager|Статус рабочей среды сериализован| 
2023-03-17 20:14:33.8658|INFO|ChatbotConstructorTelegram.ViewModels.MainWindowViewModel|Главное окно успешно запущено| 
2023-03-17 20:14:36.4982|INFO|ChatbotConstructorTelegram.Model.ViewData.NoteProject|Проект C:\Users\fdkir\OneDrive\Рабочий стол\Диплом\Project\TestProject\Tww\TestProj.xml передан в окно конструктора| 
2023-03-17 20:18:18.0880|INFO|ChatbotConstructorTelegram.Model.WorkEnvironment.RuntimeSystemManager|Статус рабочей среды сериализован| 
2023-03-17 20:18:18.1250|INFO|ChatbotConstructorTelegram.ViewModels.MainWindowViewModel|Главное окно успешно запущено| 
2023-03-17 20:18:20.1151|INFO|ChatbotConstructorTelegram.Model.ViewData.NoteProject|Проект C:\Users\fdkir\OneDrive\Рабочий стол\Диплом\Project\TestProject\Tww\TestProj.xml передан в окно конструктора| 
2023-03-17 20:20:21.8179|INFO|ChatbotConstructorTelegram.Infrastructure.Manager.FileProjectManager|Проект сериализован| 
2023-03-17 20:20:27.7309|INFO|ChatbotConstructorTelegram.Model.WorkEnvironment.RuntimeSystemManager|Статус рабочей среды сериализован| 
2023-03-17 20:20:27.7599|INFO|ChatbotConstructorTelegram.ViewModels.MainWindowViewModel|Главное окно успешно запущено| 
2023-03-17 20:20:29.8730|INFO|ChatbotConstructorTelegram.Model.ViewData.NoteProject|Проект C:\Users\fdkir\OneDrive\Рабочий стол\Диплом\Project\TestProject\Tww\TestProj.xml передан в окно конструктора| 
2023-03-17 20:21:05.8472|INFO|ChatbotConstructorTelegram.Model.WorkEnvironment.RuntimeSystemManager|Статус рабочей среды сериализован| 
2023-03-17 20:21:05.8814|INFO|ChatbotConstructorTelegram.ViewModels.MainWindowViewModel|Главное окно успешно запущено| 
2023-03-17 20:21:11.8476|INFO|ChatbotConstructorTelegram.Model.ViewData.NoteProject|Проект C:\Users\fdkir\OneDrive\Рабочий стол\Диплом\Project\TestProject\Tww\TestProj.xml передан в окно конструктора| 
2023-03-17 20:22:29.6127|INFO|ChatbotConstructorTelegram.Model.WorkEnvironment.RuntimeSystemManager|Статус рабочей среды сериализован| 
2023-03-17 20:22:29.6387|INFO|ChatbotConstructorTelegram.ViewModels.MainWindowViewModel|Главное окно успешно запущено| 
2023-03-17 20:22:31.6727|INFO|ChatbotConstructorTelegram.Model.ViewData.NoteProject|Проект C:\Users\fdkir\OneDrive\Рабочий стол\Диплом\Project\TestProject\Tww\TestProj.xml передан в окно конструктора| 
2023-03-17 20:23:44.0041|INFO|ChatbotConstructorTelegram.Model.WorkEnvironment.RuntimeSystemManager|Статус рабочей среды сериализован| 
2023-03-17 20:23:44.0304|INFO|ChatbotConstructorTelegram.ViewModels.MainWindowViewModel|Главное окно успешно запущено| 
2023-03-17 20:23:46.0110|INFO|ChatbotConstructorTelegram.Model.ViewData.NoteProject|Проект C:\Users\fdkir\OneDrive\Рабочий стол\Диплом\Project\TestProject\Tww\TestProj.xml передан в окно конструктора| 
2023-03-17 20:40:53.3112|INFO|ChatbotConstructorTelegram.Model.WorkEnvironment.RuntimeSystemManager|Статус рабочей среды сериализован| 
2023-03-17 20:40:53.3359|INFO|ChatbotConstructorTelegram.ViewModels.MainWindowViewModel|Главное окно успешно запущено| 
2023-03-17 20:40:55.5749|INFO|ChatbotConstructorTelegram.Model.ViewData.NoteProject|Проект C:\Users\fdkir\OneDrive\Рабочий стол\Диплом\Project\TestProject\NewDataProjTest\HelloWording.xml передан в окно конструктора| 
2023-03-17 20:41:30.4346|ERROR|ChatbotConstructorTelegram.ViewModels.ProjectWindowViewModel|System.ArgumentOutOfRangeException: Index was out of range. Must be non-negative and less than the size of the collection. (Parameter 'index')| System.ArgumentOutOfRangeException: Index was out of range. Must be non-negative and less than the size of the collection. (Parameter 'index')
   at System.Collections.Generic.List`1.get_Item(Int32 index)
   at ChatbotConstructorTelegram.ViewModels.ProjectWindowViewModel.OnAddDocumentsCommandExecuted(Object p) in C:\Users\fdkir\OneDrive\Рабочий стол\Диплом\Project\ChatbotConstructorTelegram\ChatbotConstructorTelegram\ViewModels\ProjectWindowViewModel.cs:line 779
2023-03-17 20:41:31.4247|ERROR|ChatbotConstructorTelegram.ViewModels.ProjectWindowViewModel|System.ArgumentOutOfRangeException: Index was out of range. Must be non-negative and less than the size of the collection. (Parameter 'index')| System.ArgumentOutOfRangeException: Index was out of range. Must be non-negative and less than the size of the collection. (Parameter 'index')
   at System.Collections.Generic.List`1.get_Item(Int32 index)
   at ChatbotConstructorTelegram.ViewModels.ProjectWindowViewModel.OnAddDocumentsCommandExecuted(Object p) in C:\Users\fdkir\OneDrive\Рабочий стол\Диплом\Project\ChatbotConstructorTelegram\ChatbotConstructorTelegram\ViewModels\ProjectWindowViewModel.cs:line 779
2023-03-17 20:41:31.9328|ERROR|ChatbotConstructorTelegram.ViewModels.ProjectWindowViewModel|System.ArgumentOutOfRangeException: Index was out of range. Must be non-negative and less than the size of the collection. (Parameter 'index')| System.ArgumentOutOfRangeException: Index was out of range. Must be non-negative and less than the size of the collection. (Parameter 'index')
   at System.Collections.Generic.List`1.get_Item(Int32 index)
   at ChatbotConstructorTelegram.ViewModels.ProjectWindowViewModel.OnAddDocumentsCommandExecuted(Object p) in C:\Users\fdkir\OneDrive\Рабочий стол\Диплом\Project\ChatbotConstructorTelegram\ChatbotConstructorTelegram\ViewModels\ProjectWindowViewModel.cs:line 779
2023-03-17 20:41:33.4316|ERROR|ChatbotConstructorTelegram.ViewModels.ProjectWindowViewModel|System.ArgumentOutOfRangeException: Index was out of range. Must be non-negative and less than the size of the collection. (Parameter 'index')| System.ArgumentOutOfRangeException: Index was out of range. Must be non-negative and less than the size of the collection. (Parameter 'index')
   at System.Collections.Generic.List`1.get_Item(Int32 index)
   at ChatbotConstructorTelegram.ViewModels.ProjectWindowViewModel.OnAddDocumentsCommandExecuted(Object p) in C:\Users\fdkir\OneDrive\Рабочий стол\Диплом\Project\ChatbotConstructorTelegram\ChatbotConstructorTelegram\ViewModels\ProjectWindowViewModel.cs:line 779
2023-03-17 20:42:44.7940|INFO|ChatbotConstructorTelegram.Model.WorkEnvironment.RuntimeSystemManager|Статус рабочей среды сериализован| 
2023-03-17 20:42:44.8192|INFO|ChatbotConstructorTelegram.ViewModels.MainWindowViewModel|Главное окно успешно запущено| 
2023-03-17 20:42:48.6231|INFO|ChatbotConstructorTelegram.Model.ViewData.NoteProject|Проект C:\Users\fdkir\OneDrive\Рабочий стол\Диплом\Project\TestProject\NewDataProjTest\HelloWording.xml передан в окно конструктора| 
2023-03-17 20:45:38.6823|INFO|ChatbotConstructorTelegram.Infrastructure.Manager.FileProjectManager|Проект сериализован| 
2023-03-17 20:45:45.9528|INFO|ChatbotConstructorTelegram.Model.WorkEnvironment.RuntimeSystemManager|Статус рабочей среды сериализован| 
2023-03-17 20:45:45.9835|INFO|ChatbotConstructorTelegram.ViewModels.MainWindowViewModel|Главное окно успешно запущено| 
2023-03-17 20:45:48.3713|INFO|ChatbotConstructorTelegram.Model.ViewData.NoteProject|Проект C:\Users\fdkir\OneDrive\Рабочий стол\Диплом\Project\TestProject\NewDataProjTest\HelloWording.xml передан в окно конструктора| 
2023-03-17 20:47:16.4669|INFO|ChatbotConstructorTelegram.Model.WorkEnvironment.RuntimeSystemManager|Статус рабочей среды сериализован| 
2023-03-17 20:47:16.4993|INFO|ChatbotConstructorTelegram.ViewModels.MainWindowViewModel|Главное окно успешно запущено| 
2023-03-17 20:47:19.4883|INFO|ChatbotConstructorTelegram.Model.ViewData.NoteProject|Проект C:\Users\fdkir\OneDrive\Рабочий стол\Диплом\Project\TestProject\NewDataProjTest\HelloWording.xml передан в окно конструктора| 
2023-03-17 20:49:33.1609|INFO|ChatbotConstructorTelegram.Infrastructure.Manager.FileProjectManager|Проект сериализован| 
2023-03-17 20:50:32.7969|INFO|ChatbotConstructorTelegram.Model.WorkEnvironment.RuntimeSystemManager|Статус рабочей среды сериализован| 
2023-03-17 20:50:32.8272|INFO|ChatbotConstructorTelegram.ViewModels.MainWindowViewModel|Главное окно успешно запущено| 
2023-03-17 20:50:35.4457|INFO|ChatbotConstructorTelegram.Model.ViewData.NoteProject|Проект C:\Users\fdkir\OneDrive\Рабочий стол\Диплом\Project\TestProject\NewDataProjTest\HelloWording.xml передан в окно конструктора| 
2023-03-17 20:52:03.6378|INFO|ChatbotConstructorTelegram.Model.WorkEnvironment.RuntimeSystemManager|Статус рабочей среды сериализован| 
2023-03-17 20:52:03.6685|INFO|ChatbotConstructorTelegram.ViewModels.MainWindowViewModel|Главное окно успешно запущено| 
2023-03-17 20:52:06.0627|INFO|ChatbotConstructorTelegram.Model.ViewData.NoteProject|Проект C:\Users\fdkir\OneDrive\Рабочий стол\Диплом\Project\TestProject\NewDataProjTest\HelloWording.xml передан в окно конструктора| 
2023-03-17 20:55:00.6090|INFO|ChatbotConstructorTelegram.Model.WorkEnvironment.RuntimeSystemManager|Статус рабочей среды сериализован| 
2023-03-17 20:55:00.6340|INFO|ChatbotConstructorTelegram.ViewModels.MainWindowViewModel|Главное окно успешно запущено| 
2023-03-17 20:55:06.6400|INFO|ChatbotConstructorTelegram.Model.ViewData.NoteProject|Проект C:\Users\fdkir\OneDrive\Рабочий стол\Диплом\Project\TestProject\NewDataProjTest\HelloWording.xml передан в окно конструктора| 
2023-03-17 20:58:06.5447|INFO|ChatbotConstructorTelegram.Infrastructure.Manager.FileProjectManager|Проект сериализован| 
2023-03-17 21:07:12.8213|INFO|ChatbotConstructorTelegram.Infrastructure.Manager.FileProjectManager|Проект сериализован| 
2023-03-17 21:08:37.3630|INFO|ChatbotConstructorTelegram.Infrastructure.Manager.FileProjectManager|Проект сериализован| 
2023-03-17 21:09:21.4974|INFO|ChatbotConstructorTelegram.Infrastructure.Manager.FileProjectManager|Проект сериализован| 
2023-03-17 21:45:27.0379|INFO|ChatbotConstructorTelegram.Model.WorkEnvironment.RuntimeSystemManager|Статус рабочей среды сериализован| 
2023-03-17 21:45:27.0621|INFO|ChatbotConstructorTelegram.ViewModels.MainWindowViewModel|Главное окно успешно запущено| 
2023-03-17 21:45:29.8508|INFO|ChatbotConstructorTelegram.Model.ViewData.NoteProject|Проект C:\Users\fdkir\OneDrive\Рабочий стол\Диплом\Project\TestProject\NewDataProjTest\HelloWording.xml передан в окно конструктора| 
2023-03-17 21:55:55.8571|INFO|ChatbotConstructorTelegram.Model.WorkEnvironment.RuntimeSystemManager|Статус рабочей среды сериализован| 
2023-03-17 21:55:55.8813|INFO|ChatbotConstructorTelegram.ViewModels.MainWindowViewModel|Главное окно успешно запущено| 
2023-03-17 21:55:58.2929|INFO|ChatbotConstructorTelegram.Model.ViewData.NoteProject|Проект C:\Users\fdkir\OneDrive\Рабочий стол\Диплом\Project\TestProject\NewDataProjTest\HelloWording.xml передан в окно конструктора| 
2023-03-17 21:58:07.4819|INFO|ChatbotConstructorTelegram.Model.WorkEnvironment.RuntimeSystemManager|Статус рабочей среды сериализован| 
2023-03-17 21:58:07.5097|INFO|ChatbotConstructorTelegram.ViewModels.MainWindowViewModel|Главное окно успешно запущено| 
2023-03-17 21:58:10.0327|INFO|ChatbotConstructorTelegram.Model.ViewData.NoteProject|Проект C:\Users\fdkir\OneDrive\Рабочий стол\Диплом\Project\TestProject\NewDataProjTest\HelloWording.xml передан в окно конструктора| 
2023-03-17 22:01:24.1931|INFO|ChatbotConstructorTelegram.Model.WorkEnvironment.RuntimeSystemManager|Статус рабочей среды сериализован| 
2023-03-17 22:01:24.2251|INFO|ChatbotConstructorTelegram.ViewModels.MainWindowViewModel|Главное окно успешно запущено| 
2023-03-17 22:01:26.5482|INFO|ChatbotConstructorTelegram.Model.ViewData.NoteProject|Проект C:\Users\fdkir\OneDrive\Рабочий стол\Диплом\Project\TestProject\NewDataProjTest\HelloWording.xml передан в окно конструктора| 
2023-03-17 22:06:44.0723|INFO|ChatbotConstructorTelegram.Model.WorkEnvironment.RuntimeSystemManager|Статус рабочей среды сериализован| 
2023-03-17 22:06:44.1054|INFO|ChatbotConstructorTelegram.ViewModels.MainWindowViewModel|Главное окно успешно запущено| 
2023-03-17 22:06:46.4902|INFO|ChatbotConstructorTelegram.Model.ViewData.NoteProject|Проект C:\Users\fdkir\OneDrive\Рабочий стол\Диплом\Project\TestProject\NewDataProjTest\HelloWording.xml передан в окно конструктора| 
2023-03-17 22:12:14.5171|INFO|ChatbotConstructorTelegram.Model.WorkEnvironment.RuntimeSystemManager|Статус рабочей среды сериализован| 
2023-03-17 22:12:14.5425|INFO|ChatbotConstructorTelegram.ViewModels.MainWindowViewModel|Главное окно успешно запущено| 
2023-03-17 22:12:18.4096|INFO|ChatbotConstructorTelegram.Model.ViewData.NoteProject|Проект C:\Users\fdkir\OneDrive\Рабочий стол\Диплом\Project\TestProject\NewDataProjTest\HelloWording.xml передан в окно конструктора| 
2023-03-17 22:12:25.1382|INFO|ChatbotConstructorTelegram.Model.WorkEnvironment.RuntimeSystemManager|Статус рабочей среды сериализован| 
2023-03-17 22:12:25.1676|INFO|ChatbotConstructorTelegram.ViewModels.MainWindowViewModel|Главное окно успешно запущено| 
2023-03-17 22:12:28.3344|INFO|ChatbotConstructorTelegram.View.Window.MainWindow|Создание проекта| 
2023-03-17 22:12:52.5479|INFO|ChatbotConstructorTelegram.View.Window.CreationProjectWindow|Проверка пройдена запущен проект Testss111 путь C:\Users\fdkir\OneDrive\Рабочий стол\Диплом\Project\TestProject\Tww| 
2023-03-17 22:12:52.6705|INFO|ChatbotConstructorTelegram.ViewModels.CreationProjectViewModel|Введенные данные успешно сохранены| 
2023-03-17 22:13:35.7202|INFO|ChatbotConstructorTelegram.Model.WorkEnvironment.RuntimeSystemManager|Статус рабочей среды сериализован| 
2023-03-17 22:13:35.7501|INFO|ChatbotConstructorTelegram.ViewModels.MainWindowViewModel|Главное окно успешно запущено| 
2023-03-17 22:13:38.0697|ERROR|ChatbotConstructorTelegram.Infrastructure.Manager.FileProjectManager|System.InvalidOperationException: There is an error in XML document (0, 0).| System.InvalidOperationException: There is an error in XML document (0, 0).
 ---> System.Xml.XmlException: Root element is missing.
   at System.Xml.XmlTextReaderImpl.Throw(Exception e)
   at System.Xml.XmlTextReaderImpl.ParseDocumentContent()
   at System.Xml.XmlTextReaderImpl.Read()
   at System.Xml.XmlReader.MoveToContent()
   at Microsoft.Xml.Serialization.GeneratedAssembly.XmlSerializationReaderWrapperDataBot.Read14_WrapperDataBot()
   --- End of inner exception stack trace ---
   at System.Xml.Serialization.XmlSerializer.Deserialize(XmlReader xmlReader, String encodingStyle, XmlDeserializationEvents events)
   at System.Xml.Serialization.XmlSerializer.Deserialize(Stream stream)
   at ChatbotConstructorTelegram.Infrastructure.Manager.FileProjectManager.GetWrapperDataBot(String pathFile) in C:\Users\fdkir\OneDrive\Рабочий стол\Диплом\Project\ChatbotConstructorTelegram\ChatbotConstructorTelegram\Infrastructure\Manager\FileProjectManager.cs:line 35
2023-03-17 22:13:38.3835|INFO|ChatbotConstructorTelegram.Model.ViewData.NoteProject|Проект C:\Users\fdkir\OneDrive\Рабочий стол\Диплом\Project\TestProject\Tww\Testss111.xml передан в окно конструктора| 
2023-03-17 22:13:59.3147|INFO|ChatbotConstructorTelegram.Model.WorkEnvironment.RuntimeSystemManager|Статус рабочей среды сериализован| 
2023-03-17 22:13:59.3442|INFO|ChatbotConstructorTelegram.ViewModels.MainWindowViewModel|Главное окно успешно запущено| 
2023-03-17 22:14:01.3661|ERROR|ChatbotConstructorTelegram.Infrastructure.Manager.FileProjectManager|System.InvalidOperationException: There is an error in XML document (0, 0).| System.InvalidOperationException: There is an error in XML document (0, 0).
 ---> System.Xml.XmlException: Root element is missing.
   at System.Xml.XmlTextReaderImpl.Throw(Exception e)
   at System.Xml.XmlTextReaderImpl.ParseDocumentContent()
   at System.Xml.XmlTextReaderImpl.Read()
   at System.Xml.XmlReader.MoveToContent()
   at Microsoft.Xml.Serialization.GeneratedAssembly.XmlSerializationReaderWrapperDataBot.Read14_WrapperDataBot()
   --- End of inner exception stack trace ---
   at System.Xml.Serialization.XmlSerializer.Deserialize(XmlReader xmlReader, String encodingStyle, XmlDeserializationEvents events)
   at System.Xml.Serialization.XmlSerializer.Deserialize(Stream stream)
   at ChatbotConstructorTelegram.Infrastructure.Manager.FileProjectManager.GetWrapperDataBot(String pathFile) in C:\Users\fdkir\OneDrive\Рабочий стол\Диплом\Project\ChatbotConstructorTelegram\ChatbotConstructorTelegram\Infrastructure\Manager\FileProjectManager.cs:line 35
2023-03-17 22:14:01.6857|INFO|ChatbotConstructorTelegram.Model.ViewData.NoteProject|Проект C:\Users\fdkir\OneDrive\Рабочий стол\Диплом\Project\TestProject\Tww\Testss111.xml передан в окно конструктора| 
2023-03-17 22:14:09.5733|INFO|ChatbotConstructorTelegram.Model.WorkEnvironment.RuntimeSystemManager|Статус рабочей среды сериализован| 
2023-03-17 22:14:09.6063|INFO|ChatbotConstructorTelegram.ViewModels.MainWindowViewModel|Главное окно успешно запущено| 
2023-03-17 22:14:11.7701|INFO|ChatbotConstructorTelegram.View.Window.MainWindow|Создание проекта| 
2023-03-17 22:14:31.9742|INFO|ChatbotConstructorTelegram.View.Window.CreationProjectWindow|Проверка пройдена запущен проект wwwww1 путь C:\Users\fdkir\OneDrive\Рабочий стол\Диплом\Project\TestProject\Tww| 
2023-03-17 22:14:32.2305|INFO|ChatbotConstructorTelegram.ViewModels.CreationProjectViewModel|Введенные данные успешно сохранены| 
2023-03-17 22:14:46.4256|INFO|ChatbotConstructorTelegram.Model.WorkEnvironment.RuntimeSystemManager|Статус рабочей среды сериализован| 
2023-03-17 22:14:46.4574|INFO|ChatbotConstructorTelegram.ViewModels.MainWindowViewModel|Главное окно успешно запущено| 
2023-03-17 22:14:48.6457|ERROR|ChatbotConstructorTelegram.Infrastructure.Manager.FileProjectManager|System.InvalidOperationException: There is an error in XML document (0, 0).| System.InvalidOperationException: There is an error in XML document (0, 0).
 ---> System.Xml.XmlException: Root element is missing.
   at System.Xml.XmlTextReaderImpl.Throw(Exception e)
   at System.Xml.XmlTextReaderImpl.ParseDocumentContent()
   at System.Xml.XmlTextReaderImpl.Read()
   at System.Xml.XmlReader.MoveToContent()
   at Microsoft.Xml.Serialization.GeneratedAssembly.XmlSerializationReaderWrapperDataBot.Read14_WrapperDataBot()
   --- End of inner exception stack trace ---
   at System.Xml.Serialization.XmlSerializer.Deserialize(XmlReader xmlReader, String encodingStyle, XmlDeserializationEvents events)
   at System.Xml.Serialization.XmlSerializer.Deserialize(Stream stream)
   at ChatbotConstructorTelegram.Infrastructure.Manager.FileProjectManager.GetWrapperDataBot(String pathFile) in C:\Users\fdkir\OneDrive\Рабочий стол\Диплом\Project\ChatbotConstructorTelegram\ChatbotConstructorTelegram\Infrastructure\Manager\FileProjectManager.cs:line 35
2023-03-17 22:14:48.9475|INFO|ChatbotConstructorTelegram.Model.ViewData.NoteProject|Проект C:\Users\fdkir\OneDrive\Рабочий стол\Диплом\Project\TestProject\Tww\wwwww1.xml передан в окно конструктора| 
2023-03-17 22:16:26.3965|INFO|ChatbotConstructorTelegram.Model.WorkEnvironment.RuntimeSystemManager|Статус рабочей среды сериализован| 
2023-03-17 22:16:26.4349|INFO|ChatbotConstructorTelegram.ViewModels.MainWindowViewModel|Главное окно успешно запущено| 
2023-03-17 22:16:28.6737|INFO|ChatbotConstructorTelegram.View.Window.MainWindow|Создание проекта| 
2023-03-17 22:16:36.9797|INFO|ChatbotConstructorTelegram.View.Window.CreationProjectWindow|Проверка пройдена запущен проект rererererer путь C:\Users\fdkir\OneDrive\Рабочий стол\Диплом\Project\TestProject\Tww| 
2023-03-17 22:16:37.2113|INFO|ChatbotConstructorTelegram.ViewModels.CreationProjectViewModel|Введенные данные успешно сохранены| 
2023-03-17 22:17:17.3886|INFO|ChatbotConstructorTelegram.Model.WorkEnvironment.RuntimeSystemManager|Статус рабочей среды сериализован| 
2023-03-17 22:17:17.4205|INFO|ChatbotConstructorTelegram.ViewModels.MainWindowViewModel|Главное окно успешно запущено| 
2023-03-17 22:17:19.5265|INFO|ChatbotConstructorTelegram.View.Window.MainWindow|Создание проекта| 
2023-03-17 22:19:08.8320|INFO|ChatbotConstructorTelegram.View.Window.CreationProjectWindow|Проверка пройдена запущен проект ertttttttttyt путь C:\Users\fdkir\OneDrive\Рабочий стол\Диплом\Project\TestProject\Tww| 
2023-03-17 22:19:09.0650|INFO|ChatbotConstructorTelegram.ViewModels.CreationProjectViewModel|Введенные данные успешно сохранены| 
2023-03-17 22:21:15.6344|INFO|ChatbotConstructorTelegram.Model.WorkEnvironment.RuntimeSystemManager|Статус рабочей среды сериализован| 
2023-03-17 22:21:15.6695|INFO|ChatbotConstructorTelegram.ViewModels.MainWindowViewModel|Главное окно успешно запущено| 
2023-03-17 22:21:18.2875|INFO|ChatbotConstructorTelegram.View.Window.MainWindow|Создание проекта| 
2023-03-17 22:36:36.4685|INFO|ChatbotConstructorTelegram.Model.WorkEnvironment.RuntimeSystemManager|Статус рабочей среды сериализован| 
2023-03-17 22:36:36.4981|INFO|ChatbotConstructorTelegram.ViewModels.MainWindowViewModel|Главное окно успешно запущено| 
2023-03-17 22:36:39.7358|INFO|ChatbotConstructorTelegram.View.Window.MainWindow|Создание проекта| 
2023-03-17 22:36:49.3452|INFO|ChatbotConstructorTelegram.View.Window.CreationProjectWindow|Проверка пройдена запущен проект 444441324seqweqw путь C:\Users\fdkir\OneDrive\Рабочий стол\Диплом\Project\TestProject\Tww| 
2023-03-17 22:36:57.3406|INFO|ChatbotConstructorTelegram.ViewModels.CreationProjectViewModel|Введенные данные успешно сохранены| 
2023-03-17 22:37:35.2896|INFO|ChatbotConstructorTelegram.Model.WorkEnvironment.RuntimeSystemManager|Статус рабочей среды сериализован| 
2023-03-17 22:37:35.3257|INFO|ChatbotConstructorTelegram.ViewModels.MainWindowViewModel|Главное окно успешно запущено| 
2023-03-17 22:37:39.4252|INFO|ChatbotConstructorTelegram.View.Window.MainWindow|Создание проекта| 
2023-03-17 22:37:45.6121|INFO|ChatbotConstructorTelegram.View.Window.CreationProjectWindow|Проверка пройдена запущен проект 1231231231eqweqw путь C:\Users\fdkir\OneDrive\Рабочий стол\Диплом\Project\TestProject\Tww| 
2023-03-17 22:37:47.5098|INFO|ChatbotConstructorTelegram.ViewModels.CreationProjectViewModel|Введенные данные успешно сохранены| 
2023-03-17 22:38:07.6756|INFO|ChatbotConstructorTelegram.Infrastructure.Manager.FileProjectManager|Проект сериализован| 
2023-03-17 22:38:14.2836|INFO|ChatbotConstructorTelegram.Model.WorkEnvironment.RuntimeSystemManager|Статус рабочей среды сериализован| 
2023-03-17 22:38:14.3143|INFO|ChatbotConstructorTelegram.ViewModels.MainWindowViewModel|Главное окно успешно запущено| 
2023-03-17 22:38:17.3332|INFO|ChatbotConstructorTelegram.Model.ViewData.NoteProject|Проект C:\Users\fdkir\OneDrive\Рабочий стол\Диплом\Project\TestProject\Tww\1231231231eqweqw.xml передан в окно конструктора| 
2023-03-17 22:44:35.1354|INFO|ChatbotConstructorTelegram.ViewModels.ProjectWindowViewModel|Inline Кнопка Hello ID 883e6b54-169f-4c57-8504-49c367e50318 добавлена | 
2023-03-17 22:44:36.7247|INFO|ChatbotConstructorTelegram.ViewModels.ProjectWindowViewModel|Inline Кнопка Hello ID 92a1717f-18a2-4bce-ab7c-c63de3c60d66 добавлена | 
2023-03-17 22:44:36.8623|INFO|ChatbotConstructorTelegram.ViewModels.ProjectWindowViewModel|Inline Кнопка Hello ID aad38156-a331-4143-83ff-047512d1b41b добавлена | 
2023-03-17 22:44:49.3231|INFO|ChatbotConstructorTelegram.ViewModels.ProjectWindowViewModel|Inline Кнопка Hello ID 87a96d78-b316-455c-aa58-6d9efc30af14 добавлена | 
2023-03-17 22:44:49.4672|INFO|ChatbotConstructorTelegram.ViewModels.ProjectWindowViewModel|Inline Кнопка Hello ID 38a3658d-e198-419a-9341-46a1120b9195 добавлена | 
2023-03-17 22:44:51.9310|INFO|ChatbotConstructorTelegram.ViewModels.ProjectWindowViewModel|Inline Кнопка Hello ID f21fd182-1f08-4a41-9e88-691ffd48f7c6 добавлена | 
2023-03-17 22:44:52.0579|INFO|ChatbotConstructorTelegram.ViewModels.ProjectWindowViewModel|Inline Кнопка Hello ID 7b9f3832-75bd-46c8-b0f8-d35a2a3695ce добавлена | 
2023-03-17 22:44:55.4110|INFO|ChatbotConstructorTelegram.ViewModels.ProjectWindowViewModel|Inline Кнопка Hello ID 983ef476-2194-42b9-8668-c1c303bf702c добавлена | 
2023-03-17 22:44:55.5448|INFO|ChatbotConstructorTelegram.ViewModels.ProjectWindowViewModel|Inline Кнопка Hello ID 8ed02260-784e-4e10-a2fe-01f5a26b8101 добавлена | 
2023-03-17 22:45:44.5704|INFO|ChatbotConstructorTelegram.ViewModels.ProjectWindowViewModel|Inline Кнопка Hello ID 41b9fc03-80c6-4662-bdea-020933a2303c добавлена | 
2023-03-17 22:45:44.7004|INFO|ChatbotConstructorTelegram.ViewModels.ProjectWindowViewModel|Inline Кнопка Hello ID 90c835ca-9744-43cb-be3d-256c3a7acb19 добавлена | 
2023-03-17 22:45:44.8269|INFO|ChatbotConstructorTelegram.ViewModels.ProjectWindowViewModel|Inline Кнопка Hello ID 4b6ac130-4c48-4feb-8c0b-ccb2ba546d85 добавлена | 
2023-03-17 22:45:50.2398|INFO|ChatbotConstructorTelegram.ViewModels.ProjectWindowViewModel|Inline Кнопка Hello ID 6d011b80-ad65-4035-a918-29082176b05f добавлена | 
2023-03-17 22:45:51.7672|INFO|ChatbotConstructorTelegram.ViewModels.ProjectWindowViewModel|Inline Кнопка Hello ID c0ff12ef-67c6-4c27-8919-8a05dde758d9 добавлена | 
2023-03-17 22:45:51.8940|INFO|ChatbotConstructorTelegram.ViewModels.ProjectWindowViewModel|Inline Кнопка Hello ID 8dec385b-18f0-4a39-b2d2-306a1f480c21 добавлена | 
