2023-02-14 15:29:25.3525|ERROR|ChatbotConstructorTelegram.Model.WorkEnvironment.RuntimeSystemManager|System.InvalidOperationException: There is an error in XML document (2, 2).| System.InvalidOperationException: There is an error in XML document (2, 2).
 ---> System.InvalidOperationException: <System xmlns=''> was not expected.
   at Microsoft.Xml.Serialization.GeneratedAssembly.XmlSerializationReaderRuntimeSystem.Read6_RuntimeSystem()
   --- End of inner exception stack trace ---
   at System.Xml.Serialization.XmlSerializer.Deserialize(XmlReader xmlReader, String encodingStyle, XmlDeserializationEvents events)
   at System.Xml.Serialization.XmlSerializer.Deserialize(Stream stream)
   at ChatbotConstructorTelegram.Model.WorkEnvironment.RuntimeSystemManager.GetConfigSystem() in C:\Users\fdkir\OneDrive\Рабочий стол\Диплом\Project\ChatbotConstructorTelegram\ChatbotConstructorTelegram\Model\WorkEnvironment\RuntimeSystemManager.cs:line 70
2023-02-14 15:31:58.4976|ERROR|ChatbotConstructorTelegram.Model.WorkEnvironment.RuntimeSystemManager|System.InvalidOperationException: There is an error in XML document (2, 2).| System.InvalidOperationException: There is an error in XML document (2, 2).
 ---> System.InvalidOperationException: <System xmlns=''> was not expected.
   at Microsoft.Xml.Serialization.GeneratedAssembly.XmlSerializationReaderRuntimeSystem.Read6_RuntimeSystem()
   --- End of inner exception stack trace ---
   at System.Xml.Serialization.XmlSerializer.Deserialize(XmlReader xmlReader, String encodingStyle, XmlDeserializationEvents events)
   at System.Xml.Serialization.XmlSerializer.Deserialize(Stream stream)
   at ChatbotConstructorTelegram.Model.WorkEnvironment.RuntimeSystemManager.GetConfigSystem() in C:\Users\fdkir\OneDrive\Рабочий стол\Диплом\Project\ChatbotConstructorTelegram\ChatbotConstructorTelegram\Model\WorkEnvironment\RuntimeSystemManager.cs:line 70
2023-02-14 15:33:50.4877|INFO|ChatbotConstructorTelegram.Model.WorkEnvironment.RuntimeSystemManager|Статус рабочей среды сериализован| 
2023-02-14 15:33:51.4724|INFO|ChatbotConstructorTelegram.ViewModels.MainWindowViewModel|Главное окно успешно запущено| 
2023-02-14 16:03:22.5460|INFO|ChatbotConstructorTelegram.Model.WorkEnvironment.Environment|Creating virtual environment with command: python -m venv C:\Users\fdkir\OneDrive\Рабочий стол\Диплом\Project\ChatbotConstructorTelegram\ChatbotConstructorTelegram\bin\Debug\net6.0-windows\.Bot\.Bot| 
2023-02-14 16:03:42.4751|INFO|ChatbotConstructorTelegram.Model.WorkEnvironment.Environment|Virtual environment created successfully| 
2023-02-14 16:05:41.7036|INFO|ChatbotConstructorTelegram.Model.WorkEnvironment.RuntimeSystemManager|Статус рабочей среды сериализован| 
2023-02-14 16:05:42.4849|INFO|ChatbotConstructorTelegram.ViewModels.MainWindowViewModel|Главное окно успешно запущено| 
2023-02-14 16:07:17.7093|INFO|ChatbotConstructorTelegram.Model.WorkEnvironment.RuntimeSystemManager|Статус рабочей среды сериализован| 
2023-02-14 16:07:17.7434|INFO|ChatbotConstructorTelegram.ViewModels.MainWindowViewModel|Главное окно успешно запущено| 
2023-02-14 16:09:11.5668|INFO|ChatbotConstructorTelegram.Model.WorkEnvironment.RuntimeSystemManager|Статус рабочей среды сериализован| 
2023-02-14 16:09:11.5950|INFO|ChatbotConstructorTelegram.ViewModels.MainWindowViewModel|Главное окно успешно запущено| 
2023-02-14 16:11:14.4176|INFO|ChatbotConstructorTelegram.Model.WorkEnvironment.RuntimeSystemManager|Статус рабочей среды сериализован| 
2023-02-14 16:11:14.4665|INFO|ChatbotConstructorTelegram.ViewModels.MainWindowViewModel|Главное окно успешно запущено| 
2023-02-14 16:15:06.0240|INFO|ChatbotConstructorTelegram.Model.WorkEnvironment.Environment|Creating virtual environment with command: python -m venv C:\Users\fdkir\OneDrive\Рабочий стол\Диплом\Project\ChatbotConstructorTelegram\ChatbotConstructorTelegram\bin\Debug\net6.0-windows\.Bot\.Bot| 
2023-02-14 16:18:33.4441|INFO|ChatbotConstructorTelegram.Model.WorkEnvironment.Environment|Creating virtual environment with command: python -m venv C:\Users\fdkir\OneDrive\Рабочий стол\Диплом\Project\ChatbotConstructorTelegram\ChatbotConstructorTelegram\bin\Debug\net6.0-windows\.Bot\.Bot| 
2023-02-14 16:21:33.9788|INFO|ChatbotConstructorTelegram.Model.WorkEnvironment.Environment|Virtual environment created successfully| 
2023-02-14 16:29:27.5631|INFO|ChatbotConstructorTelegram.Model.WorkEnvironment.Environment|Creating virtual environment with command: python -m venv .bot| 
2023-02-14 16:31:14.1820|INFO|ChatbotConstructorTelegram.Model.WorkEnvironment.Environment|Creating virtual environment with command: python -m venv .bot| 
2023-02-14 16:31:59.3680|INFO|ChatbotConstructorTelegram.Model.WorkEnvironment.Environment|Virtual environment created successfully| 
2023-02-14 16:33:39.2875|INFO|ChatbotConstructorTelegram.Model.WorkEnvironment.RuntimeSystemManager|Статус рабочей среды сериализован| 
2023-02-14 16:33:39.3123|INFO|ChatbotConstructorTelegram.ViewModels.MainWindowViewModel|Главное окно успешно запущено| 
2023-02-14 16:39:41.0108|INFO|ChatbotConstructorTelegram.Model.WorkEnvironment.RuntimeSystemManager|Статус рабочей среды сериализован| 
2023-02-14 16:39:41.5353|INFO|ChatbotConstructorTelegram.ViewModels.MainWindowViewModel|Главное окно успешно запущено| 
2023-02-14 17:04:19.9854|INFO|ChatbotConstructorTelegram.Model.WorkEnvironment.RuntimeSystemManager|Статус рабочей среды сериализован| 
2023-02-14 17:04:20.0186|INFO|ChatbotConstructorTelegram.ViewModels.MainWindowViewModel|Главное окно успешно запущено| 
