2023-02-10 16:16:35.3856|INFO|ChatbotConstructorTelegram.ViewModels.MainWindowViewModel|Главное окно успешно запущено| 
2023-02-10 16:16:38.8406|INFO|ChatbotConstructorTelegram.Model.ViewData.NoteProject|Проект C:\Users\fdkir\OneDrive\Рабочий стол\Диплом\Project\TestProject\NewDataProjTest\HelloWording.xml передан в окно конструктора| 
2023-02-10 16:16:43.5690|INFO|ChatbotConstructorTelegram.ViewModels.StartBotWindowViewModel|Начальные данные проинициализированны| 
2023-02-10 16:17:01.1238|INFO|ChatbotConstructorTelegram.ViewModels.StartBotWindowViewModel|Процесс запущен| 
2023-02-10 16:18:07.3333|INFO|ChatbotConstructorTelegram.ViewModels.StartBotWindowViewModel|Начальные данные проинициализированны| 
2023-02-10 16:23:24.5415|INFO|ChatbotConstructorTelegram.ViewModels.MainWindowViewModel|Главное окно успешно запущено| 
2023-02-10 16:23:42.6433|INFO|ChatbotConstructorTelegram.ViewModels.MainWindowViewModel|Главное окно успешно запущено| 
2023-02-10 16:23:46.9845|INFO|ChatbotConstructorTelegram.Model.ViewData.NoteProject|Проект C:\Users\fdkir\OneDrive\Рабочий стол\Диплом\Project\TestProject\NewDataProjTest\HelloWording.xml передан в окно конструктора| 
2023-02-10 16:23:50.8304|INFO|ChatbotConstructorTelegram.ViewModels.StartBotWindowViewModel|Начальные данные проинициализированны| 
2023-02-10 16:25:59.3787|INFO|ChatbotConstructorTelegram.ViewModels.MainWindowViewModel|Главное окно успешно запущено| 
2023-02-10 16:26:10.4778|INFO|ChatbotConstructorTelegram.ViewModels.MainWindowViewModel|Главное окно успешно запущено| 
2023-02-10 16:26:13.6277|INFO|ChatbotConstructorTelegram.Model.ViewData.NoteProject|Проект C:\Users\fdkir\OneDrive\Рабочий стол\Диплом\Project\TestProject\NewDataProjTest\HelloWording.xml передан в окно конструктора| 
2023-02-10 16:26:15.4246|INFO|ChatbotConstructorTelegram.ViewModels.StartBotWindowViewModel|Начальные данные проинициализированны| 
2023-02-10 16:29:02.5843|INFO|ChatbotConstructorTelegram.ViewModels.MainWindowViewModel|Главное окно успешно запущено| 
2023-02-10 16:29:05.5611|INFO|ChatbotConstructorTelegram.Model.ViewData.NoteProject|Проект C:\Users\fdkir\OneDrive\Рабочий стол\Диплом\Project\TestProject\NewDataProjTest\HelloWording.xml передан в окно конструктора| 
2023-02-10 16:29:06.7444|INFO|ChatbotConstructorTelegram.ViewModels.StartBotWindowViewModel|Начальные данные проинициализированны| 
2023-02-10 16:29:31.1667|INFO|ChatbotConstructorTelegram.ViewModels.StartBotWindowViewModel|Процесс запущен| 
2023-02-10 16:30:43.4137|INFO|ChatbotConstructorTelegram.ViewModels.MainWindowViewModel|Главное окно успешно запущено| 
2023-02-10 16:30:45.7630|INFO|ChatbotConstructorTelegram.Model.ViewData.NoteProject|Проект C:\Users\fdkir\OneDrive\Рабочий стол\Диплом\Project\TestProject\NewDataProjTest\HelloWording.xml передан в окно конструктора| 
2023-02-10 16:30:47.1785|INFO|ChatbotConstructorTelegram.ViewModels.StartBotWindowViewModel|Начальные данные проинициализированны| 
2023-02-10 16:31:06.8593|INFO|ChatbotConstructorTelegram.ViewModels.StartBotWindowViewModel|Процесс запущен| 
2023-02-10 17:14:31.8557|INFO|ChatbotConstructorTelegram.ViewModels.MainWindowViewModel|Главное окно успешно запущено| 
2023-02-10 17:14:34.0897|INFO|ChatbotConstructorTelegram.Model.ViewData.NoteProject|Проект C:\Users\fdkir\OneDrive\Рабочий стол\Диплом\Project\TestProject\NewDataProjTest\HelloWording.xml передан в окно конструктора| 
2023-02-10 17:14:35.3744|INFO|ChatbotConstructorTelegram.ViewModels.StartBotWindowViewModel|Начальные данные проинициализированны| 
2023-02-10 17:14:42.7247|INFO|ChatbotConstructorTelegram.ViewModels.StartBotWindowViewModel|Процесс запущен| 
2023-02-10 17:17:08.4148|INFO|ChatbotConstructorTelegram.ViewModels.MainWindowViewModel|Главное окно успешно запущено| 
2023-02-10 17:17:12.8359|INFO|ChatbotConstructorTelegram.Model.ViewData.NoteProject|Проект C:\Users\fdkir\OneDrive\Рабочий стол\Диплом\Project\TestProject\NewDataProjTest\HelloWording.xml передан в окно конструктора| 
2023-02-10 17:17:14.1282|INFO|ChatbotConstructorTelegram.ViewModels.StartBotWindowViewModel|Начальные данные проинициализированны| 
2023-02-10 17:17:22.7457|INFO|ChatbotConstructorTelegram.ViewModels.StartBotWindowViewModel|Процесс запущен| 
2023-02-10 17:18:19.4673|INFO|ChatbotConstructorTelegram.ViewModels.MainWindowViewModel|Главное окно успешно запущено| 
2023-02-10 17:18:23.2995|INFO|ChatbotConstructorTelegram.Model.ViewData.NoteProject|Проект C:\Users\fdkir\OneDrive\Рабочий стол\Диплом\Project\TestProject\NewDataProjTest\HelloWording.xml передан в окно конструктора| 
2023-02-10 17:18:24.4010|INFO|ChatbotConstructorTelegram.ViewModels.StartBotWindowViewModel|Начальные данные проинициализированны| 
2023-02-10 17:18:29.7884|INFO|ChatbotConstructorTelegram.ViewModels.StartBotWindowViewModel|Процесс запущен| 
2023-02-10 17:19:25.5679|INFO|ChatbotConstructorTelegram.ViewModels.MainWindowViewModel|Главное окно успешно запущено| 
2023-02-10 17:19:28.9221|INFO|ChatbotConstructorTelegram.Model.ViewData.NoteProject|Проект C:\Users\fdkir\OneDrive\Рабочий стол\Диплом\Project\TestProject\NewDataProjTest\HelloWording.xml передан в окно конструктора| 
2023-02-10 17:19:30.5846|INFO|ChatbotConstructorTelegram.ViewModels.StartBotWindowViewModel|Начальные данные проинициализированны| 
2023-02-10 17:19:33.7365|INFO|ChatbotConstructorTelegram.ViewModels.StartBotWindowViewModel|Процесс запущен| 
2023-02-10 17:22:31.0227|ERROR|ChatbotConstructorTelegram.ViewModels.StartBotWindowViewModel|Пуллинг не удалось остановить| 
2023-02-10 17:27:00.2798|INFO|ChatbotConstructorTelegram.ViewModels.MainWindowViewModel|Главное окно успешно запущено| 
2023-02-10 17:27:03.3216|INFO|ChatbotConstructorTelegram.Model.ViewData.NoteProject|Проект C:\Users\fdkir\OneDrive\Рабочий стол\Диплом\Project\TestProject\NewDataProjTest\HelloWording.xml передан в окно конструктора| 
2023-02-10 17:27:09.2150|INFO|ChatbotConstructorTelegram.ViewModels.StartBotWindowViewModel|Начальные данные проинициализированны| 
2023-02-10 17:27:12.5603|INFO|ChatbotConstructorTelegram.ViewModels.StartBotWindowViewModel|Процесс запущен| 
2023-02-10 17:27:46.3949|ERROR|ChatbotConstructorTelegram.ViewModels.StartBotWindowViewModel|Пуллинг остановлен| 
2023-02-10 18:45:01.5217|INFO|ChatbotConstructorTelegram.ViewModels.MainWindowViewModel|Главное окно успешно запущено| 
2023-02-10 18:45:03.3755|INFO|ChatbotConstructorTelegram.Model.ViewData.NoteProject|Проект C:\Users\fdkir\OneDrive\Рабочий стол\Диплом\Project\TestProject\NewDataProjTest\HelloWording.xml передан в окно конструктора| 
2023-02-10 18:45:04.4652|INFO|ChatbotConstructorTelegram.ViewModels.StartBotWindowViewModel|Начальные данные проинициализированны| 
2023-02-10 18:45:04.4763|INFO|ChatbotConstructorTelegram.ViewModels.StartBotWindowViewModel|Процесс запущен| 
2023-02-10 18:45:46.1076|INFO|ChatbotConstructorTelegram.ViewModels.MainWindowViewModel|Главное окно успешно запущено| 
2023-02-10 18:45:48.1620|INFO|ChatbotConstructorTelegram.Model.ViewData.NoteProject|Проект C:\Users\fdkir\OneDrive\Рабочий стол\Диплом\Project\TestProject\NewDataProjTest\HelloWording.xml передан в окно конструктора| 
2023-02-10 18:45:49.1414|INFO|ChatbotConstructorTelegram.ViewModels.StartBotWindowViewModel|Начальные данные проинициализированны| 
2023-02-10 18:45:49.1514|INFO|ChatbotConstructorTelegram.ViewModels.StartBotWindowViewModel|Процесс запущен| 
2023-02-10 18:47:02.6601|ERROR|ChatbotConstructorTelegram.ViewModels.StartBotWindowViewModel|Пуллинг остановлен| 
2023-02-10 18:47:02.6601|ERROR|ChatbotConstructorTelegram.ViewModels.StartBotWindowViewModel|Пуллинг остановлен| 
2023-02-10 18:47:55.6827|INFO|ChatbotConstructorTelegram.ViewModels.StartBotWindowViewModel|Процесс запущен| 
2023-02-10 18:48:30.3425|ERROR|ChatbotConstructorTelegram.ViewModels.StartBotWindowViewModel|Пуллинг остановлен| 
2023-02-10 18:48:30.3425|ERROR|ChatbotConstructorTelegram.ViewModels.StartBotWindowViewModel|Пуллинг остановлен| 
2023-02-10 21:14:01.5400|INFO|ChatbotConstructorTelegram.ViewModels.MainWindowViewModel|Главное окно успешно запущено| 
2023-02-10 21:14:03.9190|INFO|ChatbotConstructorTelegram.Model.ViewData.NoteProject|Проект C:\Users\fdkir\OneDrive\Рабочий стол\Диплом\Project\TestProject\NewDataProjTest\HelloWording.xml передан в окно конструктора| 
2023-02-10 21:17:48.4604|INFO|ChatbotConstructorTelegram.ViewModels.MainWindowViewModel|Главное окно успешно запущено| 
2023-02-10 21:17:56.5175|INFO|ChatbotConstructorTelegram.Model.ViewData.NoteProject|Проект C:\Users\fdkir\OneDrive\Рабочий стол\Диплом\Project\TestProject\NewDataProjTest\HelloWording.xml передан в окно конструктора| 
2023-02-10 21:18:17.5955|INFO|ChatbotConstructorTelegram.ViewModels.StartBotWindowViewModel|Начальные данные проинициализированны| 
2023-02-10 21:18:17.6069|INFO|ChatbotConstructorTelegram.ViewModels.StartBotWindowViewModel|Процесс запущен| 
2023-02-10 21:18:47.5322|ERROR|ChatbotConstructorTelegram.ViewModels.StartBotWindowViewModel|Пуллинг остановлен| 
2023-02-10 21:18:47.5322|ERROR|ChatbotConstructorTelegram.ViewModels.StartBotWindowViewModel|Пуллинг остановлен| 
2023-02-10 21:19:26.7913|INFO|ChatbotConstructorTelegram.ViewModels.StartBotWindowViewModel|Процесс запущен| 
2023-02-10 21:20:24.8470|ERROR|ChatbotConstructorTelegram.ViewModels.StartBotWindowViewModel|Пуллинг остановлен| 
2023-02-10 21:30:08.6568|ERROR|ChatbotConstructorTelegram.ViewModels.StartBotWindowViewModel|Пуллинг остановлен| 
2023-02-10 21:30:26.1740|INFO|ChatbotConstructorTelegram.ViewModels.StartBotWindowViewModel|Процесс запущен| 
2023-02-10 21:31:05.0295|INFO|ChatbotConstructorTelegram.ViewModels.MainWindowViewModel|Главное окно успешно запущено| 
2023-02-10 21:31:07.3438|INFO|ChatbotConstructorTelegram.Model.ViewData.NoteProject|Проект C:\Users\fdkir\OneDrive\Рабочий стол\Диплом\Project\TestProject\NewDataProjTest\HelloWording.xml передан в окно конструктора| 
2023-02-10 21:31:17.1631|INFO|ChatbotConstructorTelegram.ViewModels.StartBotWindowViewModel|Начальные данные проинициализированны| 
2023-02-10 21:31:17.1631|INFO|ChatbotConstructorTelegram.ViewModels.StartBotWindowViewModel|Процесс запущен| 
2023-02-10 21:32:06.3322|ERROR|ChatbotConstructorTelegram.ViewModels.StartBotWindowViewModel|Пуллинг остановлен| 
2023-02-10 21:32:06.3322|ERROR|ChatbotConstructorTelegram.ViewModels.StartBotWindowViewModel|Пуллинг остановлен| 
2023-02-10 21:32:24.6680|INFO|ChatbotConstructorTelegram.ViewModels.MainWindowViewModel|Главное окно успешно запущено| 
2023-02-10 21:32:26.8935|INFO|ChatbotConstructorTelegram.Model.ViewData.NoteProject|Проект C:\Users\fdkir\OneDrive\Рабочий стол\Диплом\Project\TestProject\NewDataProjTest\HelloWording.xml передан в окно конструктора| 
2023-02-10 21:32:27.8150|INFO|ChatbotConstructorTelegram.ViewModels.StartBotWindowViewModel|Начальные данные проинициализированны| 
2023-02-10 21:32:27.8248|INFO|ChatbotConstructorTelegram.ViewModels.StartBotWindowViewModel|Процесс запущен| 
2023-02-10 21:32:59.4151|ERROR|ChatbotConstructorTelegram.ViewModels.StartBotWindowViewModel|Пуллинг остановлен| 
2023-02-10 21:33:25.7489|INFO|ChatbotConstructorTelegram.ViewModels.MainWindowViewModel|Главное окно успешно запущено| 
2023-02-10 21:33:28.0195|INFO|ChatbotConstructorTelegram.Model.ViewData.NoteProject|Проект C:\Users\fdkir\OneDrive\Рабочий стол\Диплом\Project\TestProject\NewDataProjTest\HelloWording.xml передан в окно конструктора| 
2023-02-10 21:33:28.8893|INFO|ChatbotConstructorTelegram.ViewModels.StartBotWindowViewModel|Начальные данные проинициализированны| 
2023-02-10 21:33:28.9008|INFO|ChatbotConstructorTelegram.ViewModels.StartBotWindowViewModel|Процесс запущен| 
2023-02-10 21:35:43.6250|ERROR|ChatbotConstructorTelegram.ViewModels.StartBotWindowViewModel|Пуллинг остановлен| 
2023-02-10 21:35:46.9288|ERROR|ChatbotConstructorTelegram.ViewModels.StartBotWindowViewModel|Пуллинг остановлен| 
2023-02-10 21:36:02.6294|INFO|ChatbotConstructorTelegram.ViewModels.StartBotWindowViewModel|Процесс запущен| 
2023-02-10 21:36:26.7160|ERROR|ChatbotConstructorTelegram.ViewModels.StartBotWindowViewModel|Пуллинг остановлен| 
2023-02-10 21:37:55.1017|INFO|ChatbotConstructorTelegram.ViewModels.MainWindowViewModel|Главное окно успешно запущено| 
2023-02-10 21:37:57.3840|INFO|ChatbotConstructorTelegram.Model.ViewData.NoteProject|Проект C:\Users\fdkir\OneDrive\Рабочий стол\Диплом\Project\TestProject\NewDataProjTest\HelloWording.xml передан в окно конструктора| 
2023-02-10 21:37:58.2494|INFO|ChatbotConstructorTelegram.ViewModels.StartBotWindowViewModel|Начальные данные проинициализированны| 
2023-02-10 21:37:58.2641|INFO|ChatbotConstructorTelegram.ViewModels.StartBotWindowViewModel|Процесс запущен| 
2023-02-10 21:38:19.6812|ERROR|ChatbotConstructorTelegram.ViewModels.StartBotWindowViewModel|Пуллинг остановлен| 
2023-02-10 21:38:28.7381|INFO|ChatbotConstructorTelegram.ViewModels.StartBotWindowViewModel|Процесс запущен| 
2023-02-10 21:39:10.2504|ERROR|ChatbotConstructorTelegram.ViewModels.StartBotWindowViewModel|Пуллинг остановлен| 
2023-02-10 21:39:20.3396|INFO|ChatbotConstructorTelegram.ViewModels.StartBotWindowViewModel|Процесс запущен| 
2023-02-10 21:39:41.7877|ERROR|ChatbotConstructorTelegram.ViewModels.StartBotWindowViewModel|Пуллинг остановлен| 
2023-02-10 21:42:27.0761|INFO|ChatbotConstructorTelegram.ViewModels.MainWindowViewModel|Главное окно успешно запущено| 
2023-02-10 21:42:28.9866|INFO|ChatbotConstructorTelegram.Model.ViewData.NoteProject|Проект C:\Users\fdkir\OneDrive\Рабочий стол\Диплом\Project\TestProject\NewDataProjTest\HelloWording.xml передан в окно конструктора| 
2023-02-10 21:42:29.7755|INFO|ChatbotConstructorTelegram.ViewModels.StartBotWindowViewModel|Начальные данные проинициализированны| 
2023-02-10 21:42:29.7841|INFO|ChatbotConstructorTelegram.ViewModels.StartBotWindowViewModel|Процесс запущен| 
2023-02-10 21:42:50.9232|ERROR|ChatbotConstructorTelegram.ViewModels.StartBotWindowViewModel|Пуллинг остановлен| 
2023-02-10 23:18:52.4359|INFO|ChatbotConstructorTelegram.ViewModels.MainWindowViewModel|Главное окно успешно запущено| 
2023-02-10 23:18:54.4741|INFO|ChatbotConstructorTelegram.Model.ViewData.NoteProject|Проект C:\Users\fdkir\OneDrive\Рабочий стол\Диплом\Project\TestProject\NewDataProjTest\HelloWording.xml передан в окно конструктора| 
2023-02-10 23:18:55.8842|INFO|ChatbotConstructorTelegram.ViewModels.StartBotWindowViewModel|Начальные данные проинициализированны| 
2023-02-10 23:19:14.8592|INFO|ChatbotConstructorTelegram.ViewModels.MainWindowViewModel|Главное окно успешно запущено| 
2023-02-10 23:19:17.1610|INFO|ChatbotConstructorTelegram.Model.ViewData.NoteProject|Проект C:\Users\fdkir\OneDrive\Рабочий стол\Диплом\Project\TestProject\NewDataProjTest\HelloWording.xml передан в окно конструктора| 
2023-02-10 23:19:25.6113|INFO|ChatbotConstructorTelegram.ViewModels.StartBotWindowViewModel|Начальные данные проинициализированны| 
2023-02-10 23:19:25.6403|INFO|ChatbotConstructorTelegram.ViewModels.StartBotWindowViewModel|Процесс запущен| 
2023-02-10 23:19:47.2089|ERROR|ChatbotConstructorTelegram.ViewModels.StartBotWindowViewModel|Пуллинг остановлен| 
2023-02-10 23:20:25.6602|INFO|ChatbotConstructorTelegram.ViewModels.StartBotWindowViewModel|Процесс запущен| 
2023-02-10 23:21:08.0649|ERROR|ChatbotConstructorTelegram.ViewModels.StartBotWindowViewModel|Пуллинг остановлен| 
2023-02-10 23:21:29.6085|INFO|ChatbotConstructorTelegram.ViewModels.StartBotWindowViewModel|Процесс запущен| 
2023-02-10 23:21:50.8971|ERROR|ChatbotConstructorTelegram.ViewModels.StartBotWindowViewModel|Пуллинг остановлен| 
2023-02-10 23:22:32.5134|INFO|ChatbotConstructorTelegram.ViewModels.StartBotWindowViewModel|Процесс запущен| 
2023-02-10 23:22:53.8227|ERROR|ChatbotConstructorTelegram.ViewModels.StartBotWindowViewModel|Пуллинг остановлен| 
2023-02-10 23:31:52.5922|INFO|ChatbotConstructorTelegram.ViewModels.MainWindowViewModel|Главное окно успешно запущено| 
2023-02-10 23:31:54.5044|INFO|ChatbotConstructorTelegram.Model.ViewData.NoteProject|Проект C:\Users\fdkir\OneDrive\Рабочий стол\Диплом\Project\TestProject\NewDataProjTest\HelloWording.xml передан в окно конструктора| 
2023-02-10 23:31:55.4967|INFO|ChatbotConstructorTelegram.ViewModels.StartBotWindowViewModel|Начальные данные проинициализированны| 
2023-02-10 23:31:55.5088|INFO|ChatbotConstructorTelegram.ViewModels.StartBotWindowViewModel|Процесс запущен| 
2023-02-10 23:33:00.9345|INFO|ChatbotConstructorTelegram.ViewModels.MainWindowViewModel|Главное окно успешно запущено| 
2023-02-10 23:33:02.9973|INFO|ChatbotConstructorTelegram.Model.ViewData.NoteProject|Проект C:\Users\fdkir\OneDrive\Рабочий стол\Диплом\Project\TestProject\NewDataProjTest\HelloWording.xml передан в окно конструктора| 
2023-02-10 23:33:04.3144|INFO|ChatbotConstructorTelegram.ViewModels.StartBotWindowViewModel|Начальные данные проинициализированны| 
2023-02-10 23:33:04.3266|INFO|ChatbotConstructorTelegram.ViewModels.StartBotWindowViewModel|Процесс запущен| 
2023-02-10 23:33:08.2201|ERROR|ChatbotConstructorTelegram.ViewModels.StartBotWindowViewModel|Пуллинг остановлен| 
2023-02-10 23:33:53.2704|INFO|ChatbotConstructorTelegram.ViewModels.StartBotWindowViewModel|Процесс запущен| 
2023-02-10 23:33:54.9324|ERROR|ChatbotConstructorTelegram.ViewModels.StartBotWindowViewModel|Пуллинг остановлен| 
2023-02-10 23:34:49.9106|INFO|ChatbotConstructorTelegram.ViewModels.MainWindowViewModel|Главное окно успешно запущено| 
2023-02-10 23:34:51.8196|INFO|ChatbotConstructorTelegram.Model.ViewData.NoteProject|Проект C:\Users\fdkir\OneDrive\Рабочий стол\Диплом\Project\TestProject\NewDataProjTest\HelloWording.xml передан в окно конструктора| 
2023-02-10 23:34:53.0873|INFO|ChatbotConstructorTelegram.ViewModels.StartBotWindowViewModel|Начальные данные проинициализированны| 
2023-02-10 23:34:53.0976|INFO|ChatbotConstructorTelegram.ViewModels.StartBotWindowViewModel|Процесс запущен| 
2023-02-10 23:34:58.3445|ERROR|ChatbotConstructorTelegram.ViewModels.StartBotWindowViewModel|Пуллинг остановлен| 
2023-02-10 23:35:09.5284|INFO|ChatbotConstructorTelegram.ViewModels.StartBotWindowViewModel|Процесс запущен| 
2023-02-10 23:35:57.9660|ERROR|ChatbotConstructorTelegram.ViewModels.StartBotWindowViewModel|Пуллинг остановлен| 
2023-02-10 23:36:20.7519|INFO|ChatbotConstructorTelegram.ViewModels.StartBotWindowViewModel|Процесс запущен| 
2023-02-10 23:36:57.2477|ERROR|ChatbotConstructorTelegram.ViewModels.StartBotWindowViewModel|Пуллинг остановлен| 
2023-02-10 23:39:09.4578|INFO|ChatbotConstructorTelegram.ViewModels.MainWindowViewModel|Главное окно успешно запущено| 
2023-02-10 23:39:11.7399|INFO|ChatbotConstructorTelegram.Model.ViewData.NoteProject|Проект C:\Users\fdkir\OneDrive\Рабочий стол\Диплом\Project\TestProject\NewDataProjTest\HelloWording.xml передан в окно конструктора| 
2023-02-10 23:39:12.9756|INFO|ChatbotConstructorTelegram.ViewModels.StartBotWindowViewModel|Начальные данные проинициализированны| 
2023-02-10 23:39:12.9756|INFO|ChatbotConstructorTelegram.ViewModels.StartBotWindowViewModel|Процесс запущен| 
2023-02-10 23:39:52.7742|INFO|ChatbotConstructorTelegram.ViewModels.MainWindowViewModel|Главное окно успешно запущено| 
2023-02-10 23:39:59.4370|INFO|ChatbotConstructorTelegram.Model.ViewData.NoteProject|Проект C:\Users\fdkir\OneDrive\Рабочий стол\Диплом\Project\TestProject\NewDataProjTest\HelloWording.xml передан в окно конструктора| 
2023-02-10 23:40:00.3125|INFO|ChatbotConstructorTelegram.ViewModels.StartBotWindowViewModel|Начальные данные проинициализированны| 
2023-02-10 23:40:00.3221|INFO|ChatbotConstructorTelegram.ViewModels.StartBotWindowViewModel|Процесс запущен| 
2023-02-10 23:40:21.4947|ERROR|ChatbotConstructorTelegram.ViewModels.StartBotWindowViewModel|Пуллинг остановлен| 
