2023-03-18 14:06:21.2944|INFO|ChatbotConstructorTelegram.Model.WorkEnvironment.RuntimeSystemManager|Статус рабочей среды сериализован| 
2023-03-18 14:06:21.3312|INFO|ChatbotConstructorTelegram.ViewModels.MainWindowViewModel|Главное окно успешно запущено| 
2023-03-18 14:06:24.4679|INFO|ChatbotConstructorTelegram.Model.ViewData.NoteProject|Проект C:\Users\fdkir\OneDrive\Рабочий стол\Диплом\Project\TestProject\NewDataProjTest\HelloWording.xml передан в окно конструктора| 
2023-03-18 14:06:58.9757|ERROR|ChatbotConstructorTelegram.Infrastructure.BotCodeGenerator|System.OutOfMemoryException: Insufficient memory to continue the execution of the program.| System.OutOfMemoryException: Insufficient memory to continue the execution of the program.
   at System.Text.StringBuilder.ExpandByABlock(Int32 minBlockCharCount)
   at System.Text.StringBuilder.Append(Char* value, Int32 valueCount)
   at System.Text.StringBuilder.AppendHelper(String value)
   at System.Text.StringBuilder.Append(String value)
   at ChatbotConstructorTelegram.Infrastructure.Python.GeneratorButtons.GetCodeInlineButtons(List`1 inlineButtons, Int32 countButtonInLine) in C:\Users\fdkir\OneDrive\Рабочий стол\Диплом\Project\ChatbotConstructorTelegram\ChatbotConstructorTelegram\Infrastructure\Python\Generators\GeneratorButtons.cs:line 36
   at ChatbotConstructorTelegram.Infrastructure.Python.Formation.InlineButton.GenerateButtons() in C:\Users\fdkir\OneDrive\Рабочий стол\Диплом\Project\ChatbotConstructorTelegram\ChatbotConstructorTelegram\Infrastructure\Python\Formation\InlineButton.cs:line 258
   at ChatbotConstructorTelegram.Infrastructure.Python.Formation.InlineButton.GenerateFunc() in C:\Users\fdkir\OneDrive\Рабочий стол\Диплом\Project\ChatbotConstructorTelegram\ChatbotConstructorTelegram\Infrastructure\Python\Formation\InlineButton.cs:line 36
   at ChatbotConstructorTelegram.Infrastructure.BotCodeGenerator.<GenerateButtonParallel>b__11_0(ButtonBotBase button) in C:\Users\fdkir\OneDrive\Рабочий стол\Диплом\Project\ChatbotConstructorTelegram\ChatbotConstructorTelegram\Infrastructure\BotCodeGenerator.cs:line 93
   at System.Threading.Tasks.Parallel.<>c__DisplayClass33_0`2.<ForEachWorker>b__0(Int32 i)
   at System.Threading.Tasks.Parallel.<>c__DisplayClass19_0`1.<ForWorker>b__1(RangeWorker& currentWorker, Int32 timeout, Boolean& replicationDelegateYieldedBeforeCompletion)
--- End of stack trace from previous location ---
   at System.Threading.Tasks.Parallel.<>c__DisplayClass19_0`1.<ForWorker>b__1(RangeWorker& currentWorker, Int32 timeout, Boolean& replicationDelegateYieldedBeforeCompletion)
   at System.Threading.Tasks.TaskReplicator.Replica.Execute()
2023-03-18 14:08:04.0338|ERROR|ChatbotConstructorTelegram.Infrastructure.BotCodeGenerator|System.OutOfMemoryException: Insufficient memory to continue the execution of the program.| System.OutOfMemoryException: Insufficient memory to continue the execution of the program.
   at System.Text.StringBuilder.ExpandByABlock(Int32 minBlockCharCount)
   at System.Text.StringBuilder.Append(Char* value, Int32 valueCount)
   at System.Text.StringBuilder.AppendHelper(String value)
   at System.Text.StringBuilder.Append(String value)
   at ChatbotConstructorTelegram.Infrastructure.Python.GeneratorButtons.GetCodeInlineButtons(List`1 inlineButtons, Int32 countButtonInLine) in C:\Users\fdkir\OneDrive\Рабочий стол\Диплом\Project\ChatbotConstructorTelegram\ChatbotConstructorTelegram\Infrastructure\Python\Generators\GeneratorButtons.cs:line 36
   at ChatbotConstructorTelegram.Infrastructure.Python.Formation.InlineButton.GenerateButtons() in C:\Users\fdkir\OneDrive\Рабочий стол\Диплом\Project\ChatbotConstructorTelegram\ChatbotConstructorTelegram\Infrastructure\Python\Formation\InlineButton.cs:line 258
   at ChatbotConstructorTelegram.Infrastructure.Python.Formation.InlineButton.GenerateFunc() in C:\Users\fdkir\OneDrive\Рабочий стол\Диплом\Project\ChatbotConstructorTelegram\ChatbotConstructorTelegram\Infrastructure\Python\Formation\InlineButton.cs:line 36
   at ChatbotConstructorTelegram.Infrastructure.BotCodeGenerator.<GenerateButtonParallel>b__11_0(ButtonBotBase button) in C:\Users\fdkir\OneDrive\Рабочий стол\Диплом\Project\ChatbotConstructorTelegram\ChatbotConstructorTelegram\Infrastructure\BotCodeGenerator.cs:line 93
   at System.Threading.Tasks.Parallel.<>c__DisplayClass33_0`2.<ForEachWorker>b__0(Int32 i)
   at System.Threading.Tasks.Parallel.<>c__DisplayClass19_0`1.<ForWorker>b__1(RangeWorker& currentWorker, Int32 timeout, Boolean& replicationDelegateYieldedBeforeCompletion)
--- End of stack trace from previous location ---
   at System.Threading.Tasks.Parallel.<>c__DisplayClass19_0`1.<ForWorker>b__1(RangeWorker& currentWorker, Int32 timeout, Boolean& replicationDelegateYieldedBeforeCompletion)
   at System.Threading.Tasks.TaskReplicator.Replica.Execute()
2023-03-18 14:11:04.9723|ERROR|ChatbotConstructorTelegram.Infrastructure.BotCodeGenerator|System.OutOfMemoryException: Insufficient memory to continue the execution of the program.| System.OutOfMemoryException: Insufficient memory to continue the execution of the program.
   at System.Text.StringBuilder.ExpandByABlock(Int32 minBlockCharCount)
   at System.Text.StringBuilder.Append(Char* value, Int32 valueCount)
   at System.Text.StringBuilder.AppendHelper(String value)
   at System.Text.StringBuilder.Append(String value)
   at ChatbotConstructorTelegram.Infrastructure.Python.GeneratorButtons.GetCodeInlineButtons(List`1 inlineButtons, Int32 countButtonInLine) in C:\Users\fdkir\OneDrive\Рабочий стол\Диплом\Project\ChatbotConstructorTelegram\ChatbotConstructorTelegram\Infrastructure\Python\Generators\GeneratorButtons.cs:line 36
   at ChatbotConstructorTelegram.Infrastructure.Python.Formation.InlineButton.GenerateButtons() in C:\Users\fdkir\OneDrive\Рабочий стол\Диплом\Project\ChatbotConstructorTelegram\ChatbotConstructorTelegram\Infrastructure\Python\Formation\InlineButton.cs:line 258
   at ChatbotConstructorTelegram.Infrastructure.Python.Formation.InlineButton.GenerateFunc() in C:\Users\fdkir\OneDrive\Рабочий стол\Диплом\Project\ChatbotConstructorTelegram\ChatbotConstructorTelegram\Infrastructure\Python\Formation\InlineButton.cs:line 36
   at ChatbotConstructorTelegram.Infrastructure.BotCodeGenerator.<GenerateButtonParallel>b__11_0(ButtonBotBase button) in C:\Users\fdkir\OneDrive\Рабочий стол\Диплом\Project\ChatbotConstructorTelegram\ChatbotConstructorTelegram\Infrastructure\BotCodeGenerator.cs:line 93
   at System.Threading.Tasks.Parallel.<>c__DisplayClass33_0`2.<ForEachWorker>b__0(Int32 i)
   at System.Threading.Tasks.Parallel.<>c__DisplayClass19_0`1.<ForWorker>b__1(RangeWorker& currentWorker, Int32 timeout, Boolean& replicationDelegateYieldedBeforeCompletion)
--- End of stack trace from previous location ---
   at System.Threading.Tasks.Parallel.<>c__DisplayClass19_0`1.<ForWorker>b__1(RangeWorker& currentWorker, Int32 timeout, Boolean& replicationDelegateYieldedBeforeCompletion)
   at System.Threading.Tasks.TaskReplicator.Replica.Execute()
2023-03-18 14:16:56.0503|INFO|ChatbotConstructorTelegram.Infrastructure.Manager.FileProjectManager|Проект сериализован| 
2023-03-18 14:22:34.1496|INFO|ChatbotConstructorTelegram.Infrastructure.Manager.FileProjectManager|Проект сериализован| 
2023-03-18 13:45:57.1941|INFO|ChatbotConstructorTelegram.Model.WorkEnvironment.RuntimeSystemManager|Статус рабочей среды сериализован| 
2023-03-18 13:45:57.2446|INFO|ChatbotConstructorTelegram.ViewModels.MainWindowViewModel|Главное окно успешно запущено| 
2023-03-18 15:17:00.6059|INFO|ChatbotConstructorTelegram.Model.WorkEnvironment.RuntimeSystemManager|Статус рабочей среды сериализован| 
2023-03-18 15:17:00.6544|INFO|ChatbotConstructorTelegram.ViewModels.MainWindowViewModel|Главное окно успешно запущено| 
2023-03-18 15:17:12.6026|INFO|ChatbotConstructorTelegram.Model.WorkEnvironment.RuntimeSystemManager|Статус рабочей среды сериализован| 
2023-03-18 15:17:12.6389|INFO|ChatbotConstructorTelegram.ViewModels.MainWindowViewModel|Главное окно успешно запущено| 
2023-03-18 15:17:27.7066|INFO|ChatbotConstructorTelegram.Model.ViewData.NoteProject|Проект C:\Users\fdkir\OneDrive\Рабочий стол\Диплом\Project\TestProject\NewDataProjTest\HelloWording.xml передан в окно конструктора| 
2023-03-18 15:22:35.7213|INFO|ChatbotConstructorTelegram.Model.WorkEnvironment.RuntimeSystemManager|Статус рабочей среды сериализован| 
2023-03-18 15:22:35.7499|INFO|ChatbotConstructorTelegram.ViewModels.MainWindowViewModel|Главное окно успешно запущено| 
2023-03-18 15:22:38.2917|INFO|ChatbotConstructorTelegram.Model.ViewData.NoteProject|Проект C:\Users\fdkir\OneDrive\Рабочий стол\Диплом\Project\TestProject\NewDataProjTest\HelloWording.xml передан в окно конструктора| 
2023-03-18 15:23:50.9954|INFO|ChatbotConstructorTelegram.Infrastructure.Manager.FileProjectManager|Проект сериализован| 
2023-03-18 14:55:28.9981|INFO|ChatbotConstructorTelegram.Model.WorkEnvironment.RuntimeSystemManager|Статус рабочей среды сериализован| 
2023-03-18 14:55:29.0260|INFO|ChatbotConstructorTelegram.ViewModels.MainWindowViewModel|Главное окно успешно запущено| 
2023-03-18 14:55:31.3484|INFO|ChatbotConstructorTelegram.Model.ViewData.NoteProject|Проект C:\Users\fdkir\OneDrive\Рабочий стол\Диплом\Project\TestProject\NewDataProjTest\HelloWording.xml передан в окно конструктора| 
2023-03-18 14:55:47.9469|INFO|ChatbotConstructorTelegram.Infrastructure.Manager.FileProjectManager|Проект сериализован| 
2023-03-18 14:56:00.6953|INFO|ChatbotConstructorTelegram.Infrastructure.Manager.FileProjectManager|Проект сериализован| 
2023-03-18 14:56:04.6438|INFO|ChatbotConstructorTelegram.Model.WorkEnvironment.RuntimeSystemManager|Статус рабочей среды сериализован| 
2023-03-18 14:56:04.6836|INFO|ChatbotConstructorTelegram.ViewModels.MainWindowViewModel|Главное окно успешно запущено| 
2023-03-18 14:56:07.2524|INFO|ChatbotConstructorTelegram.Model.ViewData.NoteProject|Проект C:\Users\fdkir\OneDrive\Рабочий стол\Диплом\Project\TestProject\NewDataProjTest\HelloWording.xml передан в окно конструктора| 
2023-03-18 15:29:24.4380|INFO|ChatbotConstructorTelegram.Model.WorkEnvironment.RuntimeSystemManager|Статус рабочей среды сериализован| 
2023-03-18 15:29:24.4930|INFO|ChatbotConstructorTelegram.ViewModels.MainWindowViewModel|Главное окно успешно запущено| 
2023-03-18 15:29:27.1373|INFO|ChatbotConstructorTelegram.Model.ViewData.NoteProject|Проект C:\Users\fdkir\OneDrive\Рабочий стол\Диплом\Project\TestProject\NewDataProjTest\HelloWording.xml передан в окно конструктора| 
2023-03-18 15:35:38.5848|INFO|ChatbotConstructorTelegram.Model.WorkEnvironment.RuntimeSystemManager|Статус рабочей среды сериализован| 
2023-03-18 15:35:38.6117|INFO|ChatbotConstructorTelegram.ViewModels.MainWindowViewModel|Главное окно успешно запущено| 
2023-03-18 15:35:41.1859|INFO|ChatbotConstructorTelegram.Model.ViewData.NoteProject|Проект C:\Users\fdkir\OneDrive\Рабочий стол\Диплом\Project\TestProject\NewDataProjTest\HelloWording.xml передан в окно конструктора| 
2023-03-18 15:53:22.5320|INFO|ChatbotConstructorTelegram.Model.WorkEnvironment.RuntimeSystemManager|Статус рабочей среды сериализован| 
2023-03-18 15:53:22.5736|INFO|ChatbotConstructorTelegram.ViewModels.MainWindowViewModel|Главное окно успешно запущено| 
2023-03-18 15:53:25.0403|INFO|ChatbotConstructorTelegram.Model.ViewData.NoteProject|Проект C:\Users\fdkir\OneDrive\Рабочий стол\Диплом\Project\TestProject\NewDataProjTest\HelloWording.xml передан в окно конструктора| 
2023-03-18 15:54:51.0274|INFO|ChatbotConstructorTelegram.Model.WorkEnvironment.RuntimeSystemManager|Статус рабочей среды сериализован| 
2023-03-18 15:54:51.0655|INFO|ChatbotConstructorTelegram.ViewModels.MainWindowViewModel|Главное окно успешно запущено| 
2023-03-18 15:54:53.5720|INFO|ChatbotConstructorTelegram.Model.ViewData.NoteProject|Проект C:\Users\fdkir\OneDrive\Рабочий стол\Диплом\Project\TestProject\NewDataProjTest\HelloWording.xml передан в окно конструктора| 
2023-03-18 15:55:36.1624|INFO|ChatbotConstructorTelegram.Model.WorkEnvironment.RuntimeSystemManager|Статус рабочей среды сериализован| 
2023-03-18 15:55:36.1956|INFO|ChatbotConstructorTelegram.ViewModels.MainWindowViewModel|Главное окно успешно запущено| 
2023-03-18 15:55:38.5405|INFO|ChatbotConstructorTelegram.Model.ViewData.NoteProject|Проект C:\Users\fdkir\OneDrive\Рабочий стол\Диплом\Project\TestProject\NewDataProjTest\HelloWording.xml передан в окно конструктора| 
2023-03-18 15:56:05.1081|INFO|ChatbotConstructorTelegram.Model.WorkEnvironment.RuntimeSystemManager|Статус рабочей среды сериализован| 
2023-03-18 15:56:05.1316|INFO|ChatbotConstructorTelegram.ViewModels.MainWindowViewModel|Главное окно успешно запущено| 
2023-03-18 15:56:07.3188|INFO|ChatbotConstructorTelegram.Model.ViewData.NoteProject|Проект C:\Users\fdkir\OneDrive\Рабочий стол\Диплом\Project\TestProject\NewDataProjTest\HelloWording.xml передан в окно конструктора| 
2023-03-18 15:56:26.4691|INFO|ChatbotConstructorTelegram.Model.WorkEnvironment.RuntimeSystemManager|Статус рабочей среды сериализован| 
2023-03-18 15:56:26.4963|INFO|ChatbotConstructorTelegram.ViewModels.MainWindowViewModel|Главное окно успешно запущено| 
2023-03-18 15:56:28.5327|INFO|ChatbotConstructorTelegram.Model.ViewData.NoteProject|Проект C:\Users\fdkir\OneDrive\Рабочий стол\Диплом\Project\TestProject\NewDataProjTest\HelloWording.xml передан в окно конструктора| 
2023-03-18 16:06:19.6309|INFO|ChatbotConstructorTelegram.Model.WorkEnvironment.RuntimeSystemManager|Статус рабочей среды сериализован| 
2023-03-18 16:06:19.6537|INFO|ChatbotConstructorTelegram.ViewModels.MainWindowViewModel|Главное окно успешно запущено| 
2023-03-18 16:06:22.0498|INFO|ChatbotConstructorTelegram.Model.ViewData.NoteProject|Проект C:\Users\fdkir\OneDrive\Рабочий стол\Диплом\Project\TestProject\NewDataProjTest\HelloWording.xml передан в окно конструктора| 
2023-03-18 16:09:06.0983|INFO|ChatbotConstructorTelegram.Model.WorkEnvironment.RuntimeSystemManager|Статус рабочей среды сериализован| 
2023-03-18 16:09:06.1335|INFO|ChatbotConstructorTelegram.ViewModels.MainWindowViewModel|Главное окно успешно запущено| 
2023-03-18 16:09:08.9031|INFO|ChatbotConstructorTelegram.Model.ViewData.NoteProject|Проект C:\Users\fdkir\OneDrive\Рабочий стол\Диплом\Project\TestProject\NewDataProjTest\HelloWording.xml передан в окно конструктора| 
2023-03-18 16:09:59.7885|INFO|ChatbotConstructorTelegram.Infrastructure.Manager.FileProjectManager|Проект сериализован| 
2023-03-18 16:10:02.8534|INFO|ChatbotConstructorTelegram.Infrastructure.Manager.FileProjectManager|Проект сериализован| 
